#
# There is insufficient memory for the Java Runtime Environment to continue.
# Native memory allocation (malloc) failed to allocate 128974848 bytes for committing reserved memory.
# Possible reasons:
#   The system is out of physical RAM or swap space
#   In 32 bit mode, the process size limit was hit
# Possible solutions:
#   Reduce memory load on the system
#   Increase physical memory or swap space
#   Check if swap backing store is full
#   Use 64 bit Java on a 64 bit OS
#   Decrease Java heap size (-Xmx/-Xms)
#   Decrease number of Java threads
#   Decrease Java thread stack sizes (-Xss)
#   Set larger code cache with -XX:ReservedCodeCacheSize=
# This output file may be truncated or incomplete.
#
#  Out of Memory Error (os_linux.cpp:2827), pid=6069, tid=139786446489344
#
# JRE version: OpenJDK Runtime Environment (7.0_91-b02) (build 1.7.0_91-b02)
# Java VM: OpenJDK 64-Bit Server VM (24.91-b01 mixed mode linux-amd64 compressed oops)
# Derivative: IcedTea 2.6.3
# Distribution: Ubuntu 14.04 LTS, package 7u91-2.6.3-0ubuntu0.14.04.1
# Failed to write core dump. Core dumps have been disabled. To enable core dumping, try "ulimit -c unlimited" before starting Java again
#

---------------  T H R E A D  ---------------

Current thread (0x00007f229c077000):  VMThread [stack: 0x00007f22916cc000,0x00007f22917cd000] [id=6079]

Stack: [0x00007f22916cc000,0x00007f22917cd000],  sp=0x00007f22917cb490,  free space=1021k
Native frames: (J=compiled Java code, j=interpreted, Vv=VM code, C=native code)
V  [libjvm.so+0x953e15]  VMError::report_and_die()+0x175
V  [libjvm.so+0x48fd94]  report_vm_out_of_memory(char const*, int, unsigned long, char const*)+0x74
V  [libjvm.so+0x7cf87b]  os::pd_commit_memory(char*, unsigned long, unsigned long, bool)+0xeb
V  [libjvm.so+0x7ca33f]  os::commit_memory(char*, unsigned long, unsigned long, bool)+0x1f
V  [libjvm.so+0x83dacb]  PSVirtualSpace::expand_by(unsigned long)+0x5b
V  [libjvm.so+0x83e930]  PSYoungGen::resize_generation(unsigned long, unsigned long)+0xb0
V  [libjvm.so+0x83f01b]  PSYoungGen::resize(unsigned long, unsigned long)+0x1b
V  [libjvm.so+0x83b258]  PSScavenge::invoke_no_policy()+0xd68
V  [libjvm.so+0x83bac8]  PSScavenge::invoke()+0x38
V  [libjvm.so+0x7f2083]  ParallelScavengeHeap::failed_mem_allocate(unsigned long)+0x63
V  [libjvm.so+0x955814]  VM_ParallelGCFailedAllocation::doit()+0x84
V  [libjvm.so+0x959917]  VM_Operation::evaluate()+0x47
V  [libjvm.so+0x9583d8]  VMThread::evaluate_operation(VM_Operation*)+0x318
V  [libjvm.so+0x958839]  VMThread::loop()+0x219
V  [libjvm.so+0x958c82]  VMThread::run()+0x72
V  [libjvm.so+0x7cc742]  java_start(Thread*)+0xf2

VM_Operation (0x00007f22a3f40520): ParallelGCFailedAllocation, mode: safepoint, requested by thread 0x00007f229c00b800


---------------  P R O C E S S  ---------------

Java Threads: ( => current thread )
  0x00007f229c0b0000 JavaThread "Service Thread" daemon [_thread_blocked, id=6085, stack(0x00007f22909e4000,0x00007f2290ae5000)]
  0x00007f229c0ad800 JavaThread "C2 CompilerThread1" daemon [_thread_blocked, id=6084, stack(0x00007f2290ae5000,0x00007f2290be6000)]
  0x00007f229c0aa800 JavaThread "C2 CompilerThread0" daemon [_thread_blocked, id=6083, stack(0x00007f2290be6000,0x00007f2290ce7000)]
  0x00007f229c0a8800 JavaThread "Signal Dispatcher" daemon [_thread_blocked, id=6082, stack(0x00007f2290ce7000,0x00007f2290de8000)]
  0x00007f229c07d800 JavaThread "Finalizer" daemon [_thread_blocked, id=6081, stack(0x00007f22914ca000,0x00007f22915cb000)]
  0x00007f229c07b800 JavaThread "Reference Handler" daemon [_thread_blocked, id=6080, stack(0x00007f22915cb000,0x00007f22916cc000)]
  0x00007f229c00b800 JavaThread "main" [_thread_blocked, id=6074, stack(0x00007f22a3e41000,0x00007f22a3f42000)]

Other Threads:
=>0x00007f229c077000 VMThread [stack: 0x00007f22916cc000,0x00007f22917cd000] [id=6079]
  0x00007f229c0ba800 WatcherThread [stack: 0x00007f22908e3000,0x00007f22909e4000] [id=6086]

VM state:at safepoint (normal execution)

VM Mutex/Monitor currently owned by a thread:  ([mutex/lock_event])
[0x00007f229c007da0] Threads_lock - owner thread: 0x00007f229c077000
[0x00007f229c0082a0] Heap_lock - owner thread: 0x00007f229c00b800

Heap
 PSYoungGen      total 141312K, used 5446K [0x00000000eaa80000, 0x00000000f4380000, 0x0000000100000000)
  eden space 126464K, 0% used [0x00000000eaa80000,0x00000000eaa80000,0x00000000f2600000)
  from space 14848K, 36% used [0x00000000f2600000,0x00000000f2b51b58,0x00000000f3480000)
  to   space 14336K, 0% used [0x00000000f3480000,0x00000000f3480000,0x00000000f4280000)
 ParOldGen       total 41472K, used 27868K [0x00000000c0000000, 0x00000000c2880000, 0x00000000eaa80000)
  object space 41472K, 67% used [0x00000000c0000000,0x00000000c1b373e0,0x00000000c2880000)
 PSPermGen       total 21504K, used 7410K [0x00000000b5a00000, 0x00000000b6f00000, 0x00000000c0000000)
  object space 21504K, 34% used [0x00000000b5a00000,0x00000000b613c860,0x00000000b6f00000)

Card table byte_map: [0x00007f22a0820000,0x00007f22a0a74000] byte_map_base: 0x00007f22a0273000

Polling page: 0x00007f22a3f5d000

Code Cache  [0x00007f2299000000, 0x00007f22992e0000, 0x00007f229c000000)
 total_blobs=1281 nmethods=1030 adapters=204 free_code_cache=46267Kb largest_free_block=47325312

Compilation events (10 events):
Event: 8.902 Thread 0x00007f229c0aa800 1062             com.android.dx.io.instructions.DecodedInstruction::getLiteralUnit (55 bytes)
Event: 8.902 Thread 0x00007f229c0aa800 nmethod 1062 0x00007f22992d4d90 code [0x00007f22992d4ec0, 0x00007f22992d4f58]
Event: 8.902 Thread 0x00007f229c0aa800 1063             com.android.dx.io.instructions.InstructionCodec$11::decode (38 bytes)
Event: 8.904 Thread 0x00007f229c0aa800 nmethod 1063 0x00007f22992d4850 code [0x00007f22992d49a0, 0x00007f22992d4b98]
Event: 8.904 Thread 0x00007f229c0aa800 1064             com.android.dx.io.instructions.InstructionCodec$11::encode (22 bytes)
Event: 8.906 Thread 0x00007f229c0aa800 nmethod 1064 0x00007f22992d62d0 code [0x00007f22992d6440, 0x00007f22992d6678]
Event: 8.909 Thread 0x00007f229c0aa800 1065             com.android.dx.io.instructions.InstructionCodec$14::decode (53 bytes)
Event: 8.911 Thread 0x00007f229c0aa800 nmethod 1065 0x00007f22992d5d10 code [0x00007f22992d5e60, 0x00007f22992d6098]
Event: 8.911 Thread 0x00007f229c0aa800 1066             com.android.dx.io.instructions.InstructionCodec$14::encode (29 bytes)
Event: 8.913 Thread 0x00007f229c0aa800 nmethod 1066 0x00007f22992d5650 code [0x00007f22992d57c0, 0x00007f22992d5a18]

GC Heap History (10 events):
Event: 3.281 GC heap after
Heap after GC invocations=2 (full 0):
 PSYoungGen      total 34304K, used 2546K [0x00000000eaa80000, 0x00000000ece80000, 0x0000000100000000)
  eden space 31744K, 0% used [0x00000000eaa80000,0x00000000eaa80000,0x00000000ec980000)
  from space 2560K, 99% used [0x00000000ecc00000,0x00000000ece7c898,0x00000000ece80000)
  to   space 2560K, 0% used [0x00000000ec980000,0x00000000ec980000,0x00000000ecc00000)
 ParOldGen       total 41472K, used 5413K [0x00000000c0000000, 0x00000000c2880000, 0x00000000eaa80000)
  object space 41472K, 13% used [0x00000000c0000000,0x00000000c05495e8,0x00000000c2880000)
 PSPermGen       total 21504K, used 5225K [0x00000000b5a00000, 0x00000000b6f00000, 0x00000000c0000000)
  object space 21504K, 24% used [0x00000000b5a00000,0x00000000b5f1a660,0x00000000b6f00000)
}
Event: 4.014 GC heap before
{Heap before GC invocations=3 (full 0):
 PSYoungGen      total 34304K, used 34290K [0x00000000eaa80000, 0x00000000ece80000, 0x0000000100000000)
  eden space 31744K, 100% used [0x00000000eaa80000,0x00000000ec980000,0x00000000ec980000)
  from space 2560K, 99% used [0x00000000ecc00000,0x00000000ece7c898,0x00000000ece80000)
  to   space 2560K, 0% used [0x00000000ec980000,0x00000000ec980000,0x00000000ecc00000)
 ParOldGen       total 41472K, used 5413K [0x00000000c0000000, 0x00000000c2880000, 0x00000000eaa80000)
  object space 41472K, 13% used [0x00000000c0000000,0x00000000c05495e8,0x00000000c2880000)
 PSPermGen       total 21504K, used 5318K [0x00000000b5a00000, 0x00000000b6f00000, 0x00000000c0000000)
  object space 21504K, 24% used [0x00000000b5a00000,0x00000000b5f319d8,0x00000000b6f00000)
Event: 4.033 GC heap after
Heap after GC invocations=3 (full 0):
 PSYoungGen      total 34304K, used 2549K [0x00000000eaa80000, 0x00000000eed80000, 0x0000000100000000)
  eden space 31744K, 0% used [0x00000000eaa80000,0x00000000eaa80000,0x00000000ec980000)
  from space 2560K, 99% used [0x00000000ec980000,0x00000000ecbfd480,0x00000000ecc00000)
  to   space 2560K, 0% used [0x00000000eeb00000,0x00000000eeb00000,0x00000000eed80000)
 ParOldGen       total 41472K, used 9267K [0x00000000c0000000, 0x00000000c2880000, 0x00000000eaa80000)
  object space 41472K, 22% used [0x00000000c0000000,0x00000000c090cf98,0x00000000c2880000)
 PSPermGen       total 21504K, used 5318K [0x00000000b5a00000, 0x00000000b6f00000, 0x00000000c0000000)
  object space 21504K, 24% used [0x00000000b5a00000,0x00000000b5f319d8,0x00000000b6f00000)
}
Event: 4.930 GC heap before
{Heap before GC invocations=4 (full 0):
 PSYoungGen      total 34304K, used 34293K [0x00000000eaa80000, 0x00000000eed80000, 0x0000000100000000)
  eden space 31744K, 100% used [0x00000000eaa80000,0x00000000ec980000,0x00000000ec980000)
  from space 2560K, 99% used [0x00000000ec980000,0x00000000ecbfd480,0x00000000ecc00000)
  to   space 2560K, 0% used [0x00000000eeb00000,0x00000000eeb00000,0x00000000eed80000)
 ParOldGen       total 41472K, used 9267K [0x00000000c0000000, 0x00000000c2880000, 0x00000000eaa80000)
  object space 41472K, 22% used [0x00000000c0000000,0x00000000c090cf98,0x00000000c2880000)
 PSPermGen       total 21504K, used 5366K [0x00000000b5a00000, 0x00000000b6f00000, 0x00000000c0000000)
  object space 21504K, 24% used [0x00000000b5a00000,0x00000000b5f3d8e8,0x00000000b6f00000)
Event: 4.952 GC heap after
Heap after GC invocations=4 (full 0):
 PSYoungGen      total 66048K, used 2549K [0x00000000eaa80000, 0x00000000eed80000, 0x0000000100000000)
  eden space 63488K, 0% used [0x00000000eaa80000,0x00000000eaa80000,0x00000000ee880000)
  from space 2560K, 99% used [0x00000000eeb00000,0x00000000eed7d6c8,0x00000000eed80000)
  to   space 2560K, 0% used [0x00000000ee880000,0x00000000ee880000,0x00000000eeb00000)
 ParOldGen       total 41472K, used 15296K [0x00000000c0000000, 0x00000000c2880000, 0x00000000eaa80000)
  object space 41472K, 36% used [0x00000000c0000000,0x00000000c0ef0008,0x00000000c2880000)
 PSPermGen       total 21504K, used 5366K [0x00000000b5a00000, 0x00000000b6f00000, 0x00000000c0000000)
  object space 21504K, 24% used [0x00000000b5a00000,0x00000000b5f3d8e8,0x00000000b6f00000)
}
Event: 7.394 GC heap before
{Heap before GC invocations=5 (full 0):
 PSYoungGen      total 66048K, used 66037K [0x00000000eaa80000, 0x00000000eed80000, 0x0000000100000000)
  eden space 63488K, 100% used [0x00000000eaa80000,0x00000000ee880000,0x00000000ee880000)
  from space 2560K, 99% used [0x00000000eeb00000,0x00000000eed7d6c8,0x00000000eed80000)
  to   space 2560K, 0% used [0x00000000ee880000,0x00000000ee880000,0x00000000eeb00000)
 ParOldGen       total 41472K, used 15296K [0x00000000c0000000, 0x00000000c2880000, 0x00000000eaa80000)
  object space 41472K, 36% used [0x00000000c0000000,0x00000000c0ef0008,0x00000000c2880000)
 PSPermGen       total 21504K, used 7210K [0x00000000b5a00000, 0x00000000b6f00000, 0x00000000c0000000)
  object space 21504K, 33% used [0x00000000b5a00000,0x00000000b610aad0,0x00000000b6f00000)
Event: 7.414 GC heap after
Heap after GC invocations=5 (full 0):
 PSYoungGen      total 66048K, used 2546K [0x00000000eaa80000, 0x00000000f4280000, 0x0000000100000000)
  eden space 63488K, 0% used [0x00000000eaa80000,0x00000000eaa80000,0x00000000ee880000)
  from space 2560K, 99% used [0x00000000ee880000,0x00000000eeafcaf8,0x00000000eeb00000)
  to   space 14336K, 0% used [0x00000000f3480000,0x00000000f3480000,0x00000000f4280000)
 ParOldGen       total 41472K, used 26551K [0x00000000c0000000, 0x00000000c2880000, 0x00000000eaa80000)
  object space 41472K, 64% used [0x00000000c0000000,0x00000000c19edd30,0x00000000c2880000)
 PSPermGen       total 21504K, used 7210K [0x00000000b5a00000, 0x00000000b6f00000, 0x00000000c0000000)
  object space 21504K, 33% used [0x00000000b5a00000,0x00000000b610aad0,0x00000000b6f00000)
}
Event: 8.107 GC heap before
{Heap before GC invocations=6 (full 0):
 PSYoungGen      total 66048K, used 65593K [0x00000000eaa80000, 0x00000000f4280000, 0x0000000100000000)
  eden space 63488K, 99% used [0x00000000eaa80000,0x00000000ee811bf8,0x00000000ee880000)
  from space 2560K, 99% used [0x00000000ee880000,0x00000000eeafcaf8,0x00000000eeb00000)
  to   space 14336K, 0% used [0x00000000f3480000,0x00000000f3480000,0x00000000f4280000)
 ParOldGen       total 41472K, used 26551K [0x00000000c0000000, 0x00000000c2880000, 0x00000000eaa80000)
  object space 41472K, 64% used [0x00000000c0000000,0x00000000c19edd30,0x00000000c2880000)
 PSPermGen       total 21504K, used 7303K [0x00000000b5a00000, 0x00000000b6f00000, 0x00000000c0000000)
  object space 21504K, 33% used [0x00000000b5a00000,0x00000000b6121c98,0x00000000b6f00000)
Event: 8.155 GC heap after
Heap after GC invocations=6 (full 0):
 PSYoungGen      total 140800K, used 11320K [0x00000000eaa80000, 0x00000000f4380000, 0x0000000100000000)
  eden space 126464K, 0% used [0x00000000eaa80000,0x00000000eaa80000,0x00000000f2600000)
  from space 14336K, 78% used [0x00000000f3480000,0x00000000f3f8e2b8,0x00000000f4280000)
  to   space 14848K, 0% used [0x00000000f2600000,0x00000000f2600000,0x00000000f3480000)
 ParOldGen       total 41472K, used 26551K [0x00000000c0000000, 0x00000000c2880000, 0x00000000eaa80000)
  object space 41472K, 64% used [0x00000000c0000000,0x00000000c19edd30,0x00000000c2880000)
 PSPermGen       total 21504K, used 7303K [0x00000000b5a00000, 0x00000000b6f00000, 0x00000000c0000000)
  object space 21504K, 33% used [0x00000000b5a00000,0x00000000b6121c98,0x00000000b6f00000)
}
Event: 8.943 GC heap before
{Heap before GC invocations=7 (full 0):
 PSYoungGen      total 140800K, used 135722K [0x00000000eaa80000, 0x00000000f4380000, 0x0000000100000000)
  eden space 126464K, 98% used [0x00000000eaa80000,0x00000000f23fc670,0x00000000f2600000)
  from space 14336K, 78% used [0x00000000f3480000,0x00000000f3f8e2b8,0x00000000f4280000)
  to   space 14848K, 0% used [0x00000000f2600000,0x00000000f2600000,0x00000000f3480000)
 ParOldGen       total 41472K, used 26551K [0x00000000c0000000, 0x00000000c2880000, 0x00000000eaa80000)
  object space 41472K, 64% used [0x00000000c0000000,0x00000000c19edd30,0x00000000c2880000)
 PSPermGen       total 21504K, used 7410K [0x00000000b5a00000, 0x00000000b6f00000, 0x00000000c0000000)
  object space 21504K, 34% used [0x00000000b5a00000,0x00000000b613c860,0x00000000b6f00000)

Deoptimization events (10 events):
Event: 8.375 Thread 0x00007f229c00b800 Uncommon trap: reason=unstable_if action=reinterpret pc=0x00007f2299263c70 method=com.android.dex.Mutf8.encode([BILjava/lang/String;)V @ 31
Event: 8.375 Thread 0x00007f229c00b800 Uncommon trap: reason=unstable_if action=reinterpret pc=0x00007f2299244a54 method=com.android.dex.Mutf8.countBytes(Ljava/lang/String;Z)J @ 35
Event: 8.450 Thread 0x00007f229c00b800 Uncommon trap: reason=array_check action=maybe_recompile pc=0x00007f22992a6d24 method=java.util.TimSort.binarySort([Ljava/lang/Object;IIILjava/util/Comparator;)V @ 183
Event: 8.450 Thread 0x00007f229c00b800 Uncommon trap: reason=array_check action=maybe_recompile pc=0x00007f22992a6c48 method=java.util.TimSort.binarySort([Ljava/lang/Object;IIILjava/util/Comparator;)V @ 193
Event: 8.450 Thread 0x00007f229c00b800 Uncommon trap: reason=array_check action=maybe_recompile pc=0x00007f22992a6c48 method=java.util.TimSort.binarySort([Ljava/lang/Object;IIILjava/util/Comparator;)V @ 193
Event: 8.450 Thread 0x00007f229c00b800 Uncommon trap: reason=array_check action=maybe_recompile pc=0x00007f22992a6c48 method=java.util.TimSort.binarySort([Ljava/lang/Object;IIILjava/util/Comparator;)V @ 193
Event: 8.598 Thread 0x00007f229c00b800 Uncommon trap: reason=array_check action=maybe_recompile pc=0x00007f22992845ac method=java.util.ComparableTimSort.binarySort([Ljava/lang/Object;III)V @ 193
Event: 8.632 Thread 0x00007f229c00b800 Uncommon trap: reason=array_check action=maybe_recompile pc=0x00007f22992be714 method=java.util.TimSort.binarySort([Ljava/lang/Object;IIILjava/util/Comparator;)V @ 215
Event: 8.633 Thread 0x00007f229c00b800 Uncommon trap: reason=array_check action=maybe_recompile pc=0x00007f22992be714 method=java.util.TimSort.binarySort([Ljava/lang/Object;IIILjava/util/Comparator;)V @ 215
Event: 8.943 Thread 0x00007f229c00b800 Uncommon trap: reason=array_check action=maybe_recompile pc=0x00007f22992845ac method=java.util.ComparableTimSort.binarySort([Ljava/lang/Object;III)V @ 193

Internal exceptions (10 events):
Event: 7.162 Thread 0x00007f229c00b800 Threw 0x00000000ee4e5868 at /build/openjdk-7-zaTxYK/openjdk-7-7u91-2.6.3/build/openjdk/hotspot/src/share/vm/prims/jvm.cpp:1322
Event: 7.163 Thread 0x00007f229c00b800 Threw 0x00000000ee4e9438 at /build/openjdk-7-zaTxYK/openjdk-7-7u91-2.6.3/build/openjdk/hotspot/src/share/vm/prims/jvm.cpp:1322
Event: 7.163 Thread 0x00007f229c00b800 Threw 0x00000000ee4ed0e8 at /build/openjdk-7-zaTxYK/openjdk-7-7u91-2.6.3/build/openjdk/hotspot/src/share/vm/prims/jvm.cpp:1322
Event: 7.164 Thread 0x00007f229c00b800 Threw 0x00000000ee4f1688 at /build/openjdk-7-zaTxYK/openjdk-7-7u91-2.6.3/build/openjdk/hotspot/src/share/vm/prims/jvm.cpp:1322
Event: 7.165 Thread 0x00007f229c00b800 Threw 0x00000000ee4f5158 at /build/openjdk-7-zaTxYK/openjdk-7-7u91-2.6.3/build/openjdk/hotspot/src/share/vm/prims/jvm.cpp:1322
Event: 7.165 Thread 0x00007f229c00b800 Threw 0x00000000ee4f8e20 at /build/openjdk-7-zaTxYK/openjdk-7-7u91-2.6.3/build/openjdk/hotspot/src/share/vm/prims/jvm.cpp:1322
Event: 7.165 Thread 0x00007f229c00b800 Threw 0x00000000ee4fc858 at /build/openjdk-7-zaTxYK/openjdk-7-7u91-2.6.3/build/openjdk/hotspot/src/share/vm/prims/jvm.cpp:1322
Event: 7.168 Thread 0x00007f229c00b800 Threw 0x00000000ee544308 at /build/openjdk-7-zaTxYK/openjdk-7-7u91-2.6.3/build/openjdk/hotspot/src/share/vm/prims/jvm.cpp:1322
Event: 7.169 Thread 0x00007f229c00b800 Threw 0x00000000ee546e70 at /build/openjdk-7-zaTxYK/openjdk-7-7u91-2.6.3/build/openjdk/hotspot/src/share/vm/prims/jvm.cpp:1322
Event: 7.814 Thread 0x00007f229c00b800 Threw 0x00000000ec60ece8 at /build/openjdk-7-zaTxYK/openjdk-7-7u91-2.6.3/build/openjdk/hotspot/src/share/vm/prims/jvm.cpp:1322

Events (10 events):
Event: 8.632 Thread 0x00007f229c00b800 Uncommon trap: trap_request=0xffffffd6 fr.pc=0x00007f22992be714
Event: 8.632 Thread 0x00007f229c00b800 DEOPT PACKING pc=0x00007f22992be714 sp=0x00007f22a3f404b0
Event: 8.632 Thread 0x00007f229c00b800 DEOPT UNPACKING pc=0x00007f2299039445 sp=0x00007f22a3f40488 mode 2
Event: 8.633 Thread 0x00007f229c00b800 Uncommon trap: trap_request=0xffffffd6 fr.pc=0x00007f22992be714
Event: 8.633 Thread 0x00007f229c00b800 DEOPT PACKING pc=0x00007f22992be714 sp=0x00007f22a3f404b0
Event: 8.633 Thread 0x00007f229c00b800 DEOPT UNPACKING pc=0x00007f2299039445 sp=0x00007f22a3f40488 mode 2
Event: 8.943 Thread 0x00007f229c00b800 Uncommon trap: trap_request=0xffffffd6 fr.pc=0x00007f22992845ac
Event: 8.943 Thread 0x00007f229c00b800 DEOPT PACKING pc=0x00007f22992845ac sp=0x00007f22a3f40450
Event: 8.943 Thread 0x00007f229c00b800 DEOPT UNPACKING pc=0x00007f2299039445 sp=0x00007f22a3f40418 mode 2
Event: 8.943 Executing VM operation: ParallelGCFailedAllocation


Dynamic libraries:
00400000-00401000 r-xp 00000000 08:06 2890602                            /usr/lib/jvm/java-7-openjdk-amd64/jre/bin/java
00600000-00601000 r--p 00000000 08:06 2890602                            /usr/lib/jvm/java-7-openjdk-amd64/jre/bin/java
00601000-00602000 rw-p 00001000 08:06 2890602                            /usr/lib/jvm/java-7-openjdk-amd64/jre/bin/java
01ab5000-01ad6000 rw-p 00000000 00:00 0                                  [heap]
b5a00000-b6f00000 rw-p 00000000 00:00 0 
b6f00000-c0000000 rw-p 00000000 00:00 0 
c0000000-c2880000 rw-p 00000000 00:00 0 
c2880000-eaa80000 rw-p 00000000 00:00 0 
eaa80000-f4380000 rw-p 00000000 00:00 0 
fbe80000-100000000 rw-p 00000000 00:00 0 
7f225c000000-7f225c021000 rw-p 00000000 00:00 0 
7f225c021000-7f2260000000 ---p 00000000 00:00 0 
7f2264000000-7f2264e44000 rw-p 00000000 00:00 0 
7f2264e44000-7f2268000000 ---p 00000000 00:00 0 
7f2268000000-7f2268021000 rw-p 00000000 00:00 0 
7f2268021000-7f226c000000 ---p 00000000 00:00 0 
7f226c000000-7f226c021000 rw-p 00000000 00:00 0 
7f226c021000-7f2270000000 ---p 00000000 00:00 0 
7f2270000000-7f2270e34000 rw-p 00000000 00:00 0 
7f2270e34000-7f2274000000 ---p 00000000 00:00 0 
7f2274000000-7f2274021000 rw-p 00000000 00:00 0 
7f2274021000-7f2278000000 ---p 00000000 00:00 0 
7f2278000000-7f2278021000 rw-p 00000000 00:00 0 
7f2278021000-7f227c000000 ---p 00000000 00:00 0 
7f227c000000-7f227c021000 rw-p 00000000 00:00 0 
7f227c021000-7f2280000000 ---p 00000000 00:00 0 
7f2280000000-7f22800e1000 rw-p 00000000 00:00 0 
7f22800e1000-7f2284000000 ---p 00000000 00:00 0 
7f2284000000-7f2284021000 rw-p 00000000 00:00 0 
7f2284021000-7f2288000000 ---p 00000000 00:00 0 
7f228aebe000-7f228b01f000 rw-p 00000000 00:00 0 
7f228b01f000-7f228b05c000 r-xp 00000000 08:06 1179826                    /lib/x86_64-linux-gnu/libpcre.so.3.13.1
7f228b05c000-7f228b25b000 ---p 0003d000 08:06 1179826                    /lib/x86_64-linux-gnu/libpcre.so.3.13.1
7f228b25b000-7f228b25c000 r--p 0003c000 08:06 1179826                    /lib/x86_64-linux-gnu/libpcre.so.3.13.1
7f228b25c000-7f228b25d000 rw-p 0003d000 08:06 1179826                    /lib/x86_64-linux-gnu/libpcre.so.3.13.1
7f228b25d000-7f228b264000 r-xp 00000000 08:06 2884001                    /usr/lib/x86_64-linux-gnu/libffi.so.6.0.1
7f228b264000-7f228b463000 ---p 00007000 08:06 2884001                    /usr/lib/x86_64-linux-gnu/libffi.so.6.0.1
7f228b463000-7f228b464000 r--p 00006000 08:06 2884001                    /usr/lib/x86_64-linux-gnu/libffi.so.6.0.1
7f228b464000-7f228b465000 rw-p 00007000 08:06 2884001                    /usr/lib/x86_64-linux-gnu/libffi.so.6.0.1
7f228b465000-7f228b47c000 r-xp 00000000 08:06 1179653                    /lib/x86_64-linux-gnu/libresolv-2.19.so
7f228b47c000-7f228b67c000 ---p 00017000 08:06 1179653                    /lib/x86_64-linux-gnu/libresolv-2.19.so
7f228b67c000-7f228b67d000 r--p 00017000 08:06 1179653                    /lib/x86_64-linux-gnu/libresolv-2.19.so
7f228b67d000-7f228b67e000 rw-p 00018000 08:06 1179653                    /lib/x86_64-linux-gnu/libresolv-2.19.so
7f228b67e000-7f228b680000 rw-p 00000000 00:00 0 
7f228b680000-7f228b6a0000 r-xp 00000000 08:06 1183892                    /lib/x86_64-linux-gnu/libselinux.so.1
7f228b6a0000-7f228b89f000 ---p 00020000 08:06 1183892                    /lib/x86_64-linux-gnu/libselinux.so.1
7f228b89f000-7f228b8a0000 r--p 0001f000 08:06 1183892                    /lib/x86_64-linux-gnu/libselinux.so.1
7f228b8a0000-7f228b8a1000 rw-p 00020000 08:06 1183892                    /lib/x86_64-linux-gnu/libselinux.so.1
7f228b8a1000-7f228b8a3000 rw-p 00000000 00:00 0 
7f228b8a3000-7f228b8a6000 r-xp 00000000 08:06 2893132                    /usr/lib/x86_64-linux-gnu/libgmodule-2.0.so.0.4002.0
7f228b8a6000-7f228baa5000 ---p 00003000 08:06 2893132                    /usr/lib/x86_64-linux-gnu/libgmodule-2.0.so.0.4002.0
7f228baa5000-7f228baa6000 r--p 00002000 08:06 2893132                    /usr/lib/x86_64-linux-gnu/libgmodule-2.0.so.0.4002.0
7f228baa6000-7f228baa7000 rw-p 00003000 08:06 2893132                    /usr/lib/x86_64-linux-gnu/libgmodule-2.0.so.0.4002.0
7f228baa7000-7f228bbad000 r-xp 00000000 08:06 1183793                    /lib/x86_64-linux-gnu/libglib-2.0.so.0.4002.0
7f228bbad000-7f228bdac000 ---p 00106000 08:06 1183793                    /lib/x86_64-linux-gnu/libglib-2.0.so.0.4002.0
7f228bdac000-7f228bdad000 r--p 00105000 08:06 1183793                    /lib/x86_64-linux-gnu/libglib-2.0.so.0.4002.0
7f228bdad000-7f228bdae000 rw-p 00106000 08:06 1183793                    /lib/x86_64-linux-gnu/libglib-2.0.so.0.4002.0
7f228bdae000-7f228bdaf000 rw-p 00000000 00:00 0 
7f228bdaf000-7f228bdfe000 r-xp 00000000 08:06 2893148                    /usr/lib/x86_64-linux-gnu/libgobject-2.0.so.0.4002.0
7f228bdfe000-7f228bffe000 ---p 0004f000 08:06 2893148                    /usr/lib/x86_64-linux-gnu/libgobject-2.0.so.0.4002.0
7f228bffe000-7f228bfff000 r--p 0004f000 08:06 2893148                    /usr/lib/x86_64-linux-gnu/libgobject-2.0.so.0.4002.0
7f228bfff000-7f228c000000 rw-p 00050000 08:06 2893148                    /usr/lib/x86_64-linux-gnu/libgobject-2.0.so.0.4002.0
7f228c000000-7f228c021000 rw-p 00000000 00:00 0 
7f228c021000-7f2290000000 ---p 00000000 00:00 0 
7f2290146000-7f22902b2000 r-xp 00000000 08:06 2893120                    /usr/lib/x86_64-linux-gnu/libgio-2.0.so.0.4002.0
7f22902b2000-7f22904b1000 ---p 0016c000 08:06 2893120                    /usr/lib/x86_64-linux-gnu/libgio-2.0.so.0.4002.0
7f22904b1000-7f22904b5000 r--p 0016b000 08:06 2893120                    /usr/lib/x86_64-linux-gnu/libgio-2.0.so.0.4002.0
7f22904b5000-7f22904b7000 rw-p 0016f000 08:06 2893120                    /usr/lib/x86_64-linux-gnu/libgio-2.0.so.0.4002.0
7f22904b7000-7f22904b9000 rw-p 00000000 00:00 0 
7f22904b9000-7f22904d0000 r-xp 00000000 08:06 2890768                    /usr/lib/jvm/java-7-openjdk-amd64/jre/lib/amd64/libnet.so
7f22904d0000-7f22906cf000 ---p 00017000 08:06 2890768                    /usr/lib/jvm/java-7-openjdk-amd64/jre/lib/amd64/libnet.so
7f22906cf000-7f22906d0000 r--p 00016000 08:06 2890768                    /usr/lib/jvm/java-7-openjdk-amd64/jre/lib/amd64/libnet.so
7f22906d0000-7f22906d1000 rw-p 00017000 08:06 2890768                    /usr/lib/jvm/java-7-openjdk-amd64/jre/lib/amd64/libnet.so
7f22906d1000-7f22906e1000 r-xp 00000000 08:06 2890738                    /usr/lib/jvm/java-7-openjdk-amd64/jre/lib/amd64/libnio.so
7f22906e1000-7f22908e1000 ---p 00010000 08:06 2890738                    /usr/lib/jvm/java-7-openjdk-amd64/jre/lib/amd64/libnio.so
7f22908e1000-7f22908e2000 r--p 00010000 08:06 2890738                    /usr/lib/jvm/java-7-openjdk-amd64/jre/lib/amd64/libnio.so
7f22908e2000-7f22908e3000 rw-p 00011000 08:06 2890738                    /usr/lib/jvm/java-7-openjdk-amd64/jre/lib/amd64/libnio.so
7f22908e3000-7f22908e4000 ---p 00000000 00:00 0 
7f22908e4000-7f22909e4000 rw-p 00000000 00:00 0                          [stack:6086]
7f22909e4000-7f22909e7000 ---p 00000000 00:00 0 
7f22909e7000-7f2290ae5000 rw-p 00000000 00:00 0                          [stack:6085]
7f2290ae5000-7f2290ae8000 ---p 00000000 00:00 0 
7f2290ae8000-7f2290be6000 rw-p 00000000 00:00 0                          [stack:6084]
7f2290be6000-7f2290be9000 ---p 00000000 00:00 0 
7f2290be9000-7f2290ce7000 rw-p 00000000 00:00 0                          [stack:6083]
7f2290ce7000-7f2290cea000 ---p 00000000 00:00 0 
7f2290cea000-7f2290de8000 rw-p 00000000 00:00 0                          [stack:6082]
7f2290de8000-7f22914ca000 r--p 00000000 08:06 2891586                    /usr/lib/locale/locale-archive
7f22914ca000-7f22914cd000 ---p 00000000 00:00 0 
7f22914cd000-7f22915cb000 rw-p 00000000 00:00 0                          [stack:6081]
7f22915cb000-7f22915ce000 ---p 00000000 00:00 0 
7f22915ce000-7f22916cc000 rw-p 00000000 00:00 0                          [stack:6080]
7f22916cc000-7f22916cd000 ---p 00000000 00:00 0 
7f22916cd000-7f2294000000 rw-p 00000000 00:00 0                          [stack:6079]
7f2294000000-7f2294021000 rw-p 00000000 00:00 0 
7f2294021000-7f2298000000 ---p 00000000 00:00 0 
7f229805b000-7f2298d55000 rw-p 00000000 00:00 0 
7f2298d55000-7f2298f07000 r--s 01d2e000 08:06 2890732                    /usr/lib/jvm/java-7-openjdk-amd64/jre/lib/rt.jar
7f2298f07000-7f2299000000 rw-p 00000000 00:00 0 
7f2299000000-7f22992e0000 rwxp 00000000 00:00 0 
7f22992e0000-7f229c269000 rw-p 00000000 00:00 0 
7f229c269000-7f22a0000000 ---p 00000000 00:00 0 
7f22a000c000-7f22a0011000 r--s 0004e000 08:06 2890779                    /usr/lib/jvm/java-7-openjdk-amd64/jre/lib/jsse.jar
7f22a0011000-7f22a0020000 r--s 000dd000 08:06 2230896                    /home/sam/Android/Sdk/build-tools/21.1.2/lib/dx.jar
7f22a0020000-7f22a0273000 rw-p 00000000 00:00 0 
7f22a0273000-7f22a0274000 ---p 00000000 00:00 0 
7f22a0274000-7f22a0374000 rw-p 00000000 00:00 0                          [stack:6078]
7f22a0374000-7f22a0375000 ---p 00000000 00:00 0 
7f22a0375000-7f22a0475000 rw-p 00000000 00:00 0                          [stack:6077]
7f22a0475000-7f22a0476000 ---p 00000000 00:00 0 
7f22a0476000-7f22a0576000 rw-p 00000000 00:00 0                          [stack:6076]
7f22a0576000-7f22a0577000 ---p 00000000 00:00 0 
7f22a0577000-7f22a0682000 rw-p 00000000 00:00 0                          [stack:6075]
7f22a0682000-7f22a06ca000 rw-p 00000000 00:00 0 
7f22a06ca000-7f22a06df000 rw-p 00000000 00:00 0 
7f22a06df000-7f22a0820000 rw-p 00000000 00:00 0 
7f22a0820000-7f22a082b000 rw-p 00000000 00:00 0 
7f22a082b000-7f22a0873000 rw-p 00000000 00:00 0 
7f22a0873000-7f22a0888000 rw-p 00000000 00:00 0 
7f22a0888000-7f22a09c8000 rw-p 00000000 00:00 0 
7f22a09c8000-7f22a0a15000 rw-p 00000000 00:00 0 
7f22a0a15000-7f22a0a73000 rw-p 00000000 00:00 0 
7f22a0a73000-7f22a0a74000 rw-p 00000000 00:00 0 
7f22a0a74000-7f22a0a7c000 r-xp 00000000 08:06 2890742                    /usr/lib/jvm/java-7-openjdk-amd64/jre/lib/amd64/libzip.so
7f22a0a7c000-7f22a0c7b000 ---p 00008000 08:06 2890742                    /usr/lib/jvm/java-7-openjdk-amd64/jre/lib/amd64/libzip.so
7f22a0c7b000-7f22a0c7c000 r--p 00007000 08:06 2890742                    /usr/lib/jvm/java-7-openjdk-amd64/jre/lib/amd64/libzip.so
7f22a0c7c000-7f22a0c7d000 rw-p 00008000 08:06 2890742                    /usr/lib/jvm/java-7-openjdk-amd64/jre/lib/amd64/libzip.so
7f22a0c7d000-7f22a0c88000 r-xp 00000000 08:06 1179667                    /lib/x86_64-linux-gnu/libnss_files-2.19.so
7f22a0c88000-7f22a0e87000 ---p 0000b000 08:06 1179667                    /lib/x86_64-linux-gnu/libnss_files-2.19.so
7f22a0e87000-7f22a0e88000 r--p 0000a000 08:06 1179667                    /lib/x86_64-linux-gnu/libnss_files-2.19.so
7f22a0e88000-7f22a0e89000 rw-p 0000b000 08:06 1179667                    /lib/x86_64-linux-gnu/libnss_files-2.19.so
7f22a0e89000-7f22a0e94000 r-xp 00000000 08:06 1183692                    /lib/x86_64-linux-gnu/libnss_nis-2.19.so
7f22a0e94000-7f22a1093000 ---p 0000b000 08:06 1183692                    /lib/x86_64-linux-gnu/libnss_nis-2.19.so
7f22a1093000-7f22a1094000 r--p 0000a000 08:06 1183692                    /lib/x86_64-linux-gnu/libnss_nis-2.19.so
7f22a1094000-7f22a1095000 rw-p 0000b000 08:06 1183692                    /lib/x86_64-linux-gnu/libnss_nis-2.19.so
7f22a1095000-7f22a10ac000 r-xp 00000000 08:06 1179742                    /lib/x86_64-linux-gnu/libnsl-2.19.so
7f22a10ac000-7f22a12ab000 ---p 00017000 08:06 1179742                    /lib/x86_64-linux-gnu/libnsl-2.19.so
7f22a12ab000-7f22a12ac000 r--p 00016000 08:06 1179742                    /lib/x86_64-linux-gnu/libnsl-2.19.so
7f22a12ac000-7f22a12ad000 rw-p 00017000 08:06 1179742                    /lib/x86_64-linux-gnu/libnsl-2.19.so
7f22a12ad000-7f22a12af000 rw-p 00000000 00:00 0 
7f22a12af000-7f22a12b8000 r-xp 00000000 08:06 1179741                    /lib/x86_64-linux-gnu/libnss_compat-2.19.so
7f22a12b8000-7f22a14b7000 ---p 00009000 08:06 1179741                    /lib/x86_64-linux-gnu/libnss_compat-2.19.so
7f22a14b7000-7f22a14b8000 r--p 00008000 08:06 1179741                    /lib/x86_64-linux-gnu/libnss_compat-2.19.so
7f22a14b8000-7f22a14b9000 rw-p 00009000 08:06 1179741                    /lib/x86_64-linux-gnu/libnss_compat-2.19.so
7f22a14b9000-7f22a14e4000 r-xp 00000000 08:06 2890750                    /usr/lib/jvm/java-7-openjdk-amd64/jre/lib/amd64/libjava.so
7f22a14e4000-7f22a16e4000 ---p 0002b000 08:06 2890750                    /usr/lib/jvm/java-7-openjdk-amd64/jre/lib/amd64/libjava.so
7f22a16e4000-7f22a16e5000 r--p 0002b000 08:06 2890750                    /usr/lib/jvm/java-7-openjdk-amd64/jre/lib/amd64/libjava.so
7f22a16e5000-7f22a16e7000 rw-p 0002c000 08:06 2890750                    /usr/lib/jvm/java-7-openjdk-amd64/jre/lib/amd64/libjava.so
7f22a16e7000-7f22a16f7000 r-xp 00000000 08:06 2890764                    /usr/lib/jvm/java-7-openjdk-amd64/jre/lib/amd64/libverify.so
7f22a16f7000-7f22a18f6000 ---p 00010000 08:06 2890764                    /usr/lib/jvm/java-7-openjdk-amd64/jre/lib/amd64/libverify.so
7f22a18f6000-7f22a18f8000 r--p 0000f000 08:06 2890764                    /usr/lib/jvm/java-7-openjdk-amd64/jre/lib/amd64/libverify.so
7f22a18f8000-7f22a18f9000 rw-p 00011000 08:06 2890764                    /usr/lib/jvm/java-7-openjdk-amd64/jre/lib/amd64/libverify.so
7f22a18f9000-7f22a1900000 r-xp 00000000 08:06 1179750                    /lib/x86_64-linux-gnu/librt-2.19.so
7f22a1900000-7f22a1aff000 ---p 00007000 08:06 1179750                    /lib/x86_64-linux-gnu/librt-2.19.so
7f22a1aff000-7f22a1b00000 r--p 00006000 08:06 1179750                    /lib/x86_64-linux-gnu/librt-2.19.so
7f22a1b00000-7f22a1b01000 rw-p 00007000 08:06 1179750                    /lib/x86_64-linux-gnu/librt-2.19.so
7f22a1b01000-7f22a1b17000 r-xp 00000000 08:06 1183789                    /lib/x86_64-linux-gnu/libgcc_s.so.1
7f22a1b17000-7f22a1d16000 ---p 00016000 08:06 1183789                    /lib/x86_64-linux-gnu/libgcc_s.so.1
7f22a1d16000-7f22a1d17000 rw-p 00015000 08:06 1183789                    /lib/x86_64-linux-gnu/libgcc_s.so.1
7f22a1d17000-7f22a1e1c000 r-xp 00000000 08:06 1179663                    /lib/x86_64-linux-gnu/libm-2.19.so
7f22a1e1c000-7f22a201b000 ---p 00105000 08:06 1179663                    /lib/x86_64-linux-gnu/libm-2.19.so
7f22a201b000-7f22a201c000 r--p 00104000 08:06 1179663                    /lib/x86_64-linux-gnu/libm-2.19.so
7f22a201c000-7f22a201d000 rw-p 00105000 08:06 1179663                    /lib/x86_64-linux-gnu/libm-2.19.so
7f22a201d000-7f22a2103000 r-xp 00000000 08:06 2883695                    /usr/lib/x86_64-linux-gnu/libstdc++.so.6.0.19
7f22a2103000-7f22a2302000 ---p 000e6000 08:06 2883695                    /usr/lib/x86_64-linux-gnu/libstdc++.so.6.0.19
7f22a2302000-7f22a230a000 r--p 000e5000 08:06 2883695                    /usr/lib/x86_64-linux-gnu/libstdc++.so.6.0.19
7f22a230a000-7f22a230c000 rw-p 000ed000 08:06 2883695                    /usr/lib/x86_64-linux-gnu/libstdc++.so.6.0.19
7f22a230c000-7f22a2321000 rw-p 00000000 00:00 0 
7f22a2321000-7f22a2e45000 r-xp 00000000 08:06 2890756                    /usr/lib/jvm/java-7-openjdk-amd64/jre/lib/amd64/server/libjvm.so
7f22a2e45000-7f22a3045000 ---p 00b24000 08:06 2890756                    /usr/lib/jvm/java-7-openjdk-amd64/jre/lib/amd64/server/libjvm.so
7f22a3045000-7f22a30df000 r--p 00b24000 08:06 2890756                    /usr/lib/jvm/java-7-openjdk-amd64/jre/lib/amd64/server/libjvm.so
7f22a30df000-7f22a3102000 rw-p 00bbe000 08:06 2890756                    /usr/lib/jvm/java-7-openjdk-amd64/jre/lib/amd64/server/libjvm.so
7f22a3102000-7f22a3130000 rw-p 00000000 00:00 0 
7f22a3130000-7f22a3148000 r-xp 00000000 08:06 1183925                    /lib/x86_64-linux-gnu/libz.so.1.2.8
7f22a3148000-7f22a3347000 ---p 00018000 08:06 1183925                    /lib/x86_64-linux-gnu/libz.so.1.2.8
7f22a3347000-7f22a3348000 r--p 00017000 08:06 1183925                    /lib/x86_64-linux-gnu/libz.so.1.2.8
7f22a3348000-7f22a3349000 rw-p 00018000 08:06 1183925                    /lib/x86_64-linux-gnu/libz.so.1.2.8
7f22a3349000-7f22a3362000 r-xp 00000000 08:06 1179748                    /lib/x86_64-linux-gnu/libpthread-2.19.so
7f22a3362000-7f22a3561000 ---p 00019000 08:06 1179748                    /lib/x86_64-linux-gnu/libpthread-2.19.so
7f22a3561000-7f22a3562000 r--p 00018000 08:06 1179748                    /lib/x86_64-linux-gnu/libpthread-2.19.so
7f22a3562000-7f22a3563000 rw-p 00019000 08:06 1179748                    /lib/x86_64-linux-gnu/libpthread-2.19.so
7f22a3563000-7f22a3567000 rw-p 00000000 00:00 0 
7f22a3567000-7f22a356a000 r-xp 00000000 08:06 1179678                    /lib/x86_64-linux-gnu/libdl-2.19.so
7f22a356a000-7f22a3769000 ---p 00003000 08:06 1179678                    /lib/x86_64-linux-gnu/libdl-2.19.so
7f22a3769000-7f22a376a000 r--p 00002000 08:06 1179678                    /lib/x86_64-linux-gnu/libdl-2.19.so
7f22a376a000-7f22a376b000 rw-p 00003000 08:06 1179678                    /lib/x86_64-linux-gnu/libdl-2.19.so
7f22a376b000-7f22a3926000 r-xp 00000000 08:06 1179747                    /lib/x86_64-linux-gnu/libc-2.19.so
7f22a3926000-7f22a3b25000 ---p 001bb000 08:06 1179747                    /lib/x86_64-linux-gnu/libc-2.19.so
7f22a3b25000-7f22a3b29000 r--p 001ba000 08:06 1179747                    /lib/x86_64-linux-gnu/libc-2.19.so
7f22a3b29000-7f22a3b2b000 rw-p 001be000 08:06 1179747                    /lib/x86_64-linux-gnu/libc-2.19.so
7f22a3b2b000-7f22a3b30000 rw-p 00000000 00:00 0 
7f22a3b30000-7f22a3b3d000 r-xp 00000000 08:06 2890765                    /usr/lib/jvm/java-7-openjdk-amd64/jre/lib/amd64/jli/libjli.so
7f22a3b3d000-7f22a3d3c000 ---p 0000d000 08:06 2890765                    /usr/lib/jvm/java-7-openjdk-amd64/jre/lib/amd64/jli/libjli.so
7f22a3d3c000-7f22a3d3d000 r--p 0000c000 08:06 2890765                    /usr/lib/jvm/java-7-openjdk-amd64/jre/lib/amd64/jli/libjli.so
7f22a3d3d000-7f22a3d3e000 rw-p 0000d000 08:06 2890765                    /usr/lib/jvm/java-7-openjdk-amd64/jre/lib/amd64/jli/libjli.so
7f22a3d3e000-7f22a3d61000 r-xp 00000000 08:06 1179744                    /lib/x86_64-linux-gnu/ld-2.19.so
7f22a3d61000-7f22a3d62000 rw-p 00000000 00:00 0 
7f22a3d62000-7f22a3d65000 r--s 0000f000 08:06 2890726                    /usr/lib/jvm/java-7-openjdk-amd64/jre/lib/ext/icedtea-sound.jar
7f22a3d65000-7f22a3d69000 r--s 0003c000 08:06 2890728                    /usr/lib/jvm/java-7-openjdk-amd64/jre/lib/ext/sunpkcs11.jar
7f22a3d69000-7f22a3d8d000 rw-p 00000000 00:00 0 
7f22a3d8d000-7f22a3e41000 rw-p 00000000 00:00 0 
7f22a3e41000-7f22a3e44000 ---p 00000000 00:00 0 
7f22a3e44000-7f22a3f47000 rw-p 00000000 00:00 0                          [stack:6074]
7f22a3f47000-7f22a3f48000 r--s 00002000 08:06 2890729                    /usr/lib/jvm/java-7-openjdk-amd64/jre/lib/ext/dnsns.jar
7f22a3f48000-7f22a3f4c000 r--s 00034000 08:06 2890727                    /usr/lib/jvm/java-7-openjdk-amd64/jre/lib/ext/sunjce_provider.jar
7f22a3f4c000-7f22a3f4e000 r--s 00006000 08:06 3286086                    /usr/share/java/java-atk-wrapper.jar
7f22a3f4e000-7f22a3f52000 r--s 00085000 08:06 2890725                    /usr/lib/jvm/java-7-openjdk-amd64/jre/lib/ext/localedata.jar
7f22a3f52000-7f22a3f54000 r--s 00012000 08:06 2890724                    /usr/lib/jvm/java-7-openjdk-amd64/jre/lib/ext/zipfs.jar
7f22a3f54000-7f22a3f5c000 rw-s 00000000 08:06 2503782                    /tmp/hsperfdata_sam/6069
7f22a3f5c000-7f22a3f5d000 rw-p 00000000 00:00 0 
7f22a3f5d000-7f22a3f5e000 ---p 00000000 00:00 0 
7f22a3f5e000-7f22a3f60000 rw-p 00000000 00:00 0 
7f22a3f60000-7f22a3f61000 r--p 00022000 08:06 1179744                    /lib/x86_64-linux-gnu/ld-2.19.so
7f22a3f61000-7f22a3f62000 rw-p 00023000 08:06 1179744                    /lib/x86_64-linux-gnu/ld-2.19.so
7f22a3f62000-7f22a3f63000 rw-p 00000000 00:00 0 
7ffca22a6000-7ffca22c8000 rw-p 00000000 00:00 0                          [stack]
7ffca22cf000-7ffca22d1000 r-xp 00000000 00:00 0                          [vdso]
7ffca22d1000-7ffca22d3000 r--p 00000000 00:00 0                          [vvar]
ffffffffff600000-ffffffffff601000 r-xp 00000000 00:00 0                  [vsyscall]

VM Arguments:
jvm_args: -Xmx1024M -Dfile.encoding=UTF-8 -Duser.country=US -Duser.language=en -Duser.variant 
java_command: com.android.dx.command.Main --dex --output /home/sam/AndroidStudioProjects/super-2016/BlutoothSocketReceiver/app/build/intermediates/dex/debug /home/sam/AndroidStudioProjects/super-2016/BlutoothSocketReceiver/app/build/intermediates/classes/debug /home/sam/AndroidStudioProjects/super-2016/BlutoothSocketReceiver/app/build/intermediates/pre-dexed/debug/support-annotations-23.3.0-2a32653268c76ed5a35b24cb24f5361f7ba8e54f.jar /home/sam/AndroidStudioProjects/super-2016/BlutoothSocketReceiver/app/build/intermediates/pre-dexed/debug/classes-22cc737d67d7e93f56b0e6233585dfec1f9bdcbc.jar /home/sam/AndroidStudioProjects/super-2016/BlutoothSocketReceiver/app/build/intermediates/pre-dexed/debug/butterknife-annotations-8.0.1-1a4646d9e7e8ee46fcdb424e5405104d4b00d090.jar /home/sam/AndroidStudioProjects/super-2016/BlutoothSocketReceiver/app/build/intermediates/pre-dexed/debug/mimecraft-1.1.1-95f10211e9575c254295bf5d1b88ac30369f2a21.jar /home/sam/AndroidStudioProjects/super-2016/BlutoothSocketReceiver/app/build/intermediates/pre-dexed/debug/classes-829888643a519de33c20678e416706318bfada69.jar /home/sam/AndroidStudioProjects/super-2016/BlutoothSocketReceiver/app/build/intermediates/pre-dexed/debug/classes-34f910c988284065a9dd227bf6f4f91d178b1b45.jar /home/sam/AndroidStudioProjects/super-2016/BlutoothSocketReceiver/app/build/intermediates/pre-dexed/debug/classes-5ecf76de2463d10d94caa9000fbdbb7d00748b44.jar /home/sam/AndroidStudioProjects/super-2016/BlutoothSocketReceiver/app/build/intermediates/pre-dexed/debug/classes-5a0b0073030889075ef3290320742a29f686c7e8.jar /home/sam/AndroidStudioProjects/super-2016/BlutoothSocketReceiver/app/build/intermediates/pre-dexed/debug/classes-1ad9be9a23b1db2b984baa824b65ba3ea9526f2f.jar /home/sam/AndroidStudioProjects/super-2016/BlutoothSocketReceiver/app/build/intermediates/pre-dexed/debug/classes-2f6098d440b06af9e47ebba4821ab061009fbfc6.jar /home/sam/AndroidStudioProjects/super-2016/BlutoothSocketReceiver/app/build/intermediates/pre-dexe
Launcher Type: SUN_STANDARD

Environment Variables:
PATH=/usr/local/sbin:/usr/local/bin:/usr/sbin:/usr/bin:/sbin:/bin:/usr/games:/usr/local/games
SHELL=/bin/bash
DISPLAY=:0

Signal Handlers:
SIGSEGV: [libjvm.so+0x9548f0], sa_mask[0]=0x7ffbfeff, sa_flags=0x10000004
SIGBUS: [libjvm.so+0x9548f0], sa_mask[0]=0x7ffbfeff, sa_flags=0x10000004
SIGFPE: [libjvm.so+0x7cb0b0], sa_mask[0]=0x7ffbfeff, sa_flags=0x10000004
SIGPIPE: [libjvm.so+0x7cb0b0], sa_mask[0]=0x7ffbfeff, sa_flags=0x10000004
SIGXFSZ: [libjvm.so+0x7cb0b0], sa_mask[0]=0x7ffbfeff, sa_flags=0x10000004
SIGILL: [libjvm.so+0x7cb0b0], sa_mask[0]=0x7ffbfeff, sa_flags=0x10000004
SIGUSR1: SIG_DFL, sa_mask[0]=0x00000000, sa_flags=0x00000000
SIGUSR2: [libjvm.so+0x7caf50], sa_mask[0]=0x00000004, sa_flags=0x10000004
SIGHUP: [libjvm.so+0x7cb130], sa_mask[0]=0x7ffbfeff, sa_flags=0x10000004
SIGINT: [libjvm.so+0x7cb130], sa_mask[0]=0x7ffbfeff, sa_flags=0x10000004
SIGTERM: [libjvm.so+0x7cb130], sa_mask[0]=0x7ffbfeff, sa_flags=0x10000004
SIGQUIT: [libjvm.so+0x7cb130], sa_mask[0]=0x7ffbfeff, sa_flags=0x10000004
SIGTRAP: SIG_DFL, sa_mask[0]=0x00000000, sa_flags=0x00000000


---------------  S Y S T E M  ---------------

OS:Ubuntu 14.04 (trusty)
uname:Linux 3.16.0-57-generic #77~14.04.1-Ubuntu SMP Thu Dec 17 23:20:00 UTC 2015 x86_64
libc:glibc 2.19 NPTL 2.19 
rlimit: STACK 8192k, CORE 0k, NPROC 15465, NOFILE 4096, AS infinity
load average:1.14 1.02 0.66

/proc/meminfo:
MemTotal:        3980464 kB
MemFree:          133752 kB
MemAvailable:      92976 kB
Buffers:            2264 kB
Cached:           336196 kB
SwapCached:            0 kB
Active:          3398212 kB
Inactive:         281764 kB
Active(anon):    3372300 kB
Inactive(anon):   256420 kB
Active(file):      25912 kB
Inactive(file):    25344 kB
Unevictable:          32 kB
Mlocked:              32 kB
SwapTotal:             0 kB
SwapFree:              0 kB
Dirty:               272 kB
Writeback:             0 kB
AnonPages:       3341800 kB
Mapped:           103680 kB
Shmem:            286980 kB
Slab:              68536 kB
SReclaimable:      36120 kB
SUnreclaim:        32416 kB
KernelStack:        9360 kB
PageTables:        33900 kB
NFS_Unstable:          0 kB
Bounce:                0 kB
WritebackTmp:          0 kB
CommitLimit:     1990232 kB
Committed_AS:    6766880 kB
VmallocTotal:   34359738367 kB
VmallocUsed:      545036 kB
VmallocChunk:   34359102116 kB
HardwareCorrupted:     0 kB
AnonHugePages:   1849344 kB
HugePages_Total:       0
HugePages_Free:        0
HugePages_Rsvd:        0
HugePages_Surp:        0
Hugepagesize:       2048 kB
DirectMap4k:       72384 kB
DirectMap2M:     1957888 kB
DirectMap1G:     2097152 kB


CPU:total 4 (2 cores per cpu, 2 threads per core) family 6 model 69 stepping 1, cmov, cx8, fxsr, mmx, sse, sse2, sse3, ssse3, sse4.1, sse4.2, popcnt, avx, avx2, aes, erms, ht, tsc, tscinvbit

/proc/cpuinfo:
processor	: 0
vendor_id	: GenuineIntel
cpu family	: 6
model		: 69
model name	: Intel(R) Core(TM) i3-4030U CPU @ 1.90GHz
stepping	: 1
microcode	: 0x17
cpu MHz		: 1893.542
cache size	: 3072 KB
physical id	: 0
siblings	: 4
core id		: 0
cpu cores	: 2
apicid		: 0
initial apicid	: 0
fpu		: yes
fpu_exception	: yes
cpuid level	: 13
wp		: yes
flags		: fpu vme de pse tsc msr pae mce cx8 apic sep mtrr pge mca cmov pat pse36 clflush dts acpi mmx fxsr sse sse2 ss ht tm pbe syscall nx pdpe1gb rdtscp lm constant_tsc arch_perfmon pebs bts rep_good nopl xtopology nonstop_tsc aperfmperf eagerfpu pni pclmulqdq dtes64 monitor ds_cpl vmx est tm2 ssse3 fma cx16 xtpr pdcm pcid sse4_1 sse4_2 x2apic movbe popcnt tsc_deadline_timer aes xsave avx f16c rdrand lahf_lm abm ida arat epb xsaveopt pln pts dtherm tpr_shadow vnmi flexpriority ept vpid fsgsbase tsc_adjust bmi1 avx2 smep bmi2 erms invpcid
bogomips	: 3791.18
clflush size	: 64
cache_alignment	: 64
address sizes	: 39 bits physical, 48 bits virtual
power management:

processor	: 1
vendor_id	: GenuineIntel
cpu family	: 6
model		: 69
model name	: Intel(R) Core(TM) i3-4030U CPU @ 1.90GHz
stepping	: 1
microcode	: 0x17
cpu MHz		: 1900.148
cache size	: 3072 KB
physical id	: 0
siblings	: 4
core id		: 0
cpu cores	: 2
apicid		: 1
initial apicid	: 1
fpu		: yes
fpu_exception	: yes
cpuid level	: 13
wp		: yes
flags		: fpu vme de pse tsc msr pae mce cx8 apic sep mtrr pge mca cmov pat pse36 clflush dts acpi mmx fxsr sse sse2 ss ht tm pbe syscall nx pdpe1gb rdtscp lm constant_tsc arch_perfmon pebs bts rep_good nopl xtopology nonstop_tsc aperfmperf eagerfpu pni pclmulqdq dtes64 monitor ds_cpl vmx est tm2 ssse3 fma cx16 xtpr pdcm pcid sse4_1 sse4_2 x2apic movbe popcnt tsc_deadline_timer aes xsave avx f16c rdrand lahf_lm abm ida arat epb xsaveopt pln pts dtherm tpr_shadow vnmi flexpriority ept vpid fsgsbase tsc_adjust bmi1 avx2 smep bmi2 erms invpcid
bogomips	: 3791.18
clflush size	: 64
cache_alignment	: 64
address sizes	: 39 bits physical, 48 bits virtual
power management:

processor	: 2
vendor_id	: GenuineIntel
cpu family	: 6
model		: 69
model name	: Intel(R) Core(TM) i3-4030U CPU @ 1.90GHz
stepping	: 1
microcode	: 0x17
cpu MHz		: 1900.000
cache size	: 3072 KB
physical id	: 0
siblings	: 4
core id		: 1
cpu cores	: 2
apicid		: 2
initial apicid	: 2
fpu		: yes
fpu_exception	: yes
cpuid level	: 13
wp		: yes
flags		: fpu vme de pse tsc msr pae mce cx8 apic sep mtrr pge mca cmov pat pse36 clflush dts acpi mmx fxsr sse sse2 ss ht tm pbe syscall nx pdpe1gb rdtscp lm constant_tsc arch_perfmon pebs bts rep_good nopl xtopology nonstop_tsc aperfmperf eagerfpu pni pclmulqdq dtes64 monitor ds_cpl vmx est tm2 ssse3 fma cx16 xtpr pdcm pcid sse4_1 sse4_2 x2apic movbe popcnt tsc_deadline_timer aes xsave avx f16c rdrand lahf_lm abm ida arat epb xsaveopt pln pts dtherm tpr_shadow vnmi flexpriority ept vpid fsgsbase tsc_adjust bmi1 avx2 smep bmi2 erms invpcid
bogomips	: 3791.18
clflush size	: 64
cache_alignment	: 64
address sizes	: 39 bits physical, 48 bits virtual
power management:

processor	: 3
vendor_id	: GenuineIntel
cpu family	: 6
model		: 69
model name	: Intel(R) Core(TM) i3-4030U CPU @ 1.90GHz
stepping	: 1
microcode	: 0x17
cpu MHz		: 1900.000
cache size	: 3072 KB
physical id	: 0
siblings	: 4
core id		: 1
cpu cores	: 2
apicid		: 3
initial apicid	: 3
fpu		: yes
fpu_exception	: yes
cpuid level	: 13
wp		: yes
flags		: fpu vme de pse tsc msr pae mce cx8 apic sep mtrr pge mca cmov pat pse36 clflush dts acpi mmx fxsr sse sse2 ss ht tm pbe syscall nx pdpe1gb rdtscp lm constant_tsc arch_perfmon pebs bts rep_good nopl xtopology nonstop_tsc aperfmperf eagerfpu pni pclmulqdq dtes64 monitor ds_cpl vmx est tm2 ssse3 fma cx16 xtpr pdcm pcid sse4_1 sse4_2 x2apic movbe popcnt tsc_deadline_timer aes xsave avx f16c rdrand lahf_lm abm ida arat epb xsaveopt pln pts dtherm tpr_shadow vnmi flexpriority ept vpid fsgsbase tsc_adjust bmi1 avx2 smep bmi2 erms invpcid
bogomips	: 3791.18
clflush size	: 64
cache_alignment	: 64
address sizes	: 39 bits physical, 48 bits virtual
power management:



Memory: 4k page, physical 3980464k(133752k free), swap 0k(0k free)

vm_info: OpenJDK 64-Bit Server VM (24.91-b01) for linux-amd64 JRE (1.7.0_91-b02), built on Nov 19 2015 06:14:37 by "buildd" with gcc 4.8.2

time: Sat Jul 23 11:54:49 2016
elapsed time: 9 seconds

