#
# There is insufficient memory for the Java Runtime Environment to continue.
# Native memory allocation (malloc) failed to allocate 78643200 bytes for committing reserved memory.
# Possible reasons:
#   The system is out of physical RAM or swap space
#   In 32 bit mode, the process size limit was hit
# Possible solutions:
#   Reduce memory load on the system
#   Increase physical memory or swap space
#   Check if swap backing store is full
#   Use 64 bit Java on a 64 bit OS
#   Decrease Java heap size (-Xmx/-Xms)
#   Decrease number of Java threads
#   Decrease Java thread stack sizes (-Xss)
#   Set larger code cache with -XX:ReservedCodeCacheSize=
# This output file may be truncated or incomplete.
#
#  Out of Memory Error (os_linux.cpp:2827), pid=6106, tid=140663509010176
#
# JRE version: OpenJDK Runtime Environment (7.0_91-b02) (build 1.7.0_91-b02)
# Java VM: OpenJDK 64-Bit Server VM (24.91-b01 mixed mode linux-amd64 compressed oops)
# Derivative: IcedTea 2.6.3
# Distribution: Ubuntu 14.04 LTS, package 7u91-2.6.3-0ubuntu0.14.04.1
# Failed to write core dump. Core dumps have been disabled. To enable core dumping, try "ulimit -c unlimited" before starting Java again
#

---------------  T H R E A D  ---------------

Current thread (0x00007feecc077000):  VMThread [stack: 0x00007feec66cc000,0x00007feec67cd000] [id=6116]

Stack: [0x00007feec66cc000,0x00007feec67cd000],  sp=0x00007feec67cb490,  free space=1021k
Native frames: (J=compiled Java code, j=interpreted, Vv=VM code, C=native code)
V  [libjvm.so+0x953e15]  VMError::report_and_die()+0x175
V  [libjvm.so+0x48fd94]  report_vm_out_of_memory(char const*, int, unsigned long, char const*)+0x74
V  [libjvm.so+0x7cf87b]  os::pd_commit_memory(char*, unsigned long, unsigned long, bool)+0xeb
V  [libjvm.so+0x7ca33f]  os::commit_memory(char*, unsigned long, unsigned long, bool)+0x1f
V  [libjvm.so+0x83dacb]  PSVirtualSpace::expand_by(unsigned long)+0x5b
V  [libjvm.so+0x83e930]  PSYoungGen::resize_generation(unsigned long, unsigned long)+0xb0
V  [libjvm.so+0x83f01b]  PSYoungGen::resize(unsigned long, unsigned long)+0x1b
V  [libjvm.so+0x83b258]  PSScavenge::invoke_no_policy()+0xd68
V  [libjvm.so+0x83bac8]  PSScavenge::invoke()+0x38
V  [libjvm.so+0x7f2083]  ParallelScavengeHeap::failed_mem_allocate(unsigned long)+0x63
V  [libjvm.so+0x955814]  VM_ParallelGCFailedAllocation::doit()+0x84
V  [libjvm.so+0x959917]  VM_Operation::evaluate()+0x47
V  [libjvm.so+0x9583d8]  VMThread::evaluate_operation(VM_Operation*)+0x318
V  [libjvm.so+0x958839]  VMThread::loop()+0x219
V  [libjvm.so+0x958c82]  VMThread::run()+0x72
V  [libjvm.so+0x7cc742]  java_start(Thread*)+0xf2

VM_Operation (0x00007feed4f4b2e0): ParallelGCFailedAllocation, mode: safepoint, requested by thread 0x00007feecc00b800


---------------  P R O C E S S  ---------------

Java Threads: ( => current thread )
  0x00007feecc0b0000 JavaThread "Service Thread" daemon [_thread_blocked, id=6122, stack(0x00007feec59e4000,0x00007feec5ae5000)]
  0x00007feecc0ad800 JavaThread "C2 CompilerThread1" daemon [_thread_blocked, id=6121, stack(0x00007feec5ae5000,0x00007feec5be6000)]
  0x00007feecc0aa800 JavaThread "C2 CompilerThread0" daemon [_thread_blocked, id=6120, stack(0x00007feec5be6000,0x00007feec5ce7000)]
  0x00007feecc0a8800 JavaThread "Signal Dispatcher" daemon [_thread_blocked, id=6119, stack(0x00007feec5ce7000,0x00007feec5de8000)]
  0x00007feecc07d800 JavaThread "Finalizer" daemon [_thread_blocked, id=6118, stack(0x00007feec64ca000,0x00007feec65cb000)]
  0x00007feecc07b800 JavaThread "Reference Handler" daemon [_thread_blocked, id=6117, stack(0x00007feec65cb000,0x00007feec66cc000)]
  0x00007feecc00b800 JavaThread "main" [_thread_blocked, id=6111, stack(0x00007feed4e4c000,0x00007feed4f4d000)]

Other Threads:
=>0x00007feecc077000 VMThread [stack: 0x00007feec66cc000,0x00007feec67cd000] [id=6116]
  0x00007feecc0bb000 WatcherThread [stack: 0x00007feec58e3000,0x00007feec59e4000] [id=6123]

VM state:at safepoint (normal execution)

VM Mutex/Monitor currently owned by a thread:  ([mutex/lock_event])
[0x00007feecc007da0] Threads_lock - owner thread: 0x00007feecc077000
[0x00007feecc0082a0] Heap_lock - owner thread: 0x00007feecc00b800

Heap
 PSYoungGen      total 140288K, used 12813K [0x00000000eaa80000, 0x00000000f4280000, 0x0000000100000000)
  eden space 125952K, 0% used [0x00000000eaa80000,0x00000000eaa80000,0x00000000f2580000)
  from space 14336K, 89% used [0x00000000f2580000,0x00000000f3203648,0x00000000f3380000)
  to   space 13312K, 0% used [0x00000000f3380000,0x00000000f3380000,0x00000000f4080000)
 ParOldGen       total 41472K, used 28886K [0x00000000c0000000, 0x00000000c2880000, 0x00000000eaa80000)
  object space 41472K, 69% used [0x00000000c0000000,0x00000000c1c35ac8,0x00000000c2880000)
 PSPermGen       total 21504K, used 7413K [0x00000000b5a00000, 0x00000000b6f00000, 0x00000000c0000000)
  object space 21504K, 34% used [0x00000000b5a00000,0x00000000b613d788,0x00000000b6f00000)

Card table byte_map: [0x00007feed182b000,0x00007feed1a7f000] byte_map_base: 0x00007feed127e000

Polling page: 0x00007feed4f68000

Code Cache  [0x00007feec9000000, 0x00007feec9310000, 0x00007feecc000000)
 total_blobs=1278 nmethods=1027 adapters=204 free_code_cache=46108Kb largest_free_block=47141696

Compilation events (10 events):
Event: 8.664 Thread 0x00007feecc0aa800 nmethod 1043 0x00007feec92ff790 code [0x00007feec92ffc60, 0x00007feec93023d0]
Event: 8.665 Thread 0x00007feecc0aa800 1064 %           com.android.dx.merge.DexMerger::readSortableTypes @ 11 (129 bytes)
Event: 8.665 Thread 0x00007feecc0ad800 nmethod 1063 0x00007feec9306210 code [0x00007feec9306520, 0x00007feec93081e8]
Event: 8.666 Thread 0x00007feecc0ad800 1065             java.util.TimSort::gallopRight (335 bytes)
Event: 8.675 Thread 0x00007feecc0aa800 nmethod 1064% 0x00007feec92fcfd0 code [0x00007feec92fd180, 0x00007feec92fd698]
Event: 8.675 Thread 0x00007feecc0aa800 1066             java.util.TimSort::gallopLeft (335 bytes)
Event: 8.683 Thread 0x00007feecc0ad800 nmethod 1065 0x00007feec92fe310 code [0x00007feec92fe4e0, 0x00007feec92fee78]
Event: 8.683 Thread 0x00007feecc0ad800 1067             java.util.Arrays$ArrayList::indexOf (69 bytes)
Event: 8.688 Thread 0x00007feecc0ad800 nmethod 1067 0x00007feec92f2ed0 code [0x00007feec92f3040, 0x00007feec92f32b8]
Event: 8.688 Thread 0x00007feecc0ad800 1068             com.android.dx.io.instructions.InstructionCodec$28::decode (7 bytes)

GC Heap History (10 events):
Event: 3.603 GC heap after
Heap after GC invocations=4 (full 0):
 PSYoungGen      total 34304K, used 2528K [0x00000000eaa80000, 0x00000000ece80000, 0x0000000100000000)
  eden space 31744K, 0% used [0x00000000eaa80000,0x00000000eaa80000,0x00000000ec980000)
  from space 2560K, 98% used [0x00000000ecc00000,0x00000000ece78028,0x00000000ece80000)
  to   space 2560K, 0% used [0x00000000ec980000,0x00000000ec980000,0x00000000ecc00000)
 ParOldGen       total 41472K, used 15617K [0x00000000c0000000, 0x00000000c2880000, 0x00000000eaa80000)
  object space 41472K, 37% used [0x00000000c0000000,0x00000000c0f406b8,0x00000000c2880000)
 PSPermGen       total 21504K, used 5318K [0x00000000b5a00000, 0x00000000b6f00000, 0x00000000c0000000)
  object space 21504K, 24% used [0x00000000b5a00000,0x00000000b5f31998,0x00000000b6f00000)
}
Event: 4.566 GC heap before
{Heap before GC invocations=5 (full 0):
 PSYoungGen      total 34304K, used 34272K [0x00000000eaa80000, 0x00000000ece80000, 0x0000000100000000)
  eden space 31744K, 100% used [0x00000000eaa80000,0x00000000ec980000,0x00000000ec980000)
  from space 2560K, 98% used [0x00000000ecc00000,0x00000000ece78028,0x00000000ece80000)
  to   space 2560K, 0% used [0x00000000ec980000,0x00000000ec980000,0x00000000ecc00000)
 ParOldGen       total 41472K, used 15617K [0x00000000c0000000, 0x00000000c2880000, 0x00000000eaa80000)
  object space 41472K, 37% used [0x00000000c0000000,0x00000000c0f406b8,0x00000000c2880000)
 PSPermGen       total 21504K, used 5363K [0x00000000b5a00000, 0x00000000b6f00000, 0x00000000c0000000)
  object space 21504K, 24% used [0x00000000b5a00000,0x00000000b5f3cc28,0x00000000b6f00000)
Event: 4.588 GC heap after
Heap after GC invocations=5 (full 0):
 PSYoungGen      total 34304K, used 2531K [0x00000000eaa80000, 0x00000000efc80000, 0x0000000100000000)
  eden space 31744K, 0% used [0x00000000eaa80000,0x00000000eaa80000,0x00000000ec980000)
  from space 2560K, 98% used [0x00000000ec980000,0x00000000ecbf8f40,0x00000000ecc00000)
  to   space 10240K, 0% used [0x00000000ef280000,0x00000000ef280000,0x00000000efc80000)
 ParOldGen       total 41472K, used 21366K [0x00000000c0000000, 0x00000000c2880000, 0x00000000eaa80000)
  object space 41472K, 51% used [0x00000000c0000000,0x00000000c14ddac8,0x00000000c2880000)
 PSPermGen       total 21504K, used 5363K [0x00000000b5a00000, 0x00000000b6f00000, 0x00000000c0000000)
  object space 21504K, 24% used [0x00000000b5a00000,0x00000000b5f3cc28,0x00000000b6f00000)
}
Event: 5.122 GC heap before
{Heap before GC invocations=6 (full 0):
 PSYoungGen      total 34304K, used 34275K [0x00000000eaa80000, 0x00000000efc80000, 0x0000000100000000)
  eden space 31744K, 100% used [0x00000000eaa80000,0x00000000ec980000,0x00000000ec980000)
  from space 2560K, 98% used [0x00000000ec980000,0x00000000ecbf8f40,0x00000000ecc00000)
  to   space 10240K, 0% used [0x00000000ef280000,0x00000000ef280000,0x00000000efc80000)
 ParOldGen       total 41472K, used 21366K [0x00000000c0000000, 0x00000000c2880000, 0x00000000eaa80000)
  object space 41472K, 51% used [0x00000000c0000000,0x00000000c14ddac8,0x00000000c2880000)
 PSPermGen       total 21504K, used 5387K [0x00000000b5a00000, 0x00000000b6f00000, 0x00000000c0000000)
  object space 21504K, 25% used [0x00000000b5a00000,0x00000000b5f42cc8,0x00000000b6f00000)
Event: 5.147 GC heap after
Heap after GC invocations=6 (full 0):
 PSYoungGen      total 72704K, used 6271K [0x00000000eaa80000, 0x00000000efb80000, 0x0000000100000000)
  eden space 63488K, 0% used [0x00000000eaa80000,0x00000000eaa80000,0x00000000ee880000)
  from space 9216K, 68% used [0x00000000ef280000,0x00000000ef89fd38,0x00000000efb80000)
  to   space 9728K, 0% used [0x00000000ee880000,0x00000000ee880000,0x00000000ef200000)
 ParOldGen       total 41472K, used 21366K [0x00000000c0000000, 0x00000000c2880000, 0x00000000eaa80000)
  object space 41472K, 51% used [0x00000000c0000000,0x00000000c14ddac8,0x00000000c2880000)
 PSPermGen       total 21504K, used 5387K [0x00000000b5a00000, 0x00000000b6f00000, 0x00000000c0000000)
  object space 21504K, 25% used [0x00000000b5a00000,0x00000000b5f42cc8,0x00000000b6f00000)
}
Event: 7.497 GC heap before
{Heap before GC invocations=7 (full 0):
 PSYoungGen      total 72704K, used 69759K [0x00000000eaa80000, 0x00000000efb80000, 0x0000000100000000)
  eden space 63488K, 100% used [0x00000000eaa80000,0x00000000ee880000,0x00000000ee880000)
  from space 9216K, 68% used [0x00000000ef280000,0x00000000ef89fd38,0x00000000efb80000)
  to   space 9728K, 0% used [0x00000000ee880000,0x00000000ee880000,0x00000000ef200000)
 ParOldGen       total 41472K, used 21366K [0x00000000c0000000, 0x00000000c2880000, 0x00000000eaa80000)
  object space 41472K, 51% used [0x00000000c0000000,0x00000000c14ddac8,0x00000000c2880000)
 PSPermGen       total 21504K, used 7274K [0x00000000b5a00000, 0x00000000b6f00000, 0x00000000c0000000)
  object space 21504K, 33% used [0x00000000b5a00000,0x00000000b611a808,0x00000000b6f00000)
Event: 7.520 GC heap after
Heap after GC invocations=7 (full 0):
 PSYoungGen      total 73216K, used 9712K [0x00000000eaa80000, 0x00000000f4080000, 0x0000000100000000)
  eden space 63488K, 0% used [0x00000000eaa80000,0x00000000eaa80000,0x00000000ee880000)
  from space 9728K, 99% used [0x00000000ee880000,0x00000000ef1fc2e0,0x00000000ef200000)
  to   space 13312K, 0% used [0x00000000f3380000,0x00000000f3380000,0x00000000f4080000)
 ParOldGen       total 41472K, used 26118K [0x00000000c0000000, 0x00000000c2880000, 0x00000000eaa80000)
  object space 41472K, 62% used [0x00000000c0000000,0x00000000c1981b90,0x00000000c2880000)
 PSPermGen       total 21504K, used 7274K [0x00000000b5a00000, 0x00000000b6f00000, 0x00000000c0000000)
  object space 21504K, 33% used [0x00000000b5a00000,0x00000000b611a808,0x00000000b6f00000)
}
Event: 8.021 GC heap before
{Heap before GC invocations=8 (full 0):
 PSYoungGen      total 73216K, used 73200K [0x00000000eaa80000, 0x00000000f4080000, 0x0000000100000000)
  eden space 63488K, 100% used [0x00000000eaa80000,0x00000000ee880000,0x00000000ee880000)
  from space 9728K, 99% used [0x00000000ee880000,0x00000000ef1fc2e0,0x00000000ef200000)
  to   space 13312K, 0% used [0x00000000f3380000,0x00000000f3380000,0x00000000f4080000)
 ParOldGen       total 41472K, used 26118K [0x00000000c0000000, 0x00000000c2880000, 0x00000000eaa80000)
  object space 41472K, 62% used [0x00000000c0000000,0x00000000c1981b90,0x00000000c2880000)
 PSPermGen       total 21504K, used 7311K [0x00000000b5a00000, 0x00000000b6f00000, 0x00000000c0000000)
  object space 21504K, 33% used [0x00000000b5a00000,0x00000000b6123d20,0x00000000b6f00000)
Event: 8.062 GC heap after
Heap after GC invocations=8 (full 0):
 PSYoungGen      total 139264K, used 12080K [0x00000000eaa80000, 0x00000000f4280000, 0x0000000100000000)
  eden space 125952K, 0% used [0x00000000eaa80000,0x00000000eaa80000,0x00000000f2580000)
  from space 13312K, 90% used [0x00000000f3380000,0x00000000f3f4c1e0,0x00000000f4080000)
  to   space 14336K, 0% used [0x00000000f2580000,0x00000000f2580000,0x00000000f3380000)
 ParOldGen       total 41472K, used 26486K [0x00000000c0000000, 0x00000000c2880000, 0x00000000eaa80000)
  object space 41472K, 63% used [0x00000000c0000000,0x00000000c19dd820,0x00000000c2880000)
 PSPermGen       total 21504K, used 7311K [0x00000000b5a00000, 0x00000000b6f00000, 0x00000000c0000000)
  object space 21504K, 33% used [0x00000000b5a00000,0x00000000b6123d20,0x00000000b6f00000)
}
Event: 8.690 GC heap before
{Heap before GC invocations=9 (full 0):
 PSYoungGen      total 139264K, used 138032K [0x00000000eaa80000, 0x00000000f4280000, 0x0000000100000000)
  eden space 125952K, 100% used [0x00000000eaa80000,0x00000000f2580000,0x00000000f2580000)
  from space 13312K, 90% used [0x00000000f3380000,0x00000000f3f4c1e0,0x00000000f4080000)
  to   space 14336K, 0% used [0x00000000f2580000,0x00000000f2580000,0x00000000f3380000)
 ParOldGen       total 41472K, used 26486K [0x00000000c0000000, 0x00000000c2880000, 0x00000000eaa80000)
  object space 41472K, 63% used [0x00000000c0000000,0x00000000c19dd820,0x00000000c2880000)
 PSPermGen       total 21504K, used 7413K [0x00000000b5a00000, 0x00000000b6f00000, 0x00000000c0000000)
  object space 21504K, 34% used [0x00000000b5a00000,0x00000000b613d788,0x00000000b6f00000)

Deoptimization events (10 events):
Event: 8.063 Thread 0x00007feecc00b800 Uncommon trap: reason=unstable_if action=reinterpret pc=0x00007feec925a634 method=com.android.dex.Mutf8.encode([BILjava/lang/String;)V @ 31
Event: 8.063 Thread 0x00007feecc00b800 Uncommon trap: reason=unstable_if action=reinterpret pc=0x00007feec9253194 method=com.android.dex.Mutf8.countBytes(Ljava/lang/String;Z)J @ 35
Event: 8.130 Thread 0x00007feecc00b800 Uncommon trap: reason=array_check action=maybe_recompile pc=0x00007feec92cb864 method=java.util.TimSort.binarySort([Ljava/lang/Object;IIILjava/util/Comparator;)V @ 183
Event: 8.130 Thread 0x00007feecc00b800 Uncommon trap: reason=array_check action=maybe_recompile pc=0x00007feec92cb788 method=java.util.TimSort.binarySort([Ljava/lang/Object;IIILjava/util/Comparator;)V @ 193
Event: 8.131 Thread 0x00007feecc00b800 Uncommon trap: reason=array_check action=maybe_recompile pc=0x00007feec92cb788 method=java.util.TimSort.binarySort([Ljava/lang/Object;IIILjava/util/Comparator;)V @ 193
Event: 8.131 Thread 0x00007feecc00b800 Uncommon trap: reason=array_check action=maybe_recompile pc=0x00007feec92cb788 method=java.util.TimSort.binarySort([Ljava/lang/Object;IIILjava/util/Comparator;)V @ 193
Event: 8.233 Thread 0x00007feecc00b800 Uncommon trap: reason=array_check action=maybe_recompile pc=0x00007feec91369ec method=java.util.ComparableTimSort.binarySort([Ljava/lang/Object;III)V @ 193
Event: 8.267 Thread 0x00007feecc00b800 Uncommon trap: reason=array_check action=maybe_recompile pc=0x00007feec92d6554 method=java.util.TimSort.binarySort([Ljava/lang/Object;IIILjava/util/Comparator;)V @ 215
Event: 8.268 Thread 0x00007feecc00b800 Uncommon trap: reason=array_check action=maybe_recompile pc=0x00007feec92d6554 method=java.util.TimSort.binarySort([Ljava/lang/Object;IIILjava/util/Comparator;)V @ 215
Event: 8.535 Thread 0x00007feecc00b800 Uncommon trap: reason=array_check action=maybe_recompile pc=0x00007feec91369ec method=java.util.ComparableTimSort.binarySort([Ljava/lang/Object;III)V @ 193

Internal exceptions (10 events):
Event: 6.840 Thread 0x00007feecc00b800 Threw 0x00000000ec640f68 at /build/openjdk-7-zaTxYK/openjdk-7-7u91-2.6.3/build/openjdk/hotspot/src/share/vm/prims/jvm.cpp:1322
Event: 6.841 Thread 0x00007feecc00b800 Threw 0x00000000ec644ba8 at /build/openjdk-7-zaTxYK/openjdk-7-7u91-2.6.3/build/openjdk/hotspot/src/share/vm/prims/jvm.cpp:1322
Event: 6.841 Thread 0x00007feecc00b800 Threw 0x00000000ec648938 at /build/openjdk-7-zaTxYK/openjdk-7-7u91-2.6.3/build/openjdk/hotspot/src/share/vm/prims/jvm.cpp:1322
Event: 6.843 Thread 0x00007feecc00b800 Threw 0x00000000ec64e8c8 at /build/openjdk-7-zaTxYK/openjdk-7-7u91-2.6.3/build/openjdk/hotspot/src/share/vm/prims/jvm.cpp:1322
Event: 6.844 Thread 0x00007feecc00b800 Threw 0x00000000ec652398 at /build/openjdk-7-zaTxYK/openjdk-7-7u91-2.6.3/build/openjdk/hotspot/src/share/vm/prims/jvm.cpp:1322
Event: 6.844 Thread 0x00007feecc00b800 Threw 0x00000000ec656060 at /build/openjdk-7-zaTxYK/openjdk-7-7u91-2.6.3/build/openjdk/hotspot/src/share/vm/prims/jvm.cpp:1322
Event: 6.845 Thread 0x00007feecc00b800 Threw 0x00000000ec659a98 at /build/openjdk-7-zaTxYK/openjdk-7-7u91-2.6.3/build/openjdk/hotspot/src/share/vm/prims/jvm.cpp:1322
Event: 6.847 Thread 0x00007feecc00b800 Threw 0x00000000ec6a1578 at /build/openjdk-7-zaTxYK/openjdk-7-7u91-2.6.3/build/openjdk/hotspot/src/share/vm/prims/jvm.cpp:1322
Event: 6.848 Thread 0x00007feecc00b800 Threw 0x00000000ec6a40e0 at /build/openjdk-7-zaTxYK/openjdk-7-7u91-2.6.3/build/openjdk/hotspot/src/share/vm/prims/jvm.cpp:1322
Event: 7.463 Thread 0x00007feecc00b800 Threw 0x00000000ee566578 at /build/openjdk-7-zaTxYK/openjdk-7-7u91-2.6.3/build/openjdk/hotspot/src/share/vm/prims/jvm.cpp:1322

Events (10 events):
Event: 8.267 Thread 0x00007feecc00b800 Uncommon trap: trap_request=0xffffffd6 fr.pc=0x00007feec92d6554
Event: 8.267 Thread 0x00007feecc00b800 DEOPT PACKING pc=0x00007feec92d6554 sp=0x00007feed4f4b4b0
Event: 8.267 Thread 0x00007feecc00b800 DEOPT UNPACKING pc=0x00007feec9039445 sp=0x00007feed4f4b488 mode 2
Event: 8.268 Thread 0x00007feecc00b800 Uncommon trap: trap_request=0xffffffd6 fr.pc=0x00007feec92d6554
Event: 8.268 Thread 0x00007feecc00b800 DEOPT PACKING pc=0x00007feec92d6554 sp=0x00007feed4f4b4b0
Event: 8.268 Thread 0x00007feecc00b800 DEOPT UNPACKING pc=0x00007feec9039445 sp=0x00007feed4f4b488 mode 2
Event: 8.535 Thread 0x00007feecc00b800 Uncommon trap: trap_request=0xffffffd6 fr.pc=0x00007feec91369ec
Event: 8.535 Thread 0x00007feecc00b800 DEOPT PACKING pc=0x00007feec91369ec sp=0x00007feed4f4b450
Event: 8.535 Thread 0x00007feecc00b800 DEOPT UNPACKING pc=0x00007feec9039445 sp=0x00007feed4f4b418 mode 2
Event: 8.690 Executing VM operation: ParallelGCFailedAllocation


Dynamic libraries:
00400000-00401000 r-xp 00000000 08:06 2890602                            /usr/lib/jvm/java-7-openjdk-amd64/jre/bin/java
00600000-00601000 r--p 00000000 08:06 2890602                            /usr/lib/jvm/java-7-openjdk-amd64/jre/bin/java
00601000-00602000 rw-p 00001000 08:06 2890602                            /usr/lib/jvm/java-7-openjdk-amd64/jre/bin/java
0202d000-0204e000 rw-p 00000000 00:00 0                                  [heap]
b5a00000-b6f00000 rw-p 00000000 00:00 0 
b6f00000-c0000000 rw-p 00000000 00:00 0 
c0000000-c2880000 rw-p 00000000 00:00 0 
c2880000-eaa80000 rw-p 00000000 00:00 0 
eaa80000-f4280000 rw-p 00000000 00:00 0 
f8d80000-100000000 rw-p 00000000 00:00 0 
7fee88000000-7fee88021000 rw-p 00000000 00:00 0 
7fee88021000-7fee8c000000 ---p 00000000 00:00 0 
7fee90000000-7fee90e30000 rw-p 00000000 00:00 0 
7fee90e30000-7fee94000000 ---p 00000000 00:00 0 
7fee94000000-7fee94021000 rw-p 00000000 00:00 0 
7fee94021000-7fee98000000 ---p 00000000 00:00 0 
7fee98000000-7fee98021000 rw-p 00000000 00:00 0 
7fee98021000-7fee9c000000 ---p 00000000 00:00 0 
7fee9c000000-7fee9ce92000 rw-p 00000000 00:00 0 
7fee9ce92000-7feea0000000 ---p 00000000 00:00 0 
7feea0000000-7feea0021000 rw-p 00000000 00:00 0 
7feea0021000-7feea4000000 ---p 00000000 00:00 0 
7feea4000000-7feea4021000 rw-p 00000000 00:00 0 
7feea4021000-7feea8000000 ---p 00000000 00:00 0 
7feea8000000-7feea8021000 rw-p 00000000 00:00 0 
7feea8021000-7feeac000000 ---p 00000000 00:00 0 
7feeac000000-7feeac24a000 rw-p 00000000 00:00 0 
7feeac24a000-7feeb0000000 ---p 00000000 00:00 0 
7feeb0000000-7feeb0021000 rw-p 00000000 00:00 0 
7feeb0021000-7feeb4000000 ---p 00000000 00:00 0 
7feeb8000000-7feeb8021000 rw-p 00000000 00:00 0 
7feeb8021000-7feebc000000 ---p 00000000 00:00 0 
7feec0000000-7feec0021000 rw-p 00000000 00:00 0 
7feec0021000-7feec4000000 ---p 00000000 00:00 0 
7feec4165000-7feec41a2000 r-xp 00000000 08:06 1179826                    /lib/x86_64-linux-gnu/libpcre.so.3.13.1
7feec41a2000-7feec43a1000 ---p 0003d000 08:06 1179826                    /lib/x86_64-linux-gnu/libpcre.so.3.13.1
7feec43a1000-7feec43a2000 r--p 0003c000 08:06 1179826                    /lib/x86_64-linux-gnu/libpcre.so.3.13.1
7feec43a2000-7feec43a3000 rw-p 0003d000 08:06 1179826                    /lib/x86_64-linux-gnu/libpcre.so.3.13.1
7feec43a3000-7feec43aa000 r-xp 00000000 08:06 2884001                    /usr/lib/x86_64-linux-gnu/libffi.so.6.0.1
7feec43aa000-7feec45a9000 ---p 00007000 08:06 2884001                    /usr/lib/x86_64-linux-gnu/libffi.so.6.0.1
7feec45a9000-7feec45aa000 r--p 00006000 08:06 2884001                    /usr/lib/x86_64-linux-gnu/libffi.so.6.0.1
7feec45aa000-7feec45ab000 rw-p 00007000 08:06 2884001                    /usr/lib/x86_64-linux-gnu/libffi.so.6.0.1
7feec45ab000-7feec45c2000 r-xp 00000000 08:06 1179653                    /lib/x86_64-linux-gnu/libresolv-2.19.so
7feec45c2000-7feec47c2000 ---p 00017000 08:06 1179653                    /lib/x86_64-linux-gnu/libresolv-2.19.so
7feec47c2000-7feec47c3000 r--p 00017000 08:06 1179653                    /lib/x86_64-linux-gnu/libresolv-2.19.so
7feec47c3000-7feec47c4000 rw-p 00018000 08:06 1179653                    /lib/x86_64-linux-gnu/libresolv-2.19.so
7feec47c4000-7feec47c6000 rw-p 00000000 00:00 0 
7feec47c6000-7feec47e6000 r-xp 00000000 08:06 1183892                    /lib/x86_64-linux-gnu/libselinux.so.1
7feec47e6000-7feec49e5000 ---p 00020000 08:06 1183892                    /lib/x86_64-linux-gnu/libselinux.so.1
7feec49e5000-7feec49e6000 r--p 0001f000 08:06 1183892                    /lib/x86_64-linux-gnu/libselinux.so.1
7feec49e6000-7feec49e7000 rw-p 00020000 08:06 1183892                    /lib/x86_64-linux-gnu/libselinux.so.1
7feec49e7000-7feec49e9000 rw-p 00000000 00:00 0 
7feec49e9000-7feec49ec000 r-xp 00000000 08:06 2893132                    /usr/lib/x86_64-linux-gnu/libgmodule-2.0.so.0.4002.0
7feec49ec000-7feec4beb000 ---p 00003000 08:06 2893132                    /usr/lib/x86_64-linux-gnu/libgmodule-2.0.so.0.4002.0
7feec4beb000-7feec4bec000 r--p 00002000 08:06 2893132                    /usr/lib/x86_64-linux-gnu/libgmodule-2.0.so.0.4002.0
7feec4bec000-7feec4bed000 rw-p 00003000 08:06 2893132                    /usr/lib/x86_64-linux-gnu/libgmodule-2.0.so.0.4002.0
7feec4bed000-7feec4cf3000 r-xp 00000000 08:06 1183793                    /lib/x86_64-linux-gnu/libglib-2.0.so.0.4002.0
7feec4cf3000-7feec4ef2000 ---p 00106000 08:06 1183793                    /lib/x86_64-linux-gnu/libglib-2.0.so.0.4002.0
7feec4ef2000-7feec4ef3000 r--p 00105000 08:06 1183793                    /lib/x86_64-linux-gnu/libglib-2.0.so.0.4002.0
7feec4ef3000-7feec4ef4000 rw-p 00106000 08:06 1183793                    /lib/x86_64-linux-gnu/libglib-2.0.so.0.4002.0
7feec4ef4000-7feec4ef5000 rw-p 00000000 00:00 0 
7feec4ef5000-7feec4f44000 r-xp 00000000 08:06 2893148                    /usr/lib/x86_64-linux-gnu/libgobject-2.0.so.0.4002.0
7feec4f44000-7feec5144000 ---p 0004f000 08:06 2893148                    /usr/lib/x86_64-linux-gnu/libgobject-2.0.so.0.4002.0
7feec5144000-7feec5145000 r--p 0004f000 08:06 2893148                    /usr/lib/x86_64-linux-gnu/libgobject-2.0.so.0.4002.0
7feec5145000-7feec5146000 rw-p 00050000 08:06 2893148                    /usr/lib/x86_64-linux-gnu/libgobject-2.0.so.0.4002.0
7feec5146000-7feec52b2000 r-xp 00000000 08:06 2893120                    /usr/lib/x86_64-linux-gnu/libgio-2.0.so.0.4002.0
7feec52b2000-7feec54b1000 ---p 0016c000 08:06 2893120                    /usr/lib/x86_64-linux-gnu/libgio-2.0.so.0.4002.0
7feec54b1000-7feec54b5000 r--p 0016b000 08:06 2893120                    /usr/lib/x86_64-linux-gnu/libgio-2.0.so.0.4002.0
7feec54b5000-7feec54b7000 rw-p 0016f000 08:06 2893120                    /usr/lib/x86_64-linux-gnu/libgio-2.0.so.0.4002.0
7feec54b7000-7feec54b9000 rw-p 00000000 00:00 0 
7feec54b9000-7feec54d0000 r-xp 00000000 08:06 2890768                    /usr/lib/jvm/java-7-openjdk-amd64/jre/lib/amd64/libnet.so
7feec54d0000-7feec56cf000 ---p 00017000 08:06 2890768                    /usr/lib/jvm/java-7-openjdk-amd64/jre/lib/amd64/libnet.so
7feec56cf000-7feec56d0000 r--p 00016000 08:06 2890768                    /usr/lib/jvm/java-7-openjdk-amd64/jre/lib/amd64/libnet.so
7feec56d0000-7feec56d1000 rw-p 00017000 08:06 2890768                    /usr/lib/jvm/java-7-openjdk-amd64/jre/lib/amd64/libnet.so
7feec56d1000-7feec56e1000 r-xp 00000000 08:06 2890738                    /usr/lib/jvm/java-7-openjdk-amd64/jre/lib/amd64/libnio.so
7feec56e1000-7feec58e1000 ---p 00010000 08:06 2890738                    /usr/lib/jvm/java-7-openjdk-amd64/jre/lib/amd64/libnio.so
7feec58e1000-7feec58e2000 r--p 00010000 08:06 2890738                    /usr/lib/jvm/java-7-openjdk-amd64/jre/lib/amd64/libnio.so
7feec58e2000-7feec58e3000 rw-p 00011000 08:06 2890738                    /usr/lib/jvm/java-7-openjdk-amd64/jre/lib/amd64/libnio.so
7feec58e3000-7feec58e4000 ---p 00000000 00:00 0 
7feec58e4000-7feec59e4000 rw-p 00000000 00:00 0                          [stack:6123]
7feec59e4000-7feec59e7000 ---p 00000000 00:00 0 
7feec59e7000-7feec5ae5000 rw-p 00000000 00:00 0                          [stack:6122]
7feec5ae5000-7feec5ae8000 ---p 00000000 00:00 0 
7feec5ae8000-7feec5be6000 rw-p 00000000 00:00 0                          [stack:6121]
7feec5be6000-7feec5be9000 ---p 00000000 00:00 0 
7feec5be9000-7feec5ce7000 rw-p 00000000 00:00 0                          [stack:6120]
7feec5ce7000-7feec5cea000 ---p 00000000 00:00 0 
7feec5cea000-7feec5de8000 rw-p 00000000 00:00 0                          [stack:6119]
7feec5de8000-7feec64ca000 r--p 00000000 08:06 2891586                    /usr/lib/locale/locale-archive
7feec64ca000-7feec64cd000 ---p 00000000 00:00 0 
7feec64cd000-7feec65cb000 rw-p 00000000 00:00 0                          [stack:6118]
7feec65cb000-7feec65ce000 ---p 00000000 00:00 0 
7feec65ce000-7feec66cc000 rw-p 00000000 00:00 0                          [stack:6117]
7feec66cc000-7feec66cd000 ---p 00000000 00:00 0 
7feec66cd000-7feec9000000 rw-p 00000000 00:00 0                          [stack:6116]
7feec9000000-7feec9310000 rwxp 00000000 00:00 0 
7feec9310000-7feecc287000 rw-p 00000000 00:00 0 
7feecc287000-7feed0000000 ---p 00000000 00:00 0 
7feed0072000-7feed0077000 r--s 0004e000 08:06 2890779                    /usr/lib/jvm/java-7-openjdk-amd64/jre/lib/jsse.jar
7feed0077000-7feed0086000 r--s 000dd000 08:06 2230896                    /home/sam/Android/Sdk/build-tools/21.1.2/lib/dx.jar
7feed0086000-7feed0d80000 rw-p 00000000 00:00 0 
7feed0d80000-7feed0f32000 r--s 01d2e000 08:06 2890732                    /usr/lib/jvm/java-7-openjdk-amd64/jre/lib/rt.jar
7feed0f32000-7feed127e000 rw-p 00000000 00:00 0 
7feed127e000-7feed127f000 ---p 00000000 00:00 0 
7feed127f000-7feed137f000 rw-p 00000000 00:00 0                          [stack:6115]
7feed137f000-7feed1380000 ---p 00000000 00:00 0 
7feed1380000-7feed1480000 rw-p 00000000 00:00 0                          [stack:6114]
7feed1480000-7feed1481000 ---p 00000000 00:00 0 
7feed1481000-7feed1581000 rw-p 00000000 00:00 0                          [stack:6113]
7feed1581000-7feed1582000 ---p 00000000 00:00 0 
7feed1582000-7feed168d000 rw-p 00000000 00:00 0                          [stack:6112]
7feed168d000-7feed16d5000 rw-p 00000000 00:00 0 
7feed16d5000-7feed16ea000 rw-p 00000000 00:00 0 
7feed16ea000-7feed182b000 rw-p 00000000 00:00 0 
7feed182b000-7feed1836000 rw-p 00000000 00:00 0 
7feed1836000-7feed187e000 rw-p 00000000 00:00 0 
7feed187e000-7feed1893000 rw-p 00000000 00:00 0 
7feed1893000-7feed19d3000 rw-p 00000000 00:00 0 
7feed19d3000-7feed1a20000 rw-p 00000000 00:00 0 
7feed1a20000-7feed1a7e000 rw-p 00000000 00:00 0 
7feed1a7e000-7feed1a7f000 rw-p 00000000 00:00 0 
7feed1a7f000-7feed1a87000 r-xp 00000000 08:06 2890742                    /usr/lib/jvm/java-7-openjdk-amd64/jre/lib/amd64/libzip.so
7feed1a87000-7feed1c86000 ---p 00008000 08:06 2890742                    /usr/lib/jvm/java-7-openjdk-amd64/jre/lib/amd64/libzip.so
7feed1c86000-7feed1c87000 r--p 00007000 08:06 2890742                    /usr/lib/jvm/java-7-openjdk-amd64/jre/lib/amd64/libzip.so
7feed1c87000-7feed1c88000 rw-p 00008000 08:06 2890742                    /usr/lib/jvm/java-7-openjdk-amd64/jre/lib/amd64/libzip.so
7feed1c88000-7feed1c93000 r-xp 00000000 08:06 1179667                    /lib/x86_64-linux-gnu/libnss_files-2.19.so
7feed1c93000-7feed1e92000 ---p 0000b000 08:06 1179667                    /lib/x86_64-linux-gnu/libnss_files-2.19.so
7feed1e92000-7feed1e93000 r--p 0000a000 08:06 1179667                    /lib/x86_64-linux-gnu/libnss_files-2.19.so
7feed1e93000-7feed1e94000 rw-p 0000b000 08:06 1179667                    /lib/x86_64-linux-gnu/libnss_files-2.19.so
7feed1e94000-7feed1e9f000 r-xp 00000000 08:06 1183692                    /lib/x86_64-linux-gnu/libnss_nis-2.19.so
7feed1e9f000-7feed209e000 ---p 0000b000 08:06 1183692                    /lib/x86_64-linux-gnu/libnss_nis-2.19.so
7feed209e000-7feed209f000 r--p 0000a000 08:06 1183692                    /lib/x86_64-linux-gnu/libnss_nis-2.19.so
7feed209f000-7feed20a0000 rw-p 0000b000 08:06 1183692                    /lib/x86_64-linux-gnu/libnss_nis-2.19.so
7feed20a0000-7feed20b7000 r-xp 00000000 08:06 1179742                    /lib/x86_64-linux-gnu/libnsl-2.19.so
7feed20b7000-7feed22b6000 ---p 00017000 08:06 1179742                    /lib/x86_64-linux-gnu/libnsl-2.19.so
7feed22b6000-7feed22b7000 r--p 00016000 08:06 1179742                    /lib/x86_64-linux-gnu/libnsl-2.19.so
7feed22b7000-7feed22b8000 rw-p 00017000 08:06 1179742                    /lib/x86_64-linux-gnu/libnsl-2.19.so
7feed22b8000-7feed22ba000 rw-p 00000000 00:00 0 
7feed22ba000-7feed22c3000 r-xp 00000000 08:06 1179741                    /lib/x86_64-linux-gnu/libnss_compat-2.19.so
7feed22c3000-7feed24c2000 ---p 00009000 08:06 1179741                    /lib/x86_64-linux-gnu/libnss_compat-2.19.so
7feed24c2000-7feed24c3000 r--p 00008000 08:06 1179741                    /lib/x86_64-linux-gnu/libnss_compat-2.19.so
7feed24c3000-7feed24c4000 rw-p 00009000 08:06 1179741                    /lib/x86_64-linux-gnu/libnss_compat-2.19.so
7feed24c4000-7feed24ef000 r-xp 00000000 08:06 2890750                    /usr/lib/jvm/java-7-openjdk-amd64/jre/lib/amd64/libjava.so
7feed24ef000-7feed26ef000 ---p 0002b000 08:06 2890750                    /usr/lib/jvm/java-7-openjdk-amd64/jre/lib/amd64/libjava.so
7feed26ef000-7feed26f0000 r--p 0002b000 08:06 2890750                    /usr/lib/jvm/java-7-openjdk-amd64/jre/lib/amd64/libjava.so
7feed26f0000-7feed26f2000 rw-p 0002c000 08:06 2890750                    /usr/lib/jvm/java-7-openjdk-amd64/jre/lib/amd64/libjava.so
7feed26f2000-7feed2702000 r-xp 00000000 08:06 2890764                    /usr/lib/jvm/java-7-openjdk-amd64/jre/lib/amd64/libverify.so
7feed2702000-7feed2901000 ---p 00010000 08:06 2890764                    /usr/lib/jvm/java-7-openjdk-amd64/jre/lib/amd64/libverify.so
7feed2901000-7feed2903000 r--p 0000f000 08:06 2890764                    /usr/lib/jvm/java-7-openjdk-amd64/jre/lib/amd64/libverify.so
7feed2903000-7feed2904000 rw-p 00011000 08:06 2890764                    /usr/lib/jvm/java-7-openjdk-amd64/jre/lib/amd64/libverify.so
7feed2904000-7feed290b000 r-xp 00000000 08:06 1179750                    /lib/x86_64-linux-gnu/librt-2.19.so
7feed290b000-7feed2b0a000 ---p 00007000 08:06 1179750                    /lib/x86_64-linux-gnu/librt-2.19.so
7feed2b0a000-7feed2b0b000 r--p 00006000 08:06 1179750                    /lib/x86_64-linux-gnu/librt-2.19.so
7feed2b0b000-7feed2b0c000 rw-p 00007000 08:06 1179750                    /lib/x86_64-linux-gnu/librt-2.19.so
7feed2b0c000-7feed2b22000 r-xp 00000000 08:06 1183789                    /lib/x86_64-linux-gnu/libgcc_s.so.1
7feed2b22000-7feed2d21000 ---p 00016000 08:06 1183789                    /lib/x86_64-linux-gnu/libgcc_s.so.1
7feed2d21000-7feed2d22000 rw-p 00015000 08:06 1183789                    /lib/x86_64-linux-gnu/libgcc_s.so.1
7feed2d22000-7feed2e27000 r-xp 00000000 08:06 1179663                    /lib/x86_64-linux-gnu/libm-2.19.so
7feed2e27000-7feed3026000 ---p 00105000 08:06 1179663                    /lib/x86_64-linux-gnu/libm-2.19.so
7feed3026000-7feed3027000 r--p 00104000 08:06 1179663                    /lib/x86_64-linux-gnu/libm-2.19.so
7feed3027000-7feed3028000 rw-p 00105000 08:06 1179663                    /lib/x86_64-linux-gnu/libm-2.19.so
7feed3028000-7feed310e000 r-xp 00000000 08:06 2883695                    /usr/lib/x86_64-linux-gnu/libstdc++.so.6.0.19
7feed310e000-7feed330d000 ---p 000e6000 08:06 2883695                    /usr/lib/x86_64-linux-gnu/libstdc++.so.6.0.19
7feed330d000-7feed3315000 r--p 000e5000 08:06 2883695                    /usr/lib/x86_64-linux-gnu/libstdc++.so.6.0.19
7feed3315000-7feed3317000 rw-p 000ed000 08:06 2883695                    /usr/lib/x86_64-linux-gnu/libstdc++.so.6.0.19
7feed3317000-7feed332c000 rw-p 00000000 00:00 0 
7feed332c000-7feed3e50000 r-xp 00000000 08:06 2890756                    /usr/lib/jvm/java-7-openjdk-amd64/jre/lib/amd64/server/libjvm.so
7feed3e50000-7feed4050000 ---p 00b24000 08:06 2890756                    /usr/lib/jvm/java-7-openjdk-amd64/jre/lib/amd64/server/libjvm.so
7feed4050000-7feed40ea000 r--p 00b24000 08:06 2890756                    /usr/lib/jvm/java-7-openjdk-amd64/jre/lib/amd64/server/libjvm.so
7feed40ea000-7feed410d000 rw-p 00bbe000 08:06 2890756                    /usr/lib/jvm/java-7-openjdk-amd64/jre/lib/amd64/server/libjvm.so
7feed410d000-7feed413b000 rw-p 00000000 00:00 0 
7feed413b000-7feed4153000 r-xp 00000000 08:06 1183925                    /lib/x86_64-linux-gnu/libz.so.1.2.8
7feed4153000-7feed4352000 ---p 00018000 08:06 1183925                    /lib/x86_64-linux-gnu/libz.so.1.2.8
7feed4352000-7feed4353000 r--p 00017000 08:06 1183925                    /lib/x86_64-linux-gnu/libz.so.1.2.8
7feed4353000-7feed4354000 rw-p 00018000 08:06 1183925                    /lib/x86_64-linux-gnu/libz.so.1.2.8
7feed4354000-7feed436d000 r-xp 00000000 08:06 1179748                    /lib/x86_64-linux-gnu/libpthread-2.19.so
7feed436d000-7feed456c000 ---p 00019000 08:06 1179748                    /lib/x86_64-linux-gnu/libpthread-2.19.so
7feed456c000-7feed456d000 r--p 00018000 08:06 1179748                    /lib/x86_64-linux-gnu/libpthread-2.19.so
7feed456d000-7feed456e000 rw-p 00019000 08:06 1179748                    /lib/x86_64-linux-gnu/libpthread-2.19.so
7feed456e000-7feed4572000 rw-p 00000000 00:00 0 
7feed4572000-7feed4575000 r-xp 00000000 08:06 1179678                    /lib/x86_64-linux-gnu/libdl-2.19.so
7feed4575000-7feed4774000 ---p 00003000 08:06 1179678                    /lib/x86_64-linux-gnu/libdl-2.19.so
7feed4774000-7feed4775000 r--p 00002000 08:06 1179678                    /lib/x86_64-linux-gnu/libdl-2.19.so
7feed4775000-7feed4776000 rw-p 00003000 08:06 1179678                    /lib/x86_64-linux-gnu/libdl-2.19.so
7feed4776000-7feed4931000 r-xp 00000000 08:06 1179747                    /lib/x86_64-linux-gnu/libc-2.19.so
7feed4931000-7feed4b30000 ---p 001bb000 08:06 1179747                    /lib/x86_64-linux-gnu/libc-2.19.so
7feed4b30000-7feed4b34000 r--p 001ba000 08:06 1179747                    /lib/x86_64-linux-gnu/libc-2.19.so
7feed4b34000-7feed4b36000 rw-p 001be000 08:06 1179747                    /lib/x86_64-linux-gnu/libc-2.19.so
7feed4b36000-7feed4b3b000 rw-p 00000000 00:00 0 
7feed4b3b000-7feed4b48000 r-xp 00000000 08:06 2890765                    /usr/lib/jvm/java-7-openjdk-amd64/jre/lib/amd64/jli/libjli.so
7feed4b48000-7feed4d47000 ---p 0000d000 08:06 2890765                    /usr/lib/jvm/java-7-openjdk-amd64/jre/lib/amd64/jli/libjli.so
7feed4d47000-7feed4d48000 r--p 0000c000 08:06 2890765                    /usr/lib/jvm/java-7-openjdk-amd64/jre/lib/amd64/jli/libjli.so
7feed4d48000-7feed4d49000 rw-p 0000d000 08:06 2890765                    /usr/lib/jvm/java-7-openjdk-amd64/jre/lib/amd64/jli/libjli.so
7feed4d49000-7feed4d6c000 r-xp 00000000 08:06 1179744                    /lib/x86_64-linux-gnu/ld-2.19.so
7feed4d6c000-7feed4d6d000 rw-p 00000000 00:00 0 
7feed4d6d000-7feed4d70000 r--s 0000f000 08:06 2890726                    /usr/lib/jvm/java-7-openjdk-amd64/jre/lib/ext/icedtea-sound.jar
7feed4d70000-7feed4d74000 r--s 0003c000 08:06 2890728                    /usr/lib/jvm/java-7-openjdk-amd64/jre/lib/ext/sunpkcs11.jar
7feed4d74000-7feed4d99000 rw-p 00000000 00:00 0 
7feed4d99000-7feed4e4c000 rw-p 00000000 00:00 0 
7feed4e4c000-7feed4e4f000 ---p 00000000 00:00 0 
7feed4e4f000-7feed4f52000 rw-p 00000000 00:00 0                          [stack:6111]
7feed4f52000-7feed4f53000 r--s 00002000 08:06 2890729                    /usr/lib/jvm/java-7-openjdk-amd64/jre/lib/ext/dnsns.jar
7feed4f53000-7feed4f57000 r--s 00034000 08:06 2890727                    /usr/lib/jvm/java-7-openjdk-amd64/jre/lib/ext/sunjce_provider.jar
7feed4f57000-7feed4f59000 r--s 00006000 08:06 3286086                    /usr/share/java/java-atk-wrapper.jar
7feed4f59000-7feed4f5d000 r--s 00085000 08:06 2890725                    /usr/lib/jvm/java-7-openjdk-amd64/jre/lib/ext/localedata.jar
7feed4f5d000-7feed4f5f000 r--s 00012000 08:06 2890724                    /usr/lib/jvm/java-7-openjdk-amd64/jre/lib/ext/zipfs.jar
7feed4f5f000-7feed4f67000 rw-s 00000000 08:06 2503783                    /tmp/hsperfdata_sam/6106
7feed4f67000-7feed4f68000 rw-p 00000000 00:00 0 
7feed4f68000-7feed4f69000 ---p 00000000 00:00 0 
7feed4f69000-7feed4f6b000 rw-p 00000000 00:00 0 
7feed4f6b000-7feed4f6c000 r--p 00022000 08:06 1179744                    /lib/x86_64-linux-gnu/ld-2.19.so
7feed4f6c000-7feed4f6d000 rw-p 00023000 08:06 1179744                    /lib/x86_64-linux-gnu/ld-2.19.so
7feed4f6d000-7feed4f6e000 rw-p 00000000 00:00 0 
7ffc64625000-7ffc64647000 rw-p 00000000 00:00 0                          [stack]
7ffc64739000-7ffc6473b000 r-xp 00000000 00:00 0                          [vdso]
7ffc6473b000-7ffc6473d000 r--p 00000000 00:00 0                          [vvar]
ffffffffff600000-ffffffffff601000 r-xp 00000000 00:00 0                  [vsyscall]

VM Arguments:
jvm_args: -Xmx1024M -Dfile.encoding=UTF-8 -Duser.country=US -Duser.language=en -Duser.variant 
java_command: com.android.dx.command.Main --dex --output /home/sam/AndroidStudioProjects/super-2016/BlutoothSocketReceiver/app/build/intermediates/dex/debug /home/sam/AndroidStudioProjects/super-2016/BlutoothSocketReceiver/app/build/intermediates/classes/debug /home/sam/AndroidStudioProjects/super-2016/BlutoothSocketReceiver/app/build/intermediates/pre-dexed/debug/support-annotations-23.3.0-2a32653268c76ed5a35b24cb24f5361f7ba8e54f.jar /home/sam/AndroidStudioProjects/super-2016/BlutoothSocketReceiver/app/build/intermediates/pre-dexed/debug/classes-22cc737d67d7e93f56b0e6233585dfec1f9bdcbc.jar /home/sam/AndroidStudioProjects/super-2016/BlutoothSocketReceiver/app/build/intermediates/pre-dexed/debug/butterknife-annotations-8.0.1-1a4646d9e7e8ee46fcdb424e5405104d4b00d090.jar /home/sam/AndroidStudioProjects/super-2016/BlutoothSocketReceiver/app/build/intermediates/pre-dexed/debug/mimecraft-1.1.1-95f10211e9575c254295bf5d1b88ac30369f2a21.jar /home/sam/AndroidStudioProjects/super-2016/BlutoothSocketReceiver/app/build/intermediates/pre-dexed/debug/classes-829888643a519de33c20678e416706318bfada69.jar /home/sam/AndroidStudioProjects/super-2016/BlutoothSocketReceiver/app/build/intermediates/pre-dexed/debug/classes-34f910c988284065a9dd227bf6f4f91d178b1b45.jar /home/sam/AndroidStudioProjects/super-2016/BlutoothSocketReceiver/app/build/intermediates/pre-dexed/debug/classes-5ecf76de2463d10d94caa9000fbdbb7d00748b44.jar /home/sam/AndroidStudioProjects/super-2016/BlutoothSocketReceiver/app/build/intermediates/pre-dexed/debug/classes-5a0b0073030889075ef3290320742a29f686c7e8.jar /home/sam/AndroidStudioProjects/super-2016/BlutoothSocketReceiver/app/build/intermediates/pre-dexed/debug/classes-1ad9be9a23b1db2b984baa824b65ba3ea9526f2f.jar /home/sam/AndroidStudioProjects/super-2016/BlutoothSocketReceiver/app/build/intermediates/pre-dexed/debug/classes-2f6098d440b06af9e47ebba4821ab061009fbfc6.jar /home/sam/AndroidStudioProjects/super-2016/BlutoothSocketReceiver/app/build/intermediates/pre-dexe
Launcher Type: SUN_STANDARD

Environment Variables:
PATH=/usr/local/sbin:/usr/local/bin:/usr/sbin:/usr/bin:/sbin:/bin:/usr/games:/usr/local/games
SHELL=/bin/bash
DISPLAY=:0

Signal Handlers:
SIGSEGV: [libjvm.so+0x9548f0], sa_mask[0]=0x7ffbfeff, sa_flags=0x10000004
SIGBUS: [libjvm.so+0x9548f0], sa_mask[0]=0x7ffbfeff, sa_flags=0x10000004
SIGFPE: [libjvm.so+0x7cb0b0], sa_mask[0]=0x7ffbfeff, sa_flags=0x10000004
SIGPIPE: [libjvm.so+0x7cb0b0], sa_mask[0]=0x7ffbfeff, sa_flags=0x10000004
SIGXFSZ: [libjvm.so+0x7cb0b0], sa_mask[0]=0x7ffbfeff, sa_flags=0x10000004
SIGILL: [libjvm.so+0x7cb0b0], sa_mask[0]=0x7ffbfeff, sa_flags=0x10000004
SIGUSR1: SIG_DFL, sa_mask[0]=0x00000000, sa_flags=0x00000000
SIGUSR2: [libjvm.so+0x7caf50], sa_mask[0]=0x00000004, sa_flags=0x10000004
SIGHUP: [libjvm.so+0x7cb130], sa_mask[0]=0x7ffbfeff, sa_flags=0x10000004
SIGINT: [libjvm.so+0x7cb130], sa_mask[0]=0x7ffbfeff, sa_flags=0x10000004
SIGTERM: [libjvm.so+0x7cb130], sa_mask[0]=0x7ffbfeff, sa_flags=0x10000004
SIGQUIT: [libjvm.so+0x7cb130], sa_mask[0]=0x7ffbfeff, sa_flags=0x10000004
SIGTRAP: SIG_DFL, sa_mask[0]=0x00000000, sa_flags=0x00000000


---------------  S Y S T E M  ---------------

OS:Ubuntu 14.04 (trusty)
uname:Linux 3.16.0-57-generic #77~14.04.1-Ubuntu SMP Thu Dec 17 23:20:00 UTC 2015 x86_64
libc:glibc 2.19 NPTL 2.19 
rlimit: STACK 8192k, CORE 0k, NPROC 15465, NOFILE 4096, AS infinity
load average:1.50 1.11 0.72

/proc/meminfo:
MemTotal:        3980464 kB
MemFree:          120668 kB
MemAvailable:      73592 kB
Buffers:            1248 kB
Cached:           321844 kB
SwapCached:            0 kB
Active:          3421916 kB
Inactive:         271500 kB
Active(anon):    3401664 kB
Inactive(anon):   252332 kB
Active(file):      20252 kB
Inactive(file):    19168 kB
Unevictable:          32 kB
Mlocked:              32 kB
SwapTotal:             0 kB
SwapFree:              0 kB
Dirty:               108 kB
Writeback:             0 kB
AnonPages:       3371280 kB
Mapped:            92584 kB
Shmem:            282748 kB
Slab:              67704 kB
SReclaimable:      35348 kB
SUnreclaim:        32356 kB
KernelStack:        9360 kB
PageTables:        34080 kB
NFS_Unstable:          0 kB
Bounce:                0 kB
WritebackTmp:          0 kB
CommitLimit:     1990232 kB
Committed_AS:    6768824 kB
VmallocTotal:   34359738367 kB
VmallocUsed:      545036 kB
VmallocChunk:   34359102116 kB
HardwareCorrupted:     0 kB
AnonHugePages:   1921024 kB
HugePages_Total:       0
HugePages_Free:        0
HugePages_Rsvd:        0
HugePages_Surp:        0
Hugepagesize:       2048 kB
DirectMap4k:       72384 kB
DirectMap2M:     1957888 kB
DirectMap1G:     2097152 kB


CPU:total 4 (2 cores per cpu, 2 threads per core) family 6 model 69 stepping 1, cmov, cx8, fxsr, mmx, sse, sse2, sse3, ssse3, sse4.1, sse4.2, popcnt, avx, avx2, aes, erms, ht, tsc, tscinvbit

/proc/cpuinfo:
processor	: 0
vendor_id	: GenuineIntel
cpu family	: 6
model		: 69
model name	: Intel(R) Core(TM) i3-4030U CPU @ 1.90GHz
stepping	: 1
microcode	: 0x17
cpu MHz		: 1349.742
cache size	: 3072 KB
physical id	: 0
siblings	: 4
core id		: 0
cpu cores	: 2
apicid		: 0
initial apicid	: 0
fpu		: yes
fpu_exception	: yes
cpuid level	: 13
wp		: yes
flags		: fpu vme de pse tsc msr pae mce cx8 apic sep mtrr pge mca cmov pat pse36 clflush dts acpi mmx fxsr sse sse2 ss ht tm pbe syscall nx pdpe1gb rdtscp lm constant_tsc arch_perfmon pebs bts rep_good nopl xtopology nonstop_tsc aperfmperf eagerfpu pni pclmulqdq dtes64 monitor ds_cpl vmx est tm2 ssse3 fma cx16 xtpr pdcm pcid sse4_1 sse4_2 x2apic movbe popcnt tsc_deadline_timer aes xsave avx f16c rdrand lahf_lm abm ida arat epb xsaveopt pln pts dtherm tpr_shadow vnmi flexpriority ept vpid fsgsbase tsc_adjust bmi1 avx2 smep bmi2 erms invpcid
bogomips	: 3791.18
clflush size	: 64
cache_alignment	: 64
address sizes	: 39 bits physical, 48 bits virtual
power management:

processor	: 1
vendor_id	: GenuineIntel
cpu family	: 6
model		: 69
model name	: Intel(R) Core(TM) i3-4030U CPU @ 1.90GHz
stepping	: 1
microcode	: 0x17
cpu MHz		: 1893.394
cache size	: 3072 KB
physical id	: 0
siblings	: 4
core id		: 0
cpu cores	: 2
apicid		: 1
initial apicid	: 1
fpu		: yes
fpu_exception	: yes
cpuid level	: 13
wp		: yes
flags		: fpu vme de pse tsc msr pae mce cx8 apic sep mtrr pge mca cmov pat pse36 clflush dts acpi mmx fxsr sse sse2 ss ht tm pbe syscall nx pdpe1gb rdtscp lm constant_tsc arch_perfmon pebs bts rep_good nopl xtopology nonstop_tsc aperfmperf eagerfpu pni pclmulqdq dtes64 monitor ds_cpl vmx est tm2 ssse3 fma cx16 xtpr pdcm pcid sse4_1 sse4_2 x2apic movbe popcnt tsc_deadline_timer aes xsave avx f16c rdrand lahf_lm abm ida arat epb xsaveopt pln pts dtherm tpr_shadow vnmi flexpriority ept vpid fsgsbase tsc_adjust bmi1 avx2 smep bmi2 erms invpcid
bogomips	: 3791.18
clflush size	: 64
cache_alignment	: 64
address sizes	: 39 bits physical, 48 bits virtual
power management:

processor	: 2
vendor_id	: GenuineIntel
cpu family	: 6
model		: 69
model name	: Intel(R) Core(TM) i3-4030U CPU @ 1.90GHz
stepping	: 1
microcode	: 0x17
cpu MHz		: 1399.171
cache size	: 3072 KB
physical id	: 0
siblings	: 4
core id		: 1
cpu cores	: 2
apicid		: 2
initial apicid	: 2
fpu		: yes
fpu_exception	: yes
cpuid level	: 13
wp		: yes
flags		: fpu vme de pse tsc msr pae mce cx8 apic sep mtrr pge mca cmov pat pse36 clflush dts acpi mmx fxsr sse sse2 ss ht tm pbe syscall nx pdpe1gb rdtscp lm constant_tsc arch_perfmon pebs bts rep_good nopl xtopology nonstop_tsc aperfmperf eagerfpu pni pclmulqdq dtes64 monitor ds_cpl vmx est tm2 ssse3 fma cx16 xtpr pdcm pcid sse4_1 sse4_2 x2apic movbe popcnt tsc_deadline_timer aes xsave avx f16c rdrand lahf_lm abm ida arat epb xsaveopt pln pts dtherm tpr_shadow vnmi flexpriority ept vpid fsgsbase tsc_adjust bmi1 avx2 smep bmi2 erms invpcid
bogomips	: 3791.18
clflush size	: 64
cache_alignment	: 64
address sizes	: 39 bits physical, 48 bits virtual
power management:

processor	: 3
vendor_id	: GenuineIntel
cpu family	: 6
model		: 69
model name	: Intel(R) Core(TM) i3-4030U CPU @ 1.90GHz
stepping	: 1
microcode	: 0x17
cpu MHz		: 1518.738
cache size	: 3072 KB
physical id	: 0
siblings	: 4
core id		: 1
cpu cores	: 2
apicid		: 3
initial apicid	: 3
fpu		: yes
fpu_exception	: yes
cpuid level	: 13
wp		: yes
flags		: fpu vme de pse tsc msr pae mce cx8 apic sep mtrr pge mca cmov pat pse36 clflush dts acpi mmx fxsr sse sse2 ss ht tm pbe syscall nx pdpe1gb rdtscp lm constant_tsc arch_perfmon pebs bts rep_good nopl xtopology nonstop_tsc aperfmperf eagerfpu pni pclmulqdq dtes64 monitor ds_cpl vmx est tm2 ssse3 fma cx16 xtpr pdcm pcid sse4_1 sse4_2 x2apic movbe popcnt tsc_deadline_timer aes xsave avx f16c rdrand lahf_lm abm ida arat epb xsaveopt pln pts dtherm tpr_shadow vnmi flexpriority ept vpid fsgsbase tsc_adjust bmi1 avx2 smep bmi2 erms invpcid
bogomips	: 3791.18
clflush size	: 64
cache_alignment	: 64
address sizes	: 39 bits physical, 48 bits virtual
power management:



Memory: 4k page, physical 3980464k(120668k free), swap 0k(0k free)

vm_info: OpenJDK 64-Bit Server VM (24.91-b01) for linux-amd64 JRE (1.7.0_91-b02), built on Nov 19 2015 06:14:37 by "buildd" with gcc 4.8.2

time: Sat Jul 23 11:55:52 2016
elapsed time: 9 seconds

