#
# There is insufficient memory for the Java Runtime Environment to continue.
# Native memory allocation (malloc) failed to allocate 89128960 bytes for committing reserved memory.
# Possible reasons:
#   The system is out of physical RAM or swap space
#   In 32 bit mode, the process size limit was hit
# Possible solutions:
#   Reduce memory load on the system
#   Increase physical memory or swap space
#   Check if swap backing store is full
#   Use 64 bit Java on a 64 bit OS
#   Decrease Java heap size (-Xmx/-Xms)
#   Decrease number of Java threads
#   Decrease Java thread stack sizes (-Xss)
#   Set larger code cache with -XX:ReservedCodeCacheSize=
# This output file may be truncated or incomplete.
#
#  Out of Memory Error (os_linux.cpp:2827), pid=6442, tid=140360446433024
#
# JRE version: OpenJDK Runtime Environment (7.0_91-b02) (build 1.7.0_91-b02)
# Java VM: OpenJDK 64-Bit Server VM (24.91-b01 mixed mode linux-amd64 compressed oops)
# Derivative: IcedTea 2.6.3
# Distribution: Ubuntu 14.04 LTS, package 7u91-2.6.3-0ubuntu0.14.04.1
# Failed to write core dump. Core dumps have been disabled. To enable core dumping, try "ulimit -c unlimited" before starting Java again
#

---------------  T H R E A D  ---------------

Current thread (0x00007fa83c076000):  VMThread [stack: 0x00007fa8367cd000,0x00007fa8368ce000] [id=6451]

Stack: [0x00007fa8367cd000,0x00007fa8368ce000],  sp=0x00007fa8368cc490,  free space=1021k
Native frames: (J=compiled Java code, j=interpreted, Vv=VM code, C=native code)
V  [libjvm.so+0x953e15]  VMError::report_and_die()+0x175
V  [libjvm.so+0x48fd94]  report_vm_out_of_memory(char const*, int, unsigned long, char const*)+0x74
V  [libjvm.so+0x7cf87b]  os::pd_commit_memory(char*, unsigned long, unsigned long, bool)+0xeb
V  [libjvm.so+0x7ca33f]  os::commit_memory(char*, unsigned long, unsigned long, bool)+0x1f
V  [libjvm.so+0x83dacb]  PSVirtualSpace::expand_by(unsigned long)+0x5b
V  [libjvm.so+0x83e930]  PSYoungGen::resize_generation(unsigned long, unsigned long)+0xb0
V  [libjvm.so+0x83f01b]  PSYoungGen::resize(unsigned long, unsigned long)+0x1b
V  [libjvm.so+0x83b258]  PSScavenge::invoke_no_policy()+0xd68
V  [libjvm.so+0x83bac8]  PSScavenge::invoke()+0x38
V  [libjvm.so+0x7f2083]  ParallelScavengeHeap::failed_mem_allocate(unsigned long)+0x63
V  [libjvm.so+0x955814]  VM_ParallelGCFailedAllocation::doit()+0x84
V  [libjvm.so+0x959917]  VM_Operation::evaluate()+0x47
V  [libjvm.so+0x9583d8]  VMThread::evaluate_operation(VM_Operation*)+0x318
V  [libjvm.so+0x958839]  VMThread::loop()+0x219
V  [libjvm.so+0x958c82]  VMThread::run()+0x72
V  [libjvm.so+0x7cc742]  java_start(Thread*)+0xf2

VM_Operation (0x00007fa845025ce0): ParallelGCFailedAllocation, mode: safepoint, requested by thread 0x00007fa83c00a800


---------------  P R O C E S S  ---------------

Java Threads: ( => current thread )
  0x00007fa83c0af000 JavaThread "Service Thread" daemon [_thread_blocked, id=6457, stack(0x00007fa835ae5000,0x00007fa835be6000)]
  0x00007fa83c0ac800 JavaThread "C2 CompilerThread1" daemon [_thread_blocked, id=6456, stack(0x00007fa835be6000,0x00007fa835ce7000)]
  0x00007fa83c0a9800 JavaThread "C2 CompilerThread0" daemon [_thread_blocked, id=6455, stack(0x00007fa835ce7000,0x00007fa835de8000)]
  0x00007fa83c0a7800 JavaThread "Signal Dispatcher" daemon [_thread_blocked, id=6454, stack(0x00007fa835de8000,0x00007fa835ee9000)]
  0x00007fa83c07c000 JavaThread "Finalizer" daemon [_thread_blocked, id=6453, stack(0x00007fa8365cb000,0x00007fa8366cc000)]
  0x00007fa83c07a000 JavaThread "Reference Handler" daemon [_thread_blocked, id=6452, stack(0x00007fa8366cc000,0x00007fa8367cd000)]
  0x00007fa83c00a800 JavaThread "main" [_thread_blocked, id=6446, stack(0x00007fa844f27000,0x00007fa845028000)]

Other Threads:
=>0x00007fa83c076000 VMThread [stack: 0x00007fa8367cd000,0x00007fa8368ce000] [id=6451]
  0x00007fa83c0b9800 WatcherThread [stack: 0x00007fa8359e4000,0x00007fa835ae5000] [id=6458]

VM state:at safepoint (normal execution)

VM Mutex/Monitor currently owned by a thread:  ([mutex/lock_event])
[0x00007fa83c006920] Threads_lock - owner thread: 0x00007fa83c076000
[0x00007fa83c006e20] Heap_lock - owner thread: 0x00007fa83c00a800

Heap
 PSYoungGen      total 138752K, used 17916K [0x00000000eaa80000, 0x00000000f4780000, 0x0000000100000000)
  eden space 120832K, 0% used [0x00000000eaa80000,0x00000000eaa80000,0x00000000f2080000)
  from space 17920K, 99% used [0x00000000f2080000,0x00000000f31ff1d8,0x00000000f3200000)
  to   space 13824K, 0% used [0x00000000f3200000,0x00000000f3200000,0x00000000f3f80000)
 ParOldGen       total 45568K, used 45082K [0x00000000c0000000, 0x00000000c2c80000, 0x00000000eaa80000)
  object space 45568K, 98% used [0x00000000c0000000,0x00000000c2c06958,0x00000000c2c80000)
 PSPermGen       total 21504K, used 6046K [0x00000000b5a00000, 0x00000000b6f00000, 0x00000000c0000000)
  object space 21504K, 28% used [0x00000000b5a00000,0x00000000b5fe7a50,0x00000000b6f00000)

Card table byte_map: [0x00007fa841906000,0x00007fa841b5a000] byte_map_base: 0x00007fa841359000

Polling page: 0x00007fa845043000

Code Cache  [0x00007fa839000000, 0x00007fa8392f0000, 0x00007fa83c000000)
 total_blobs=957 nmethods=729 adapters=181 free_code_cache=46245Kb largest_free_block=47299904

Compilation events (10 events):
Event: 7.179 Thread 0x00007fa83c0a9800 nmethod 753% 0x00007fa8392d6a50 code [0x00007fa8392d6cc0, 0x00007fa8392d78a0]
Event: 7.183 Thread 0x00007fa83c0ac800 nmethod 754% 0x00007fa83913d990 code [0x00007fa83913db20, 0x00007fa83913ddc8]
Event: 7.183 Thread 0x00007fa83c0a9800  755             com.android.dx.ssa.SCCP::simulateBranch (666 bytes)
Event: 7.183 Thread 0x00007fa83c0ac800  756             com.android.dx.ssa.DeadCodeRemover::pruneDeadInstructions (246 bytes)
Event: 7.211 Thread 0x00007fa83c0a9800 nmethod 755 0x00007fa8392dd5d0 code [0x00007fa8392dd880, 0x00007fa8392de3d0]
Event: 7.213 Thread 0x00007fa83c0a9800  757             com.android.dx.rop.cst.CstType::getType (4 bytes)
Event: 7.213 Thread 0x00007fa83c0a9800 nmethod 757 0x00007fa83913d790 code [0x00007fa83913d8c0, 0x00007fa83913d918]
Event: 7.215 Thread 0x00007fa83c0ac800 nmethod 756 0x00007fa8392df690 code [0x00007fa8392df900, 0x00007fa8392e04d0]
Event: 7.223 Thread 0x00007fa83c0a9800  758             com.android.dx.ssa.SCCP::run (298 bytes)
Event: 7.253 Thread 0x00007fa83c0a9800 nmethod 758 0x00007fa8392e1790 code [0x00007fa8392e1ae0, 0x00007fa8392e2a88]

GC Heap History (10 events):
Event: 3.597 GC heap after
Heap after GC invocations=4 (full 0):
 PSYoungGen      total 34304K, used 2532K [0x00000000eaa80000, 0x00000000ece80000, 0x0000000100000000)
  eden space 31744K, 0% used [0x00000000eaa80000,0x00000000eaa80000,0x00000000ec980000)
  from space 2560K, 98% used [0x00000000ecc00000,0x00000000ece79188,0x00000000ece80000)
  to   space 2560K, 0% used [0x00000000ec980000,0x00000000ec980000,0x00000000ecc00000)
 ParOldGen       total 41472K, used 9726K [0x00000000c0000000, 0x00000000c2880000, 0x00000000eaa80000)
  object space 41472K, 23% used [0x00000000c0000000,0x00000000c097f830,0x00000000c2880000)
 PSPermGen       total 21504K, used 5864K [0x00000000b5a00000, 0x00000000b6f00000, 0x00000000c0000000)
  object space 21504K, 27% used [0x00000000b5a00000,0x00000000b5fba0e0,0x00000000b6f00000)
}
Event: 4.282 GC heap before
{Heap before GC invocations=5 (full 0):
 PSYoungGen      total 34304K, used 34276K [0x00000000eaa80000, 0x00000000ece80000, 0x0000000100000000)
  eden space 31744K, 100% used [0x00000000eaa80000,0x00000000ec980000,0x00000000ec980000)
  from space 2560K, 98% used [0x00000000ecc00000,0x00000000ece79188,0x00000000ece80000)
  to   space 2560K, 0% used [0x00000000ec980000,0x00000000ec980000,0x00000000ecc00000)
 ParOldGen       total 41472K, used 9726K [0x00000000c0000000, 0x00000000c2880000, 0x00000000eaa80000)
  object space 41472K, 23% used [0x00000000c0000000,0x00000000c097f830,0x00000000c2880000)
 PSPermGen       total 21504K, used 5894K [0x00000000b5a00000, 0x00000000b6f00000, 0x00000000c0000000)
  object space 21504K, 27% used [0x00000000b5a00000,0x00000000b5fc1820,0x00000000b6f00000)
Event: 4.307 GC heap after
Heap after GC invocations=5 (full 0):
 PSYoungGen      total 34304K, used 2540K [0x00000000eaa80000, 0x00000000ef780000, 0x0000000100000000)
  eden space 31744K, 0% used [0x00000000eaa80000,0x00000000eaa80000,0x00000000ec980000)
  from space 2560K, 99% used [0x00000000ec980000,0x00000000ecbfb080,0x00000000ecc00000)
  to   space 7680K, 0% used [0x00000000ef000000,0x00000000ef000000,0x00000000ef780000)
 ParOldGen       total 41472K, used 15501K [0x00000000c0000000, 0x00000000c2880000, 0x00000000eaa80000)
  object space 41472K, 37% used [0x00000000c0000000,0x00000000c0f23680,0x00000000c2880000)
 PSPermGen       total 21504K, used 5894K [0x00000000b5a00000, 0x00000000b6f00000, 0x00000000c0000000)
  object space 21504K, 27% used [0x00000000b5a00000,0x00000000b5fc1820,0x00000000b6f00000)
}
Event: 4.846 GC heap before
{Heap before GC invocations=6 (full 0):
 PSYoungGen      total 34304K, used 34284K [0x00000000eaa80000, 0x00000000ef780000, 0x0000000100000000)
  eden space 31744K, 100% used [0x00000000eaa80000,0x00000000ec980000,0x00000000ec980000)
  from space 2560K, 99% used [0x00000000ec980000,0x00000000ecbfb080,0x00000000ecc00000)
  to   space 7680K, 0% used [0x00000000ef000000,0x00000000ef000000,0x00000000ef780000)
 ParOldGen       total 41472K, used 15501K [0x00000000c0000000, 0x00000000c2880000, 0x00000000eaa80000)
  object space 41472K, 37% used [0x00000000c0000000,0x00000000c0f23680,0x00000000c2880000)
 PSPermGen       total 21504K, used 5912K [0x00000000b5a00000, 0x00000000b6f00000, 0x00000000c0000000)
  object space 21504K, 27% used [0x00000000b5a00000,0x00000000b5fc6360,0x00000000b6f00000)
Event: 4.868 GC heap after
Heap after GC invocations=6 (full 0):
 PSYoungGen      total 70144K, used 7601K [0x00000000eaa80000, 0x00000000ef980000, 0x0000000100000000)
  eden space 62464K, 0% used [0x00000000eaa80000,0x00000000eaa80000,0x00000000ee780000)
  from space 7680K, 98% used [0x00000000ef000000,0x00000000ef76c4b0,0x00000000ef780000)
  to   space 8704K, 0% used [0x00000000ee780000,0x00000000ee780000,0x00000000ef000000)
 ParOldGen       total 41472K, used 15501K [0x00000000c0000000, 0x00000000c2880000, 0x00000000eaa80000)
  object space 41472K, 37% used [0x00000000c0000000,0x00000000c0f23680,0x00000000c2880000)
 PSPermGen       total 21504K, used 5912K [0x00000000b5a00000, 0x00000000b6f00000, 0x00000000c0000000)
  object space 21504K, 27% used [0x00000000b5a00000,0x00000000b5fc6360,0x00000000b6f00000)
}
Event: 5.751 GC heap before
{Heap before GC invocations=7 (full 0):
 PSYoungGen      total 70144K, used 70065K [0x00000000eaa80000, 0x00000000ef980000, 0x0000000100000000)
  eden space 62464K, 100% used [0x00000000eaa80000,0x00000000ee780000,0x00000000ee780000)
  from space 7680K, 98% used [0x00000000ef000000,0x00000000ef76c4b0,0x00000000ef780000)
  to   space 8704K, 0% used [0x00000000ee780000,0x00000000ee780000,0x00000000ef000000)
 ParOldGen       total 41472K, used 15501K [0x00000000c0000000, 0x00000000c2880000, 0x00000000eaa80000)
  object space 41472K, 37% used [0x00000000c0000000,0x00000000c0f23680,0x00000000c2880000)
 PSPermGen       total 21504K, used 5948K [0x00000000b5a00000, 0x00000000b6f00000, 0x00000000c0000000)
  object space 21504K, 27% used [0x00000000b5a00000,0x00000000b5fcf0b8,0x00000000b6f00000)
Event: 5.793 GC heap after
Heap after GC invocations=7 (full 0):
 PSYoungGen      total 71168K, used 8672K [0x00000000eaa80000, 0x00000000f3f80000, 0x0000000100000000)
  eden space 62464K, 0% used [0x00000000eaa80000,0x00000000eaa80000,0x00000000ee780000)
  from space 8704K, 99% used [0x00000000ee780000,0x00000000eeff8370,0x00000000ef000000)
  to   space 13824K, 0% used [0x00000000f3200000,0x00000000f3200000,0x00000000f3f80000)
 ParOldGen       total 41472K, used 23547K [0x00000000c0000000, 0x00000000c2880000, 0x00000000eaa80000)
  object space 41472K, 56% used [0x00000000c0000000,0x00000000c16feed0,0x00000000c2880000)
 PSPermGen       total 21504K, used 5948K [0x00000000b5a00000, 0x00000000b6f00000, 0x00000000c0000000)
  object space 21504K, 27% used [0x00000000b5a00000,0x00000000b5fcf0b8,0x00000000b6f00000)
}
Event: 6.301 GC heap before
{Heap before GC invocations=8 (full 0):
 PSYoungGen      total 71168K, used 71136K [0x00000000eaa80000, 0x00000000f3f80000, 0x0000000100000000)
  eden space 62464K, 100% used [0x00000000eaa80000,0x00000000ee780000,0x00000000ee780000)
  from space 8704K, 99% used [0x00000000ee780000,0x00000000eeff8370,0x00000000ef000000)
  to   space 13824K, 0% used [0x00000000f3200000,0x00000000f3200000,0x00000000f3f80000)
 ParOldGen       total 41472K, used 23547K [0x00000000c0000000, 0x00000000c2880000, 0x00000000eaa80000)
  object space 41472K, 56% used [0x00000000c0000000,0x00000000c16feed0,0x00000000c2880000)
 PSPermGen       total 21504K, used 5980K [0x00000000b5a00000, 0x00000000b6f00000, 0x00000000c0000000)
  object space 21504K, 27% used [0x00000000b5a00000,0x00000000b5fd7290,0x00000000b6f00000)
Event: 6.335 GC heap after
Heap after GC invocations=8 (full 0):
 PSYoungGen      total 134656K, used 13823K [0x00000000eaa80000, 0x00000000f4780000, 0x0000000100000000)
  eden space 120832K, 0% used [0x00000000eaa80000,0x00000000eaa80000,0x00000000f2080000)
  from space 13824K, 99% used [0x00000000f3200000,0x00000000f3f7fdd8,0x00000000f3f80000)
  to   space 17920K, 0% used [0x00000000f2080000,0x00000000f2080000,0x00000000f3200000)
 ParOldGen       total 41472K, used 28482K [0x00000000c0000000, 0x00000000c2880000, 0x00000000eaa80000)
  object space 41472K, 68% used [0x00000000c0000000,0x00000000c1bd0978,0x00000000c2880000)
 PSPermGen       total 21504K, used 5980K [0x00000000b5a00000, 0x00000000b6f00000, 0x00000000c0000000)
  object space 21504K, 27% used [0x00000000b5a00000,0x00000000b5fd7290,0x00000000b6f00000)
}
Event: 7.623 GC heap before
{Heap before GC invocations=9 (full 0):
 PSYoungGen      total 134656K, used 134655K [0x00000000eaa80000, 0x00000000f4780000, 0x0000000100000000)
  eden space 120832K, 100% used [0x00000000eaa80000,0x00000000f2080000,0x00000000f2080000)
  from space 13824K, 99% used [0x00000000f3200000,0x00000000f3f7fdd8,0x00000000f3f80000)
  to   space 17920K, 0% used [0x00000000f2080000,0x00000000f2080000,0x00000000f3200000)
 ParOldGen       total 41472K, used 28482K [0x00000000c0000000, 0x00000000c2880000, 0x00000000eaa80000)
  object space 41472K, 68% used [0x00000000c0000000,0x00000000c1bd0978,0x00000000c2880000)
 PSPermGen       total 21504K, used 6046K [0x00000000b5a00000, 0x00000000b6f00000, 0x00000000c0000000)
  object space 21504K, 28% used [0x00000000b5a00000,0x00000000b5fe7a50,0x00000000b6f00000)

Deoptimization events (10 events):
Event: 6.451 Thread 0x00007fa83c00a800 Uncommon trap: reason=unstable_if action=reinterpret pc=0x00007fa839237cdc method=com.android.dx.dex.code.RopTranslator.pickOrder()V @ 279
Event: 6.687 Thread 0x00007fa83c00a800 Uncommon trap: reason=unstable_if action=reinterpret pc=0x00007fa8390f9d08 method=com.android.dx.ssa.SsaBasicBlock.scheduleMovesFromPhis()V @ 63
Event: 6.692 Thread 0x00007fa83c00a800 Uncommon trap: reason=bimorphic action=maybe_recompile pc=0x00007fa8392714a4 method=com.android.dx.cf.code.BytecodeArray.parseInstruction(ILcom/android/dx/cf/code/BytecodeArray$Visitor;)I @ 1597
Event: 6.693 Thread 0x00007fa83c00a800 Uncommon trap: reason=bimorphic action=maybe_recompile pc=0x00007fa8392714a4 method=com.android.dx.cf.code.BytecodeArray.parseInstruction(ILcom/android/dx/cf/code/BytecodeArray$Visitor;)I @ 1597
Event: 7.052 Thread 0x00007fa83c00a800 Uncommon trap: reason=unstable_if action=reinterpret pc=0x00007fa839168564 method=com.android.dx.ssa.SCCP.simulateBranch(Lcom/android/dx/ssa/SsaInsn;)V @ 548
Event: 7.052 Thread 0x00007fa83c00a800 Uncommon trap: reason=unstable_if action=reinterpret pc=0x00007fa8390d9158 method=com.android.dx.ssa.SCCP.run()V @ 179
Event: 7.053 Thread 0x00007fa83c00a800 Uncommon trap: reason=unstable_if action=reinterpret pc=0x00007fa8390b98d8 method=com.android.dx.ssa.DeadCodeRemover.pruneDeadInstructions()V @ 49
Event: 7.053 Thread 0x00007fa83c00a800 Uncommon trap: reason=unstable_if action=reinterpret pc=0x00007fa83907f970 method=com.android.dx.ssa.SsaMethod.deleteInsns(Ljava/util/Set;)V @ 130
Event: 7.053 Thread 0x00007fa83c00a800 Uncommon trap: reason=unstable_if action=reinterpret pc=0x00007fa83917f62c method=com.android.dx.ssa.PhiInsn.getSources()Lcom/android/dx/rop/code/RegisterSpecList; @ 19
Event: 7.053 Thread 0x00007fa83c00a800 Uncommon trap: reason=unstable_if action=reinterpret pc=0x00007fa83915fa9c method=com.android.dx.ssa.PhiInsn.getSources()Lcom/android/dx/rop/code/RegisterSpecList; @ 19

Internal exceptions (10 events):
Event: 2.458 Thread 0x00007fa83c00a800 Implicit null exception at 0x00007fa839081960 to 0x00007fa839081d59
Event: 2.523 Thread 0x00007fa83c00a800 Implicit null exception at 0x00007fa8390bd40b to 0x00007fa8390be7c5
Event: 2.527 Thread 0x00007fa83c00a800 Threw 0x00000000eb6ccf48 at /build/openjdk-7-zaTxYK/openjdk-7-7u91-2.6.3/build/openjdk/hotspot/src/share/vm/prims/jvm.cpp:1322
Event: 2.793 Thread 0x00007fa83c00a800 Implicit null exception at 0x00007fa8390f3ce3 to 0x00007fa8390f43c5
Event: 3.916 Thread 0x00007fa83c00a800 Threw 0x00000000eb8cd0b0 at /build/openjdk-7-zaTxYK/openjdk-7-7u91-2.6.3/build/openjdk/hotspot/src/share/vm/prims/jvm.cpp:1322
Event: 5.317 Thread 0x00007fa83c00a800 Threw 0x00000000ec242c98 at /build/openjdk-7-zaTxYK/openjdk-7-7u91-2.6.3/build/openjdk/hotspot/src/share/vm/prims/jvm.cpp:1322
Event: 5.824 Thread 0x00007fa83c00a800 Threw 0x00000000ead94428 at /build/openjdk-7-zaTxYK/openjdk-7-7u91-2.6.3/build/openjdk/hotspot/src/share/vm/prims/jvm.cpp:1322
Event: 5.898 Thread 0x00007fa83c00a800 Implicit null exception at 0x00007fa83924407c to 0x00007fa839247d7d
Event: 6.256 Thread 0x00007fa83c00a800 Implicit null exception at 0x00007fa839260d98 to 0x00007fa839262475
Event: 6.413 Thread 0x00007fa83c00a800 Implicit null exception at 0x00007fa839281bf5 to 0x00007fa8392827d9

Events (10 events):
Event: 7.053 Thread 0x00007fa83c00a800 Uncommon trap: trap_request=0xffffff75 fr.pc=0x00007fa83907f970
Event: 7.053 Thread 0x00007fa83c00a800 DEOPT PACKING pc=0x00007fa83907f970 sp=0x00007fa845025d80
Event: 7.053 Thread 0x00007fa83c00a800 DEOPT UNPACKING pc=0x00007fa839039445 sp=0x00007fa845025d48 mode 2
Event: 7.053 Thread 0x00007fa83c00a800 Uncommon trap: trap_request=0xffffff75 fr.pc=0x00007fa83917f62c
Event: 7.053 Thread 0x00007fa83c00a800 DEOPT PACKING pc=0x00007fa83917f62c sp=0x00007fa845025ec0
Event: 7.053 Thread 0x00007fa83c00a800 DEOPT UNPACKING pc=0x00007fa839039445 sp=0x00007fa845025e48 mode 2
Event: 7.053 Thread 0x00007fa83c00a800 Uncommon trap: trap_request=0xffffff75 fr.pc=0x00007fa83915fa9c
Event: 7.053 Thread 0x00007fa83c00a800 DEOPT PACKING pc=0x00007fa83915fa9c sp=0x00007fa845025d80
Event: 7.053 Thread 0x00007fa83c00a800 DEOPT UNPACKING pc=0x00007fa839039445 sp=0x00007fa845025d48 mode 2
Event: 7.486 Executing VM operation: ParallelGCFailedAllocation


Dynamic libraries:
00400000-00401000 r-xp 00000000 08:06 2890602                            /usr/lib/jvm/java-7-openjdk-amd64/jre/bin/java
00600000-00601000 r--p 00000000 08:06 2890602                            /usr/lib/jvm/java-7-openjdk-amd64/jre/bin/java
00601000-00602000 rw-p 00001000 08:06 2890602                            /usr/lib/jvm/java-7-openjdk-amd64/jre/bin/java
01ee9000-01f0a000 rw-p 00000000 00:00 0                                  [heap]
b5a00000-b6f00000 rw-p 00000000 00:00 0 
b6f00000-c0000000 rw-p 00000000 00:00 0 
c0000000-c2c80000 rw-p 00000000 00:00 0 
c2c80000-eaa80000 rw-p 00000000 00:00 0 
eaa80000-f4780000 rw-p 00000000 00:00 0 
f9c80000-100000000 rw-p 00000000 00:00 0 
7fa7f8000000-7fa7f8021000 rw-p 00000000 00:00 0 
7fa7f8021000-7fa7fc000000 ---p 00000000 00:00 0 
7fa800000000-7fa800f93000 rw-p 00000000 00:00 0 
7fa800f93000-7fa804000000 ---p 00000000 00:00 0 
7fa804000000-7fa804021000 rw-p 00000000 00:00 0 
7fa804021000-7fa808000000 ---p 00000000 00:00 0 
7fa808000000-7fa808021000 rw-p 00000000 00:00 0 
7fa808021000-7fa80c000000 ---p 00000000 00:00 0 
7fa80c000000-7fa80cdbb000 rw-p 00000000 00:00 0 
7fa80cdbb000-7fa810000000 ---p 00000000 00:00 0 
7fa810000000-7fa810021000 rw-p 00000000 00:00 0 
7fa810021000-7fa814000000 ---p 00000000 00:00 0 
7fa814000000-7fa814021000 rw-p 00000000 00:00 0 
7fa814021000-7fa818000000 ---p 00000000 00:00 0 
7fa818000000-7fa818021000 rw-p 00000000 00:00 0 
7fa818021000-7fa81c000000 ---p 00000000 00:00 0 
7fa81c000000-7fa81c242000 rw-p 00000000 00:00 0 
7fa81c242000-7fa820000000 ---p 00000000 00:00 0 
7fa820000000-7fa820021000 rw-p 00000000 00:00 0 
7fa820021000-7fa824000000 ---p 00000000 00:00 0 
7fa828000000-7fa828021000 rw-p 00000000 00:00 0 
7fa828021000-7fa82c000000 ---p 00000000 00:00 0 
7fa830000000-7fa830021000 rw-p 00000000 00:00 0 
7fa830021000-7fa834000000 ---p 00000000 00:00 0 
7fa8341e5000-7fa834222000 r-xp 00000000 08:06 1179826                    /lib/x86_64-linux-gnu/libpcre.so.3.13.1
7fa834222000-7fa834421000 ---p 0003d000 08:06 1179826                    /lib/x86_64-linux-gnu/libpcre.so.3.13.1
7fa834421000-7fa834422000 r--p 0003c000 08:06 1179826                    /lib/x86_64-linux-gnu/libpcre.so.3.13.1
7fa834422000-7fa834423000 rw-p 0003d000 08:06 1179826                    /lib/x86_64-linux-gnu/libpcre.so.3.13.1
7fa834423000-7fa83442a000 r-xp 00000000 08:06 2884001                    /usr/lib/x86_64-linux-gnu/libffi.so.6.0.1
7fa83442a000-7fa834629000 ---p 00007000 08:06 2884001                    /usr/lib/x86_64-linux-gnu/libffi.so.6.0.1
7fa834629000-7fa83462a000 r--p 00006000 08:06 2884001                    /usr/lib/x86_64-linux-gnu/libffi.so.6.0.1
7fa83462a000-7fa83462b000 rw-p 00007000 08:06 2884001                    /usr/lib/x86_64-linux-gnu/libffi.so.6.0.1
7fa83462b000-7fa834642000 r-xp 00000000 08:06 1179653                    /lib/x86_64-linux-gnu/libresolv-2.19.so
7fa834642000-7fa834842000 ---p 00017000 08:06 1179653                    /lib/x86_64-linux-gnu/libresolv-2.19.so
7fa834842000-7fa834843000 r--p 00017000 08:06 1179653                    /lib/x86_64-linux-gnu/libresolv-2.19.so
7fa834843000-7fa834844000 rw-p 00018000 08:06 1179653                    /lib/x86_64-linux-gnu/libresolv-2.19.so
7fa834844000-7fa834846000 rw-p 00000000 00:00 0 
7fa834846000-7fa834866000 r-xp 00000000 08:06 1183892                    /lib/x86_64-linux-gnu/libselinux.so.1
7fa834866000-7fa834a65000 ---p 00020000 08:06 1183892                    /lib/x86_64-linux-gnu/libselinux.so.1
7fa834a65000-7fa834a66000 r--p 0001f000 08:06 1183892                    /lib/x86_64-linux-gnu/libselinux.so.1
7fa834a66000-7fa834a67000 rw-p 00020000 08:06 1183892                    /lib/x86_64-linux-gnu/libselinux.so.1
7fa834a67000-7fa834a69000 rw-p 00000000 00:00 0 
7fa834a69000-7fa834a6c000 r-xp 00000000 08:06 2893132                    /usr/lib/x86_64-linux-gnu/libgmodule-2.0.so.0.4002.0
7fa834a6c000-7fa834c6b000 ---p 00003000 08:06 2893132                    /usr/lib/x86_64-linux-gnu/libgmodule-2.0.so.0.4002.0
7fa834c6b000-7fa834c6c000 r--p 00002000 08:06 2893132                    /usr/lib/x86_64-linux-gnu/libgmodule-2.0.so.0.4002.0
7fa834c6c000-7fa834c6d000 rw-p 00003000 08:06 2893132                    /usr/lib/x86_64-linux-gnu/libgmodule-2.0.so.0.4002.0
7fa834c6d000-7fa834d73000 r-xp 00000000 08:06 1183793                    /lib/x86_64-linux-gnu/libglib-2.0.so.0.4002.0
7fa834d73000-7fa834f72000 ---p 00106000 08:06 1183793                    /lib/x86_64-linux-gnu/libglib-2.0.so.0.4002.0
7fa834f72000-7fa834f73000 r--p 00105000 08:06 1183793                    /lib/x86_64-linux-gnu/libglib-2.0.so.0.4002.0
7fa834f73000-7fa834f74000 rw-p 00106000 08:06 1183793                    /lib/x86_64-linux-gnu/libglib-2.0.so.0.4002.0
7fa834f74000-7fa834f75000 rw-p 00000000 00:00 0 
7fa834f75000-7fa834fc4000 r-xp 00000000 08:06 2893148                    /usr/lib/x86_64-linux-gnu/libgobject-2.0.so.0.4002.0
7fa834fc4000-7fa8351c4000 ---p 0004f000 08:06 2893148                    /usr/lib/x86_64-linux-gnu/libgobject-2.0.so.0.4002.0
7fa8351c4000-7fa8351c5000 r--p 0004f000 08:06 2893148                    /usr/lib/x86_64-linux-gnu/libgobject-2.0.so.0.4002.0
7fa8351c5000-7fa8351c6000 rw-p 00050000 08:06 2893148                    /usr/lib/x86_64-linux-gnu/libgobject-2.0.so.0.4002.0
7fa8351c6000-7fa835332000 r-xp 00000000 08:06 2893120                    /usr/lib/x86_64-linux-gnu/libgio-2.0.so.0.4002.0
7fa835332000-7fa835531000 ---p 0016c000 08:06 2893120                    /usr/lib/x86_64-linux-gnu/libgio-2.0.so.0.4002.0
7fa835531000-7fa835535000 r--p 0016b000 08:06 2893120                    /usr/lib/x86_64-linux-gnu/libgio-2.0.so.0.4002.0
7fa835535000-7fa835537000 rw-p 0016f000 08:06 2893120                    /usr/lib/x86_64-linux-gnu/libgio-2.0.so.0.4002.0
7fa835537000-7fa835539000 rw-p 00000000 00:00 0 
7fa835539000-7fa835550000 r-xp 00000000 08:06 2890768                    /usr/lib/jvm/java-7-openjdk-amd64/jre/lib/amd64/libnet.so
7fa835550000-7fa83574f000 ---p 00017000 08:06 2890768                    /usr/lib/jvm/java-7-openjdk-amd64/jre/lib/amd64/libnet.so
7fa83574f000-7fa835750000 r--p 00016000 08:06 2890768                    /usr/lib/jvm/java-7-openjdk-amd64/jre/lib/amd64/libnet.so
7fa835750000-7fa835751000 rw-p 00017000 08:06 2890768                    /usr/lib/jvm/java-7-openjdk-amd64/jre/lib/amd64/libnet.so
7fa835751000-7fa835761000 r-xp 00000000 08:06 2890738                    /usr/lib/jvm/java-7-openjdk-amd64/jre/lib/amd64/libnio.so
7fa835761000-7fa835961000 ---p 00010000 08:06 2890738                    /usr/lib/jvm/java-7-openjdk-amd64/jre/lib/amd64/libnio.so
7fa835961000-7fa835962000 r--p 00010000 08:06 2890738                    /usr/lib/jvm/java-7-openjdk-amd64/jre/lib/amd64/libnio.so
7fa835962000-7fa835963000 rw-p 00011000 08:06 2890738                    /usr/lib/jvm/java-7-openjdk-amd64/jre/lib/amd64/libnio.so
7fa835963000-7fa8359e4000 r--s 005c4000 08:06 3159787                    /home/sam/AndroidStudioProjects/super-2016/BlutoothSocketReceiver/app/build/intermediates/multi-dex/debug/allclasses.jar
7fa8359e4000-7fa8359e5000 ---p 00000000 00:00 0 
7fa8359e5000-7fa835ae5000 rw-p 00000000 00:00 0                          [stack:6458]
7fa835ae5000-7fa835ae8000 ---p 00000000 00:00 0 
7fa835ae8000-7fa835be6000 rw-p 00000000 00:00 0                          [stack:6457]
7fa835be6000-7fa835be9000 ---p 00000000 00:00 0 
7fa835be9000-7fa835ce7000 rw-p 00000000 00:00 0                          [stack:6456]
7fa835ce7000-7fa835cea000 ---p 00000000 00:00 0 
7fa835cea000-7fa835de8000 rw-p 00000000 00:00 0                          [stack:6455]
7fa835de8000-7fa835deb000 ---p 00000000 00:00 0 
7fa835deb000-7fa835ee9000 rw-p 00000000 00:00 0                          [stack:6454]
7fa835ee9000-7fa8365cb000 r--p 00000000 08:06 2891586                    /usr/lib/locale/locale-archive
7fa8365cb000-7fa8365ce000 ---p 00000000 00:00 0 
7fa8365ce000-7fa8366cc000 rw-p 00000000 00:00 0                          [stack:6453]
7fa8366cc000-7fa8366cf000 ---p 00000000 00:00 0 
7fa8366cf000-7fa8367cd000 rw-p 00000000 00:00 0                          [stack:6452]
7fa8367cd000-7fa8367ce000 ---p 00000000 00:00 0 
7fa8367ce000-7fa839000000 rw-p 00000000 00:00 0                          [stack:6451]
7fa839000000-7fa8392f0000 rwxp 00000000 00:00 0 
7fa8392f0000-7fa83c23e000 rw-p 00000000 00:00 0 
7fa83c23e000-7fa840000000 ---p 00000000 00:00 0 
7fa840009000-7fa84003a000 rw-p 00000000 00:00 0 
7fa840051000-7fa840060000 r--s 000dd000 08:06 2230896                    /home/sam/Android/Sdk/build-tools/21.1.2/lib/dx.jar
7fa840060000-7fa840e5b000 rw-p 00000000 00:00 0 
7fa840e5b000-7fa84100d000 r--s 01d2e000 08:06 2890732                    /usr/lib/jvm/java-7-openjdk-amd64/jre/lib/rt.jar
7fa84100d000-7fa841359000 rw-p 00000000 00:00 0 
7fa841359000-7fa84135a000 ---p 00000000 00:00 0 
7fa84135a000-7fa84145a000 rw-p 00000000 00:00 0                          [stack:6450]
7fa84145a000-7fa84145b000 ---p 00000000 00:00 0 
7fa84145b000-7fa84155b000 rw-p 00000000 00:00 0                          [stack:6449]
7fa84155b000-7fa84155c000 ---p 00000000 00:00 0 
7fa84155c000-7fa84165c000 rw-p 00000000 00:00 0                          [stack:6448]
7fa84165c000-7fa84165d000 ---p 00000000 00:00 0 
7fa84165d000-7fa841768000 rw-p 00000000 00:00 0                          [stack:6447]
7fa841768000-7fa8417b0000 rw-p 00000000 00:00 0 
7fa8417b0000-7fa8417c7000 rw-p 00000000 00:00 0 
7fa8417c7000-7fa841906000 rw-p 00000000 00:00 0 
7fa841906000-7fa841911000 rw-p 00000000 00:00 0 
7fa841911000-7fa841959000 rw-p 00000000 00:00 0 
7fa841959000-7fa841970000 rw-p 00000000 00:00 0 
7fa841970000-7fa841aae000 rw-p 00000000 00:00 0 
7fa841aae000-7fa841afd000 rw-p 00000000 00:00 0 
7fa841afd000-7fa841b59000 rw-p 00000000 00:00 0 
7fa841b59000-7fa841b5a000 rw-p 00000000 00:00 0 
7fa841b5a000-7fa841b62000 r-xp 00000000 08:06 2890742                    /usr/lib/jvm/java-7-openjdk-amd64/jre/lib/amd64/libzip.so
7fa841b62000-7fa841d61000 ---p 00008000 08:06 2890742                    /usr/lib/jvm/java-7-openjdk-amd64/jre/lib/amd64/libzip.so
7fa841d61000-7fa841d62000 r--p 00007000 08:06 2890742                    /usr/lib/jvm/java-7-openjdk-amd64/jre/lib/amd64/libzip.so
7fa841d62000-7fa841d63000 rw-p 00008000 08:06 2890742                    /usr/lib/jvm/java-7-openjdk-amd64/jre/lib/amd64/libzip.so
7fa841d63000-7fa841d6e000 r-xp 00000000 08:06 1179667                    /lib/x86_64-linux-gnu/libnss_files-2.19.so
7fa841d6e000-7fa841f6d000 ---p 0000b000 08:06 1179667                    /lib/x86_64-linux-gnu/libnss_files-2.19.so
7fa841f6d000-7fa841f6e000 r--p 0000a000 08:06 1179667                    /lib/x86_64-linux-gnu/libnss_files-2.19.so
7fa841f6e000-7fa841f6f000 rw-p 0000b000 08:06 1179667                    /lib/x86_64-linux-gnu/libnss_files-2.19.so
7fa841f6f000-7fa841f7a000 r-xp 00000000 08:06 1183692                    /lib/x86_64-linux-gnu/libnss_nis-2.19.so
7fa841f7a000-7fa842179000 ---p 0000b000 08:06 1183692                    /lib/x86_64-linux-gnu/libnss_nis-2.19.so
7fa842179000-7fa84217a000 r--p 0000a000 08:06 1183692                    /lib/x86_64-linux-gnu/libnss_nis-2.19.so
7fa84217a000-7fa84217b000 rw-p 0000b000 08:06 1183692                    /lib/x86_64-linux-gnu/libnss_nis-2.19.so
7fa84217b000-7fa842192000 r-xp 00000000 08:06 1179742                    /lib/x86_64-linux-gnu/libnsl-2.19.so
7fa842192000-7fa842391000 ---p 00017000 08:06 1179742                    /lib/x86_64-linux-gnu/libnsl-2.19.so
7fa842391000-7fa842392000 r--p 00016000 08:06 1179742                    /lib/x86_64-linux-gnu/libnsl-2.19.so
7fa842392000-7fa842393000 rw-p 00017000 08:06 1179742                    /lib/x86_64-linux-gnu/libnsl-2.19.so
7fa842393000-7fa842395000 rw-p 00000000 00:00 0 
7fa842395000-7fa84239e000 r-xp 00000000 08:06 1179741                    /lib/x86_64-linux-gnu/libnss_compat-2.19.so
7fa84239e000-7fa84259d000 ---p 00009000 08:06 1179741                    /lib/x86_64-linux-gnu/libnss_compat-2.19.so
7fa84259d000-7fa84259e000 r--p 00008000 08:06 1179741                    /lib/x86_64-linux-gnu/libnss_compat-2.19.so
7fa84259e000-7fa84259f000 rw-p 00009000 08:06 1179741                    /lib/x86_64-linux-gnu/libnss_compat-2.19.so
7fa84259f000-7fa8425ca000 r-xp 00000000 08:06 2890750                    /usr/lib/jvm/java-7-openjdk-amd64/jre/lib/amd64/libjava.so
7fa8425ca000-7fa8427ca000 ---p 0002b000 08:06 2890750                    /usr/lib/jvm/java-7-openjdk-amd64/jre/lib/amd64/libjava.so
7fa8427ca000-7fa8427cb000 r--p 0002b000 08:06 2890750                    /usr/lib/jvm/java-7-openjdk-amd64/jre/lib/amd64/libjava.so
7fa8427cb000-7fa8427cd000 rw-p 0002c000 08:06 2890750                    /usr/lib/jvm/java-7-openjdk-amd64/jre/lib/amd64/libjava.so
7fa8427cd000-7fa8427dd000 r-xp 00000000 08:06 2890764                    /usr/lib/jvm/java-7-openjdk-amd64/jre/lib/amd64/libverify.so
7fa8427dd000-7fa8429dc000 ---p 00010000 08:06 2890764                    /usr/lib/jvm/java-7-openjdk-amd64/jre/lib/amd64/libverify.so
7fa8429dc000-7fa8429de000 r--p 0000f000 08:06 2890764                    /usr/lib/jvm/java-7-openjdk-amd64/jre/lib/amd64/libverify.so
7fa8429de000-7fa8429df000 rw-p 00011000 08:06 2890764                    /usr/lib/jvm/java-7-openjdk-amd64/jre/lib/amd64/libverify.so
7fa8429df000-7fa8429e6000 r-xp 00000000 08:06 1179750                    /lib/x86_64-linux-gnu/librt-2.19.so
7fa8429e6000-7fa842be5000 ---p 00007000 08:06 1179750                    /lib/x86_64-linux-gnu/librt-2.19.so
7fa842be5000-7fa842be6000 r--p 00006000 08:06 1179750                    /lib/x86_64-linux-gnu/librt-2.19.so
7fa842be6000-7fa842be7000 rw-p 00007000 08:06 1179750                    /lib/x86_64-linux-gnu/librt-2.19.so
7fa842be7000-7fa842bfd000 r-xp 00000000 08:06 1183789                    /lib/x86_64-linux-gnu/libgcc_s.so.1
7fa842bfd000-7fa842dfc000 ---p 00016000 08:06 1183789                    /lib/x86_64-linux-gnu/libgcc_s.so.1
7fa842dfc000-7fa842dfd000 rw-p 00015000 08:06 1183789                    /lib/x86_64-linux-gnu/libgcc_s.so.1
7fa842dfd000-7fa842f02000 r-xp 00000000 08:06 1179663                    /lib/x86_64-linux-gnu/libm-2.19.so
7fa842f02000-7fa843101000 ---p 00105000 08:06 1179663                    /lib/x86_64-linux-gnu/libm-2.19.so
7fa843101000-7fa843102000 r--p 00104000 08:06 1179663                    /lib/x86_64-linux-gnu/libm-2.19.so
7fa843102000-7fa843103000 rw-p 00105000 08:06 1179663                    /lib/x86_64-linux-gnu/libm-2.19.so
7fa843103000-7fa8431e9000 r-xp 00000000 08:06 2883695                    /usr/lib/x86_64-linux-gnu/libstdc++.so.6.0.19
7fa8431e9000-7fa8433e8000 ---p 000e6000 08:06 2883695                    /usr/lib/x86_64-linux-gnu/libstdc++.so.6.0.19
7fa8433e8000-7fa8433f0000 r--p 000e5000 08:06 2883695                    /usr/lib/x86_64-linux-gnu/libstdc++.so.6.0.19
7fa8433f0000-7fa8433f2000 rw-p 000ed000 08:06 2883695                    /usr/lib/x86_64-linux-gnu/libstdc++.so.6.0.19
7fa8433f2000-7fa843407000 rw-p 00000000 00:00 0 
7fa843407000-7fa843f2b000 r-xp 00000000 08:06 2890756                    /usr/lib/jvm/java-7-openjdk-amd64/jre/lib/amd64/server/libjvm.so
7fa843f2b000-7fa84412b000 ---p 00b24000 08:06 2890756                    /usr/lib/jvm/java-7-openjdk-amd64/jre/lib/amd64/server/libjvm.so
7fa84412b000-7fa8441c5000 r--p 00b24000 08:06 2890756                    /usr/lib/jvm/java-7-openjdk-amd64/jre/lib/amd64/server/libjvm.so
7fa8441c5000-7fa8441e8000 rw-p 00bbe000 08:06 2890756                    /usr/lib/jvm/java-7-openjdk-amd64/jre/lib/amd64/server/libjvm.so
7fa8441e8000-7fa844216000 rw-p 00000000 00:00 0 
7fa844216000-7fa84422e000 r-xp 00000000 08:06 1183925                    /lib/x86_64-linux-gnu/libz.so.1.2.8
7fa84422e000-7fa84442d000 ---p 00018000 08:06 1183925                    /lib/x86_64-linux-gnu/libz.so.1.2.8
7fa84442d000-7fa84442e000 r--p 00017000 08:06 1183925                    /lib/x86_64-linux-gnu/libz.so.1.2.8
7fa84442e000-7fa84442f000 rw-p 00018000 08:06 1183925                    /lib/x86_64-linux-gnu/libz.so.1.2.8
7fa84442f000-7fa844448000 r-xp 00000000 08:06 1179748                    /lib/x86_64-linux-gnu/libpthread-2.19.so
7fa844448000-7fa844647000 ---p 00019000 08:06 1179748                    /lib/x86_64-linux-gnu/libpthread-2.19.so
7fa844647000-7fa844648000 r--p 00018000 08:06 1179748                    /lib/x86_64-linux-gnu/libpthread-2.19.so
7fa844648000-7fa844649000 rw-p 00019000 08:06 1179748                    /lib/x86_64-linux-gnu/libpthread-2.19.so
7fa844649000-7fa84464d000 rw-p 00000000 00:00 0 
7fa84464d000-7fa844650000 r-xp 00000000 08:06 1179678                    /lib/x86_64-linux-gnu/libdl-2.19.so
7fa844650000-7fa84484f000 ---p 00003000 08:06 1179678                    /lib/x86_64-linux-gnu/libdl-2.19.so
7fa84484f000-7fa844850000 r--p 00002000 08:06 1179678                    /lib/x86_64-linux-gnu/libdl-2.19.so
7fa844850000-7fa844851000 rw-p 00003000 08:06 1179678                    /lib/x86_64-linux-gnu/libdl-2.19.so
7fa844851000-7fa844a0c000 r-xp 00000000 08:06 1179747                    /lib/x86_64-linux-gnu/libc-2.19.so
7fa844a0c000-7fa844c0b000 ---p 001bb000 08:06 1179747                    /lib/x86_64-linux-gnu/libc-2.19.so
7fa844c0b000-7fa844c0f000 r--p 001ba000 08:06 1179747                    /lib/x86_64-linux-gnu/libc-2.19.so
7fa844c0f000-7fa844c11000 rw-p 001be000 08:06 1179747                    /lib/x86_64-linux-gnu/libc-2.19.so
7fa844c11000-7fa844c16000 rw-p 00000000 00:00 0 
7fa844c16000-7fa844c23000 r-xp 00000000 08:06 2890765                    /usr/lib/jvm/java-7-openjdk-amd64/jre/lib/amd64/jli/libjli.so
7fa844c23000-7fa844e22000 ---p 0000d000 08:06 2890765                    /usr/lib/jvm/java-7-openjdk-amd64/jre/lib/amd64/jli/libjli.so
7fa844e22000-7fa844e23000 r--p 0000c000 08:06 2890765                    /usr/lib/jvm/java-7-openjdk-amd64/jre/lib/amd64/jli/libjli.so
7fa844e23000-7fa844e24000 rw-p 0000d000 08:06 2890765                    /usr/lib/jvm/java-7-openjdk-amd64/jre/lib/amd64/jli/libjli.so
7fa844e24000-7fa844e47000 r-xp 00000000 08:06 1179744                    /lib/x86_64-linux-gnu/ld-2.19.so
7fa844e47000-7fa844e48000 rw-p 00000000 00:00 0 
7fa844e48000-7fa844e4b000 r--s 0000f000 08:06 2890726                    /usr/lib/jvm/java-7-openjdk-amd64/jre/lib/ext/icedtea-sound.jar
7fa844e4b000-7fa844e4f000 r--s 0003c000 08:06 2890728                    /usr/lib/jvm/java-7-openjdk-amd64/jre/lib/ext/sunpkcs11.jar
7fa844e4f000-7fa844e73000 rw-p 00000000 00:00 0 
7fa844e73000-7fa844f27000 rw-p 00000000 00:00 0 
7fa844f27000-7fa844f2a000 ---p 00000000 00:00 0 
7fa844f2a000-7fa84502d000 rw-p 00000000 00:00 0                          [stack:6446]
7fa84502d000-7fa84502e000 r--s 00002000 08:06 2890729                    /usr/lib/jvm/java-7-openjdk-amd64/jre/lib/ext/dnsns.jar
7fa84502e000-7fa845032000 r--s 00034000 08:06 2890727                    /usr/lib/jvm/java-7-openjdk-amd64/jre/lib/ext/sunjce_provider.jar
7fa845032000-7fa845034000 r--s 00006000 08:06 3286086                    /usr/share/java/java-atk-wrapper.jar
7fa845034000-7fa845038000 r--s 00085000 08:06 2890725                    /usr/lib/jvm/java-7-openjdk-amd64/jre/lib/ext/localedata.jar
7fa845038000-7fa84503a000 r--s 00012000 08:06 2890724                    /usr/lib/jvm/java-7-openjdk-amd64/jre/lib/ext/zipfs.jar
7fa84503a000-7fa845042000 rw-s 00000000 08:06 2503799                    /tmp/hsperfdata_sam/6442
7fa845042000-7fa845043000 rw-p 00000000 00:00 0 
7fa845043000-7fa845044000 ---p 00000000 00:00 0 
7fa845044000-7fa845046000 rw-p 00000000 00:00 0 
7fa845046000-7fa845047000 r--p 00022000 08:06 1179744                    /lib/x86_64-linux-gnu/ld-2.19.so
7fa845047000-7fa845048000 rw-p 00023000 08:06 1179744                    /lib/x86_64-linux-gnu/ld-2.19.so
7fa845048000-7fa845049000 rw-p 00000000 00:00 0 
7ffdf1fa4000-7ffdf1fc5000 rw-p 00000000 00:00 0                          [stack]
7ffdf1fda000-7ffdf1fdc000 r-xp 00000000 00:00 0                          [vdso]
7ffdf1fdc000-7ffdf1fde000 r--p 00000000 00:00 0                          [vvar]
ffffffffff600000-ffffffffff601000 r-xp 00000000 00:00 0                  [vsyscall]

VM Arguments:
jvm_args: -Xmx1024M -Dfile.encoding=UTF-8 -Duser.country=US -Duser.language=en -Duser.variant 
java_command: com.android.dx.command.Main --dex --multi-dex --main-dex-list /home/sam/AndroidStudioProjects/super-2016/BlutoothSocketReceiver/app/build/intermediates/multi-dex/debug/maindexlist.txt --output /home/sam/AndroidStudioProjects/super-2016/BlutoothSocketReceiver/app/build/intermediates/dex/debug /home/sam/AndroidStudioProjects/super-2016/BlutoothSocketReceiver/app/build/intermediates/multi-dex/debug/allclasses.jar
Launcher Type: SUN_STANDARD

Environment Variables:
PATH=/usr/local/sbin:/usr/local/bin:/usr/sbin:/usr/bin:/sbin:/bin:/usr/games:/usr/local/games
SHELL=/bin/bash
DISPLAY=:0

Signal Handlers:
SIGSEGV: [libjvm.so+0x9548f0], sa_mask[0]=0x7ffbfeff, sa_flags=0x10000004
SIGBUS: [libjvm.so+0x9548f0], sa_mask[0]=0x7ffbfeff, sa_flags=0x10000004
SIGFPE: [libjvm.so+0x7cb0b0], sa_mask[0]=0x7ffbfeff, sa_flags=0x10000004
SIGPIPE: [libjvm.so+0x7cb0b0], sa_mask[0]=0x7ffbfeff, sa_flags=0x10000004
SIGXFSZ: [libjvm.so+0x7cb0b0], sa_mask[0]=0x7ffbfeff, sa_flags=0x10000004
SIGILL: [libjvm.so+0x7cb0b0], sa_mask[0]=0x7ffbfeff, sa_flags=0x10000004
SIGUSR1: SIG_DFL, sa_mask[0]=0x00000000, sa_flags=0x00000000
SIGUSR2: [libjvm.so+0x7caf50], sa_mask[0]=0x00000004, sa_flags=0x10000004
SIGHUP: [libjvm.so+0x7cb130], sa_mask[0]=0x7ffbfeff, sa_flags=0x10000004
SIGINT: [libjvm.so+0x7cb130], sa_mask[0]=0x7ffbfeff, sa_flags=0x10000004
SIGTERM: [libjvm.so+0x7cb130], sa_mask[0]=0x7ffbfeff, sa_flags=0x10000004
SIGQUIT: [libjvm.so+0x7cb130], sa_mask[0]=0x7ffbfeff, sa_flags=0x10000004
SIGTRAP: SIG_DFL, sa_mask[0]=0x00000000, sa_flags=0x00000000


---------------  S Y S T E M  ---------------

OS:Ubuntu 14.04 (trusty)
uname:Linux 3.16.0-57-generic #77~14.04.1-Ubuntu SMP Thu Dec 17 23:20:00 UTC 2015 x86_64
libc:glibc 2.19 NPTL 2.19 
rlimit: STACK 8192k, CORE 0k, NPROC 15465, NOFILE 4096, AS infinity
load average:7.42 2.71 1.52

/proc/meminfo:
MemTotal:        3980464 kB
MemFree:          109052 kB
MemAvailable:      51000 kB
Buffers:             820 kB
Cached:           300884 kB
SwapCached:            0 kB
Active:          3433780 kB
Inactive:         274240 kB
Active(anon):    3431480 kB
Inactive(anon):   257712 kB
Active(file):       2300 kB
Inactive(file):    16528 kB
Unevictable:          32 kB
Mlocked:              32 kB
SwapTotal:             0 kB
SwapFree:              0 kB
Dirty:                64 kB
Writeback:             0 kB
AnonPages:       3406500 kB
Mapped:            64992 kB
Shmem:            282796 kB
Slab:              66612 kB
SReclaimable:      33988 kB
SUnreclaim:        32624 kB
KernelStack:        9424 kB
PageTables:        34168 kB
NFS_Unstable:          0 kB
Bounce:                0 kB
WritebackTmp:          0 kB
CommitLimit:     1990232 kB
Committed_AS:    6915120 kB
VmallocTotal:   34359738367 kB
VmallocUsed:      545036 kB
VmallocChunk:   34359102116 kB
HardwareCorrupted:     0 kB
AnonHugePages:   1859584 kB
HugePages_Total:       0
HugePages_Free:        0
HugePages_Rsvd:        0
HugePages_Surp:        0
Hugepagesize:       2048 kB
DirectMap4k:       72384 kB
DirectMap2M:     1957888 kB
DirectMap1G:     2097152 kB


CPU:total 4 (2 cores per cpu, 2 threads per core) family 6 model 69 stepping 1, cmov, cx8, fxsr, mmx, sse, sse2, sse3, ssse3, sse4.1, sse4.2, popcnt, avx, avx2, aes, erms, ht, tsc, tscinvbit

/proc/cpuinfo:
processor	: 0
vendor_id	: GenuineIntel
cpu family	: 6
model		: 69
model name	: Intel(R) Core(TM) i3-4030U CPU @ 1.90GHz
stepping	: 1
microcode	: 0x17
cpu MHz		: 1866.007
cache size	: 3072 KB
physical id	: 0
siblings	: 4
core id		: 0
cpu cores	: 2
apicid		: 0
initial apicid	: 0
fpu		: yes
fpu_exception	: yes
cpuid level	: 13
wp		: yes
flags		: fpu vme de pse tsc msr pae mce cx8 apic sep mtrr pge mca cmov pat pse36 clflush dts acpi mmx fxsr sse sse2 ss ht tm pbe syscall nx pdpe1gb rdtscp lm constant_tsc arch_perfmon pebs bts rep_good nopl xtopology nonstop_tsc aperfmperf eagerfpu pni pclmulqdq dtes64 monitor ds_cpl vmx est tm2 ssse3 fma cx16 xtpr pdcm pcid sse4_1 sse4_2 x2apic movbe popcnt tsc_deadline_timer aes xsave avx f16c rdrand lahf_lm abm ida arat epb xsaveopt pln pts dtherm tpr_shadow vnmi flexpriority ept vpid fsgsbase tsc_adjust bmi1 avx2 smep bmi2 erms invpcid
bogomips	: 3791.18
clflush size	: 64
cache_alignment	: 64
address sizes	: 39 bits physical, 48 bits virtual
power management:

processor	: 1
vendor_id	: GenuineIntel
cpu family	: 6
model		: 69
model name	: Intel(R) Core(TM) i3-4030U CPU @ 1.90GHz
stepping	: 1
microcode	: 0x17
cpu MHz		: 1882.781
cache size	: 3072 KB
physical id	: 0
siblings	: 4
core id		: 0
cpu cores	: 2
apicid		: 1
initial apicid	: 1
fpu		: yes
fpu_exception	: yes
cpuid level	: 13
wp		: yes
flags		: fpu vme de pse tsc msr pae mce cx8 apic sep mtrr pge mca cmov pat pse36 clflush dts acpi mmx fxsr sse sse2 ss ht tm pbe syscall nx pdpe1gb rdtscp lm constant_tsc arch_perfmon pebs bts rep_good nopl xtopology nonstop_tsc aperfmperf eagerfpu pni pclmulqdq dtes64 monitor ds_cpl vmx est tm2 ssse3 fma cx16 xtpr pdcm pcid sse4_1 sse4_2 x2apic movbe popcnt tsc_deadline_timer aes xsave avx f16c rdrand lahf_lm abm ida arat epb xsaveopt pln pts dtherm tpr_shadow vnmi flexpriority ept vpid fsgsbase tsc_adjust bmi1 avx2 smep bmi2 erms invpcid
bogomips	: 3791.18
clflush size	: 64
cache_alignment	: 64
address sizes	: 39 bits physical, 48 bits virtual
power management:

processor	: 2
vendor_id	: GenuineIntel
cpu family	: 6
model		: 69
model name	: Intel(R) Core(TM) i3-4030U CPU @ 1.90GHz
stepping	: 1
microcode	: 0x17
cpu MHz		: 1875.062
cache size	: 3072 KB
physical id	: 0
siblings	: 4
core id		: 1
cpu cores	: 2
apicid		: 2
initial apicid	: 2
fpu		: yes
fpu_exception	: yes
cpuid level	: 13
wp		: yes
flags		: fpu vme de pse tsc msr pae mce cx8 apic sep mtrr pge mca cmov pat pse36 clflush dts acpi mmx fxsr sse sse2 ss ht tm pbe syscall nx pdpe1gb rdtscp lm constant_tsc arch_perfmon pebs bts rep_good nopl xtopology nonstop_tsc aperfmperf eagerfpu pni pclmulqdq dtes64 monitor ds_cpl vmx est tm2 ssse3 fma cx16 xtpr pdcm pcid sse4_1 sse4_2 x2apic movbe popcnt tsc_deadline_timer aes xsave avx f16c rdrand lahf_lm abm ida arat epb xsaveopt pln pts dtherm tpr_shadow vnmi flexpriority ept vpid fsgsbase tsc_adjust bmi1 avx2 smep bmi2 erms invpcid
bogomips	: 3791.18
clflush size	: 64
cache_alignment	: 64
address sizes	: 39 bits physical, 48 bits virtual
power management:

processor	: 3
vendor_id	: GenuineIntel
cpu family	: 6
model		: 69
model name	: Intel(R) Core(TM) i3-4030U CPU @ 1.90GHz
stepping	: 1
microcode	: 0x17
cpu MHz		: 1863.484
cache size	: 3072 KB
physical id	: 0
siblings	: 4
core id		: 1
cpu cores	: 2
apicid		: 3
initial apicid	: 3
fpu		: yes
fpu_exception	: yes
cpuid level	: 13
wp		: yes
flags		: fpu vme de pse tsc msr pae mce cx8 apic sep mtrr pge mca cmov pat pse36 clflush dts acpi mmx fxsr sse sse2 ss ht tm pbe syscall nx pdpe1gb rdtscp lm constant_tsc arch_perfmon pebs bts rep_good nopl xtopology nonstop_tsc aperfmperf eagerfpu pni pclmulqdq dtes64 monitor ds_cpl vmx est tm2 ssse3 fma cx16 xtpr pdcm pcid sse4_1 sse4_2 x2apic movbe popcnt tsc_deadline_timer aes xsave avx f16c rdrand lahf_lm abm ida arat epb xsaveopt pln pts dtherm tpr_shadow vnmi flexpriority ept vpid fsgsbase tsc_adjust bmi1 avx2 smep bmi2 erms invpcid
bogomips	: 3791.18
clflush size	: 64
cache_alignment	: 64
address sizes	: 39 bits physical, 48 bits virtual
power management:



Memory: 4k page, physical 3980464k(109052k free), swap 0k(0k free)

vm_info: OpenJDK 64-Bit Server VM (24.91-b01) for linux-amd64 JRE (1.7.0_91-b02), built on Nov 19 2015 06:14:37 by "buildd" with gcc 4.8.2

time: Sat Jul 23 12:06:54 2016
elapsed time: 23 seconds

