#
# There is insufficient memory for the Java Runtime Environment to continue.
# Native memory allocation (malloc) failed to allocate 73400320 bytes for committing reserved memory.
# Possible reasons:
#   The system is out of physical RAM or swap space
#   In 32 bit mode, the process size limit was hit
# Possible solutions:
#   Reduce memory load on the system
#   Increase physical memory or swap space
#   Check if swap backing store is full
#   Use 64 bit Java on a 64 bit OS
#   Decrease Java heap size (-Xmx/-Xms)
#   Decrease number of Java threads
#   Decrease Java thread stack sizes (-Xss)
#   Set larger code cache with -XX:ReservedCodeCacheSize=
# This output file may be truncated or incomplete.
#
#  Out of Memory Error (os_linux.cpp:2827), pid=6501, tid=140709983868672
#
# JRE version: OpenJDK Runtime Environment (7.0_91-b02) (build 1.7.0_91-b02)
# Java VM: OpenJDK 64-Bit Server VM (24.91-b01 mixed mode linux-amd64 compressed oops)
# Derivative: IcedTea 2.6.3
# Distribution: Ubuntu 14.04 LTS, package 7u91-2.6.3-0ubuntu0.14.04.1
# Failed to write core dump. Core dumps have been disabled. To enable core dumping, try "ulimit -c unlimited" before starting Java again
#

---------------  T H R E A D  ---------------

Current thread (0x00007ff994076000):  VMThread [stack: 0x00007ff9988ad000,0x00007ff9989ae000] [id=6512]

Stack: [0x00007ff9988ad000,0x00007ff9989ae000],  sp=0x00007ff9989ac490,  free space=1021k
Native frames: (J=compiled Java code, j=interpreted, Vv=VM code, C=native code)
V  [libjvm.so+0x953e15]  VMError::report_and_die()+0x175
V  [libjvm.so+0x48fd94]  report_vm_out_of_memory(char const*, int, unsigned long, char const*)+0x74
V  [libjvm.so+0x7cf87b]  os::pd_commit_memory(char*, unsigned long, unsigned long, bool)+0xeb
V  [libjvm.so+0x7ca33f]  os::commit_memory(char*, unsigned long, unsigned long, bool)+0x1f
V  [libjvm.so+0x83dacb]  PSVirtualSpace::expand_by(unsigned long)+0x5b
V  [libjvm.so+0x83e930]  PSYoungGen::resize_generation(unsigned long, unsigned long)+0xb0
V  [libjvm.so+0x83f01b]  PSYoungGen::resize(unsigned long, unsigned long)+0x1b
V  [libjvm.so+0x83b258]  PSScavenge::invoke_no_policy()+0xd68
V  [libjvm.so+0x83bac8]  PSScavenge::invoke()+0x38
V  [libjvm.so+0x7f2083]  ParallelScavengeHeap::failed_mem_allocate(unsigned long)+0x63
V  [libjvm.so+0x955814]  VM_ParallelGCFailedAllocation::doit()+0x84
V  [libjvm.so+0x959917]  VM_Operation::evaluate()+0x47
V  [libjvm.so+0x9583d8]  VMThread::evaluate_operation(VM_Operation*)+0x318
V  [libjvm.so+0x958839]  VMThread::loop()+0x219
V  [libjvm.so+0x958c82]  VMThread::run()+0x72
V  [libjvm.so+0x7cc742]  java_start(Thread*)+0xf2

VM_Operation (0x00007ff99db75d10): ParallelGCFailedAllocation, mode: safepoint, requested by thread 0x00007ff99400a800


---------------  P R O C E S S  ---------------

Java Threads: ( => current thread )
  0x00007ff9940ae800 JavaThread "Service Thread" daemon [_thread_blocked, id=6518, stack(0x00007ff9982a7000,0x00007ff9983a8000)]
  0x00007ff9940ac800 JavaThread "C2 CompilerThread1" daemon [_thread_blocked, id=6517, stack(0x00007ff9983a8000,0x00007ff9984a9000)]
  0x00007ff9940a9800 JavaThread "C2 CompilerThread0" daemon [_thread_blocked, id=6516, stack(0x00007ff9984a9000,0x00007ff9985aa000)]
  0x00007ff9940a7800 JavaThread "Signal Dispatcher" daemon [_thread_blocked, id=6515, stack(0x00007ff9985aa000,0x00007ff9986ab000)]
  0x00007ff99407c000 JavaThread "Finalizer" daemon [_thread_blocked, id=6514, stack(0x00007ff9986ab000,0x00007ff9987ac000)]
  0x00007ff99407a000 JavaThread "Reference Handler" daemon [_thread_blocked, id=6513, stack(0x00007ff9987ac000,0x00007ff9988ad000)]
  0x00007ff99400a800 JavaThread "main" [_thread_blocked, id=6507, stack(0x00007ff99da77000,0x00007ff99db78000)]

Other Threads:
=>0x00007ff994076000 VMThread [stack: 0x00007ff9988ad000,0x00007ff9989ae000] [id=6512]
  0x00007ff9940b9800 WatcherThread [stack: 0x00007ff9981a6000,0x00007ff9982a7000] [id=6519]

VM state:at safepoint (normal execution)

VM Mutex/Monitor currently owned by a thread:  ([mutex/lock_event])
[0x00007ff994006920] Threads_lock - owner thread: 0x00007ff994076000
[0x00007ff994006e20] Heap_lock - owner thread: 0x00007ff99400a800

Heap
 PSYoungGen      total 71168K, used 8680K [0x00000000eaa80000, 0x00000000ef980000, 0x0000000100000000)
  eden space 62464K, 0% used [0x00000000eaa80000,0x00000000eaa80000,0x00000000ee780000)
  from space 8704K, 99% used [0x00000000ee780000,0x00000000eeffa348,0x00000000ef000000)
  to   space 7680K, 0% used [0x00000000ef000000,0x00000000ef000000,0x00000000ef780000)
 ParOldGen       total 41472K, used 23408K [0x00000000c0000000, 0x00000000c2880000, 0x00000000eaa80000)
  object space 41472K, 56% used [0x00000000c0000000,0x00000000c16dc068,0x00000000c2880000)
 PSPermGen       total 21504K, used 5958K [0x00000000b5a00000, 0x00000000b6f00000, 0x00000000c0000000)
  object space 21504K, 27% used [0x00000000b5a00000,0x00000000b5fd1ab0,0x00000000b6f00000)

Card table byte_map: [0x00007ff99a456000,0x00007ff99a6aa000] byte_map_base: 0x00007ff999ea9000

Polling page: 0x00007ff99db93000

Code Cache  [0x00007ff991000000, 0x00007ff991270000, 0x00007ff994000000)
 total_blobs=798 nmethods=570 adapters=181 free_code_cache=46857Kb largest_free_block=47928768

Compilation events (10 events):
Event: 6.303 Thread 0x00007ff9940ac800 nmethod 587 0x00007ff991246c90 code [0x00007ff991246fe0, 0x00007ff991248570]
Event: 6.303 Thread 0x00007ff9940ac800  588             com.android.dx.util.IntList::shrink (42 bytes)
Event: 6.304 Thread 0x00007ff9940ac800 nmethod 588 0x00007ff99121af50 code [0x00007ff99121b0a0, 0x00007ff99121b158]
Event: 6.304 Thread 0x00007ff9940ac800  589             com.android.dx.cf.code.Frame::getSubroutines (5 bytes)
Event: 6.304 Thread 0x00007ff9940ac800 nmethod 589 0x00007ff99121ad50 code [0x00007ff99121ae80, 0x00007ff99121aed8]
Event: 6.304 Thread 0x00007ff9940ac800  590             com.android.dx.util.ByteArray::getByte0 (12 bytes)
Event: 6.305 Thread 0x00007ff9940ac800 nmethod 590 0x00007ff991220ed0 code [0x00007ff991221020, 0x00007ff9912210b8]
Event: 6.305 Thread 0x00007ff9940ac800  591             com.android.dx.rop.cst.CstString::hashCode (8 bytes)
Event: 6.312 Thread 0x00007ff9940ac800 nmethod 591 0x00007ff991220b10 code [0x00007ff991220c60, 0x00007ff991220dd8]
Event: 6.312 Thread 0x00007ff9940ac800  592             com.android.dx.cf.code.Simulator$SimVisitor::visitLocal (329 bytes)

GC Heap History (10 events):
Event: 3.309 GC heap after
Heap after GC invocations=2 (full 0):
 PSYoungGen      total 18432K, used 2544K [0x00000000eaa80000, 0x00000000ece80000, 0x0000000100000000)
  eden space 15872K, 0% used [0x00000000eaa80000,0x00000000eaa80000,0x00000000eba00000)
  from space 2560K, 99% used [0x00000000ebc80000,0x00000000ebefc1a8,0x00000000ebf00000)
  to   space 2560K, 0% used [0x00000000eba00000,0x00000000eba00000,0x00000000ebc80000)
 ParOldGen       total 41472K, used 5168K [0x00000000c0000000, 0x00000000c2880000, 0x00000000eaa80000)
  object space 41472K, 12% used [0x00000000c0000000,0x00000000c050c098,0x00000000c2880000)
 PSPermGen       total 21504K, used 5806K [0x00000000b5a00000, 0x00000000b6f00000, 0x00000000c0000000)
  object space 21504K, 27% used [0x00000000b5a00000,0x00000000b5fab968,0x00000000b6f00000)
}
Event: 3.870 GC heap before
{Heap before GC invocations=3 (full 0):
 PSYoungGen      total 18432K, used 18416K [0x00000000eaa80000, 0x00000000ece80000, 0x0000000100000000)
  eden space 15872K, 100% used [0x00000000eaa80000,0x00000000eba00000,0x00000000eba00000)
  from space 2560K, 99% used [0x00000000ebc80000,0x00000000ebefc1a8,0x00000000ebf00000)
  to   space 2560K, 0% used [0x00000000eba00000,0x00000000eba00000,0x00000000ebc80000)
 ParOldGen       total 41472K, used 5168K [0x00000000c0000000, 0x00000000c2880000, 0x00000000eaa80000)
  object space 41472K, 12% used [0x00000000c0000000,0x00000000c050c098,0x00000000c2880000)
 PSPermGen       total 21504K, used 5840K [0x00000000b5a00000, 0x00000000b6f00000, 0x00000000c0000000)
  object space 21504K, 27% used [0x00000000b5a00000,0x00000000b5fb4140,0x00000000b6f00000)
Event: 3.883 GC heap after
Heap after GC invocations=3 (full 0):
 PSYoungGen      total 18432K, used 2546K [0x00000000eaa80000, 0x00000000ece80000, 0x0000000100000000)
  eden space 15872K, 0% used [0x00000000eaa80000,0x00000000eaa80000,0x00000000eba00000)
  from space 2560K, 99% used [0x00000000eba00000,0x00000000ebc7cb98,0x00000000ebc80000)
  to   space 2560K, 0% used [0x00000000ecc00000,0x00000000ecc00000,0x00000000ece80000)
 ParOldGen       total 41472K, used 7429K [0x00000000c0000000, 0x00000000c2880000, 0x00000000eaa80000)
  object space 41472K, 17% used [0x00000000c0000000,0x00000000c0741468,0x00000000c2880000)
 PSPermGen       total 21504K, used 5840K [0x00000000b5a00000, 0x00000000b6f00000, 0x00000000c0000000)
  object space 21504K, 27% used [0x00000000b5a00000,0x00000000b5fb4140,0x00000000b6f00000)
}
Event: 4.265 GC heap before
{Heap before GC invocations=4 (full 0):
 PSYoungGen      total 18432K, used 18418K [0x00000000eaa80000, 0x00000000ece80000, 0x0000000100000000)
  eden space 15872K, 100% used [0x00000000eaa80000,0x00000000eba00000,0x00000000eba00000)
  from space 2560K, 99% used [0x00000000eba00000,0x00000000ebc7cb98,0x00000000ebc80000)
  to   space 2560K, 0% used [0x00000000ecc00000,0x00000000ecc00000,0x00000000ece80000)
 ParOldGen       total 41472K, used 7429K [0x00000000c0000000, 0x00000000c2880000, 0x00000000eaa80000)
  object space 41472K, 17% used [0x00000000c0000000,0x00000000c0741468,0x00000000c2880000)
 PSPermGen       total 21504K, used 5860K [0x00000000b5a00000, 0x00000000b6f00000, 0x00000000c0000000)
  object space 21504K, 27% used [0x00000000b5a00000,0x00000000b5fb91d8,0x00000000b6f00000)
Event: 4.276 GC heap after
Heap after GC invocations=4 (full 0):
 PSYoungGen      total 34304K, used 2532K [0x00000000eaa80000, 0x00000000ece80000, 0x0000000100000000)
  eden space 31744K, 0% used [0x00000000eaa80000,0x00000000eaa80000,0x00000000ec980000)
  from space 2560K, 98% used [0x00000000ecc00000,0x00000000ece79188,0x00000000ece80000)
  to   space 2560K, 0% used [0x00000000ec980000,0x00000000ec980000,0x00000000ecc00000)
 ParOldGen       total 41472K, used 9676K [0x00000000c0000000, 0x00000000c2880000, 0x00000000eaa80000)
  object space 41472K, 23% used [0x00000000c0000000,0x00000000c0973050,0x00000000c2880000)
 PSPermGen       total 21504K, used 5860K [0x00000000b5a00000, 0x00000000b6f00000, 0x00000000c0000000)
  object space 21504K, 27% used [0x00000000b5a00000,0x00000000b5fb91d8,0x00000000b6f00000)
}
Event: 4.956 GC heap before
{Heap before GC invocations=5 (full 0):
 PSYoungGen      total 34304K, used 34276K [0x00000000eaa80000, 0x00000000ece80000, 0x0000000100000000)
  eden space 31744K, 100% used [0x00000000eaa80000,0x00000000ec980000,0x00000000ec980000)
  from space 2560K, 98% used [0x00000000ecc00000,0x00000000ece79188,0x00000000ece80000)
  to   space 2560K, 0% used [0x00000000ec980000,0x00000000ec980000,0x00000000ecc00000)
 ParOldGen       total 41472K, used 9676K [0x00000000c0000000, 0x00000000c2880000, 0x00000000eaa80000)
  object space 41472K, 23% used [0x00000000c0000000,0x00000000c0973050,0x00000000c2880000)
 PSPermGen       total 21504K, used 5890K [0x00000000b5a00000, 0x00000000b6f00000, 0x00000000c0000000)
  object space 21504K, 27% used [0x00000000b5a00000,0x00000000b5fc0be8,0x00000000b6f00000)
Event: 4.985 GC heap after
Heap after GC invocations=5 (full 0):
 PSYoungGen      total 34304K, used 2545K [0x00000000eaa80000, 0x00000000ef780000, 0x0000000100000000)
  eden space 31744K, 0% used [0x00000000eaa80000,0x00000000eaa80000,0x00000000ec980000)
  from space 2560K, 99% used [0x00000000ec980000,0x00000000ecbfc508,0x00000000ecc00000)
  to   space 7680K, 0% used [0x00000000ef000000,0x00000000ef000000,0x00000000ef780000)
 ParOldGen       total 41472K, used 15062K [0x00000000c0000000, 0x00000000c2880000, 0x00000000eaa80000)
  object space 41472K, 36% used [0x00000000c0000000,0x00000000c0eb5ad8,0x00000000c2880000)
 PSPermGen       total 21504K, used 5890K [0x00000000b5a00000, 0x00000000b6f00000, 0x00000000c0000000)
  object space 21504K, 27% used [0x00000000b5a00000,0x00000000b5fc0be8,0x00000000b6f00000)
}
Event: 5.461 GC heap before
{Heap before GC invocations=6 (full 0):
 PSYoungGen      total 34304K, used 34289K [0x00000000eaa80000, 0x00000000ef780000, 0x0000000100000000)
  eden space 31744K, 100% used [0x00000000eaa80000,0x00000000ec980000,0x00000000ec980000)
  from space 2560K, 99% used [0x00000000ec980000,0x00000000ecbfc508,0x00000000ecc00000)
  to   space 7680K, 0% used [0x00000000ef000000,0x00000000ef000000,0x00000000ef780000)
 ParOldGen       total 41472K, used 15062K [0x00000000c0000000, 0x00000000c2880000, 0x00000000eaa80000)
  object space 41472K, 36% used [0x00000000c0000000,0x00000000c0eb5ad8,0x00000000c2880000)
 PSPermGen       total 21504K, used 5909K [0x00000000b5a00000, 0x00000000b6f00000, 0x00000000c0000000)
  object space 21504K, 27% used [0x00000000b5a00000,0x00000000b5fc56c8,0x00000000b6f00000)
Event: 5.501 GC heap after
Heap after GC invocations=6 (full 0):
 PSYoungGen      total 70144K, used 7657K [0x00000000eaa80000, 0x00000000ef980000, 0x0000000100000000)
  eden space 62464K, 0% used [0x00000000eaa80000,0x00000000eaa80000,0x00000000ee780000)
  from space 7680K, 99% used [0x00000000ef000000,0x00000000ef77a4a8,0x00000000ef780000)
  to   space 8704K, 0% used [0x00000000ee780000,0x00000000ee780000,0x00000000ef000000)
 ParOldGen       total 41472K, used 15273K [0x00000000c0000000, 0x00000000c2880000, 0x00000000eaa80000)
  object space 41472K, 36% used [0x00000000c0000000,0x00000000c0eea658,0x00000000c2880000)
 PSPermGen       total 21504K, used 5909K [0x00000000b5a00000, 0x00000000b6f00000, 0x00000000c0000000)
  object space 21504K, 27% used [0x00000000b5a00000,0x00000000b5fc56c8,0x00000000b6f00000)
}
Event: 6.332 GC heap before
{Heap before GC invocations=7 (full 0):
 PSYoungGen      total 70144K, used 70121K [0x00000000eaa80000, 0x00000000ef980000, 0x0000000100000000)
  eden space 62464K, 100% used [0x00000000eaa80000,0x00000000ee780000,0x00000000ee780000)
  from space 7680K, 99% used [0x00000000ef000000,0x00000000ef77a4a8,0x00000000ef780000)
  to   space 8704K, 0% used [0x00000000ee780000,0x00000000ee780000,0x00000000ef000000)
 ParOldGen       total 41472K, used 15273K [0x00000000c0000000, 0x00000000c2880000, 0x00000000eaa80000)
  object space 41472K, 36% used [0x00000000c0000000,0x00000000c0eea658,0x00000000c2880000)
 PSPermGen       total 21504K, used 5958K [0x00000000b5a00000, 0x00000000b6f00000, 0x00000000c0000000)
  object space 21504K, 27% used [0x00000000b5a00000,0x00000000b5fd1ab0,0x00000000b6f00000)

Deoptimization events (10 events):
Event: 4.889 Thread 0x00007ff99400a800 Uncommon trap: reason=unstable_if action=reinterpret pc=0x00007ff991144ec8 method=com.android.dx.cf.code.LocalVariableList$Item.matchesPcAndIndex(II)Z @ 13
Event: 4.891 Thread 0x00007ff99400a800 Uncommon trap: reason=unstable_if action=reinterpret pc=0x00007ff9911206dc method=com.android.dx.cf.code.LocalVariableList$Item.matchesPcAndIndex(II)Z @ 13
Event: 4.920 Thread 0x00007ff99400a800 Uncommon trap: reason=unstable_if action=reinterpret pc=0x00007ff99118b844 method=com.android.dx.ssa.back.FirstFitLocalCombiningAllocator.findNextUnreservedRopReg(IILcom/android/dx/ssa/back/FirstFitLocalCombiningAllocator$Alignment;)I @ 32
Event: 5.087 Thread 0x00007ff99400a800 Uncommon trap: reason=unstable_if action=reinterpret pc=0x00007ff99110180c method=com.android.dx.cf.code.Ropper.processBlock(Lcom/android/dx/cf/code/ByteBlock;Lcom/android/dx/cf/code/Frame;[I)V @ 413
Event: 5.114 Thread 0x00007ff99400a800 Uncommon trap: reason=unstable_if action=reinterpret pc=0x00007ff991122e94 method=com.android.dx.dex.code.RopTranslator.pickOrder()V @ 130
Event: 5.448 Thread 0x00007ff99400a800 Uncommon trap: reason=bimorphic action=maybe_recompile pc=0x00007ff9911df3d4 method=com.android.dx.cf.code.BytecodeArray.parseInstruction(ILcom/android/dx/cf/code/BytecodeArray$Visitor;)I @ 2484
Event: 5.449 Thread 0x00007ff99400a800 Uncommon trap: reason=bimorphic action=maybe_recompile pc=0x00007ff9911df3d4 method=com.android.dx.cf.code.BytecodeArray.parseInstruction(ILcom/android/dx/cf/code/BytecodeArray$Visitor;)I @ 2484
Event: 5.755 Thread 0x00007ff99400a800 Uncommon trap: reason=null_check action=make_not_entrant pc=0x00007ff9911f9b5c method=com.android.dx.dex.file.MethodIdsSection.intern(Lcom/android/dx/rop/cst/CstBaseMethodRef;)Lcom/android/dx/dex/file/MethodIdItem; @ 26
Event: 5.962 Thread 0x00007ff99400a800 Uncommon trap: reason=unstable_if action=reinterpret pc=0x00007ff99116a178 method=com.android.dx.ssa.LiteralOpUpgrader$1.visitNonMoveInsn(Lcom/android/dx/ssa/NormalSsaInsn;)V @ 55
Event: 6.268 Thread 0x00007ff99400a800 Uncommon trap: reason=unstable_if action=reinterpret pc=0x00007ff9911b5764 method=com.android.dx.cf.code.RopperMachine.run(Lcom/android/dx/cf/code/Frame;II)V @ 1500

Internal exceptions (10 events):
Event: 2.498 Thread 0x00007ff99400a800 Threw 0x00000000eb75e9a0 at /build/openjdk-7-zaTxYK/openjdk-7-7u91-2.6.3/build/openjdk/hotspot/src/share/vm/prims/jvm.cpp:1322
Event: 2.528 Thread 0x00007ff99400a800 Threw 0x00000000eb7d5338 at /build/openjdk-7-zaTxYK/openjdk-7-7u91-2.6.3/build/openjdk/hotspot/src/share/vm/prims/jvm.cpp:1322
Event: 2.565 Thread 0x00007ff99400a800 Threw 0x00000000eb880ea8 at /build/openjdk-7-zaTxYK/openjdk-7-7u91-2.6.3/build/openjdk/hotspot/src/share/vm/prims/jvm.cpp:1322
Event: 2.838 Thread 0x00007ff99400a800 Threw 0x00000000eaf501d0 at /build/openjdk-7-zaTxYK/openjdk-7-7u91-2.6.3/build/openjdk/hotspot/src/share/vm/prims/jvm.cpp:1322
Event: 3.086 Thread 0x00007ff99400a800 Implicit null exception at 0x00007ff991083160 to 0x00007ff991083559
Event: 3.153 Thread 0x00007ff99400a800 Implicit null exception at 0x00007ff9910c1f4b to 0x00007ff9910c3315
Event: 3.159 Thread 0x00007ff99400a800 Threw 0x00000000eb6d4090 at /build/openjdk-7-zaTxYK/openjdk-7-7u91-2.6.3/build/openjdk/hotspot/src/share/vm/prims/jvm.cpp:1322
Event: 3.463 Thread 0x00007ff99400a800 Implicit null exception at 0x00007ff9910eacd3 to 0x00007ff9910eb3b5
Event: 4.628 Thread 0x00007ff99400a800 Threw 0x00000000eb963008 at /build/openjdk-7-zaTxYK/openjdk-7-7u91-2.6.3/build/openjdk/hotspot/src/share/vm/prims/jvm.cpp:1322
Event: 5.962 Thread 0x00007ff99400a800 Threw 0x00000000ec350e68 at /build/openjdk-7-zaTxYK/openjdk-7-7u91-2.6.3/build/openjdk/hotspot/src/share/vm/prims/jvm.cpp:1322

Events (10 events):
Event: 5.755 Thread 0x00007ff99400a800 DEOPT UNPACKING pc=0x00007ff991039445 sp=0x00007ff99db761b8 mode 2
Event: 5.962 Thread 0x00007ff99400a800 Uncommon trap: trap_request=0xffffff75 fr.pc=0x00007ff99116a178
Event: 5.962 Thread 0x00007ff99400a800 DEOPT PACKING pc=0x00007ff99116a178 sp=0x00007ff99db75e10
Event: 5.962 Thread 0x00007ff99400a800 DEOPT UNPACKING pc=0x00007ff991039445 sp=0x00007ff99db75dd0 mode 2
Event: 5.962 loading class 0x00007ff9941e6ae0
Event: 5.962 loading class 0x00007ff9941e6ae0 done
Event: 6.268 Thread 0x00007ff99400a800 Uncommon trap: trap_request=0xffffff75 fr.pc=0x00007ff9911b5764
Event: 6.268 Thread 0x00007ff99400a800 DEOPT PACKING pc=0x00007ff9911b5764 sp=0x00007ff99db75cf0
Event: 6.268 Thread 0x00007ff99400a800 DEOPT UNPACKING pc=0x00007ff991039445 sp=0x00007ff99db75c88 mode 2
Event: 6.332 Executing VM operation: ParallelGCFailedAllocation


Dynamic libraries:
00400000-00401000 r-xp 00000000 08:06 2890602                            /usr/lib/jvm/java-7-openjdk-amd64/jre/bin/java
00600000-00601000 r--p 00000000 08:06 2890602                            /usr/lib/jvm/java-7-openjdk-amd64/jre/bin/java
00601000-00602000 rw-p 00001000 08:06 2890602                            /usr/lib/jvm/java-7-openjdk-amd64/jre/bin/java
018a7000-018c8000 rw-p 00000000 00:00 0                                  [heap]
b5a00000-b6f00000 rw-p 00000000 00:00 0 
b6f00000-c0000000 rw-p 00000000 00:00 0 
c0000000-c2880000 rw-p 00000000 00:00 0 
c2880000-eaa80000 rw-p 00000000 00:00 0 
eaa80000-ef980000 rw-p 00000000 00:00 0 
f3f80000-100000000 rw-p 00000000 00:00 0 
7ff958000000-7ff958021000 rw-p 00000000 00:00 0 
7ff958021000-7ff95c000000 ---p 00000000 00:00 0 
7ff95c000000-7ff95c021000 rw-p 00000000 00:00 0 
7ff95c021000-7ff960000000 ---p 00000000 00:00 0 
7ff960000000-7ff960e0c000 rw-p 00000000 00:00 0 
7ff960e0c000-7ff964000000 ---p 00000000 00:00 0 
7ff964000000-7ff964ee1000 rw-p 00000000 00:00 0 
7ff964ee1000-7ff968000000 ---p 00000000 00:00 0 
7ff968000000-7ff968021000 rw-p 00000000 00:00 0 
7ff968021000-7ff96c000000 ---p 00000000 00:00 0 
7ff96c000000-7ff96c021000 rw-p 00000000 00:00 0 
7ff96c021000-7ff970000000 ---p 00000000 00:00 0 
7ff970000000-7ff970242000 rw-p 00000000 00:00 0 
7ff970242000-7ff974000000 ---p 00000000 00:00 0 
7ff974000000-7ff974021000 rw-p 00000000 00:00 0 
7ff974021000-7ff978000000 ---p 00000000 00:00 0 
7ff978000000-7ff978021000 rw-p 00000000 00:00 0 
7ff978021000-7ff97c000000 ---p 00000000 00:00 0 
7ff97c000000-7ff97c021000 rw-p 00000000 00:00 0 
7ff97c021000-7ff980000000 ---p 00000000 00:00 0 
7ff980000000-7ff980021000 rw-p 00000000 00:00 0 
7ff980021000-7ff984000000 ---p 00000000 00:00 0 
7ff988000000-7ff988021000 rw-p 00000000 00:00 0 
7ff988021000-7ff98c000000 ---p 00000000 00:00 0 
7ff98cc70000-7ff98ccad000 r-xp 00000000 08:06 1179826                    /lib/x86_64-linux-gnu/libpcre.so.3.13.1
7ff98ccad000-7ff98ceac000 ---p 0003d000 08:06 1179826                    /lib/x86_64-linux-gnu/libpcre.so.3.13.1
7ff98ceac000-7ff98cead000 r--p 0003c000 08:06 1179826                    /lib/x86_64-linux-gnu/libpcre.so.3.13.1
7ff98cead000-7ff98ceae000 rw-p 0003d000 08:06 1179826                    /lib/x86_64-linux-gnu/libpcre.so.3.13.1
7ff98ceae000-7ff98ceb5000 r-xp 00000000 08:06 2884001                    /usr/lib/x86_64-linux-gnu/libffi.so.6.0.1
7ff98ceb5000-7ff98d0b4000 ---p 00007000 08:06 2884001                    /usr/lib/x86_64-linux-gnu/libffi.so.6.0.1
7ff98d0b4000-7ff98d0b5000 r--p 00006000 08:06 2884001                    /usr/lib/x86_64-linux-gnu/libffi.so.6.0.1
7ff98d0b5000-7ff98d0b6000 rw-p 00007000 08:06 2884001                    /usr/lib/x86_64-linux-gnu/libffi.so.6.0.1
7ff98d0b6000-7ff98d0cd000 r-xp 00000000 08:06 1179653                    /lib/x86_64-linux-gnu/libresolv-2.19.so
7ff98d0cd000-7ff98d2cd000 ---p 00017000 08:06 1179653                    /lib/x86_64-linux-gnu/libresolv-2.19.so
7ff98d2cd000-7ff98d2ce000 r--p 00017000 08:06 1179653                    /lib/x86_64-linux-gnu/libresolv-2.19.so
7ff98d2ce000-7ff98d2cf000 rw-p 00018000 08:06 1179653                    /lib/x86_64-linux-gnu/libresolv-2.19.so
7ff98d2cf000-7ff98d2d1000 rw-p 00000000 00:00 0 
7ff98d2d1000-7ff98d2f1000 r-xp 00000000 08:06 1183892                    /lib/x86_64-linux-gnu/libselinux.so.1
7ff98d2f1000-7ff98d4f0000 ---p 00020000 08:06 1183892                    /lib/x86_64-linux-gnu/libselinux.so.1
7ff98d4f0000-7ff98d4f1000 r--p 0001f000 08:06 1183892                    /lib/x86_64-linux-gnu/libselinux.so.1
7ff98d4f1000-7ff98d4f2000 rw-p 00020000 08:06 1183892                    /lib/x86_64-linux-gnu/libselinux.so.1
7ff98d4f2000-7ff98d4f4000 rw-p 00000000 00:00 0 
7ff98d4f4000-7ff98d4f7000 r-xp 00000000 08:06 2893132                    /usr/lib/x86_64-linux-gnu/libgmodule-2.0.so.0.4002.0
7ff98d4f7000-7ff98d6f6000 ---p 00003000 08:06 2893132                    /usr/lib/x86_64-linux-gnu/libgmodule-2.0.so.0.4002.0
7ff98d6f6000-7ff98d6f7000 r--p 00002000 08:06 2893132                    /usr/lib/x86_64-linux-gnu/libgmodule-2.0.so.0.4002.0
7ff98d6f7000-7ff98d6f8000 rw-p 00003000 08:06 2893132                    /usr/lib/x86_64-linux-gnu/libgmodule-2.0.so.0.4002.0
7ff98d6f8000-7ff98d7fe000 r-xp 00000000 08:06 1183793                    /lib/x86_64-linux-gnu/libglib-2.0.so.0.4002.0
7ff98d7fe000-7ff98d9fd000 ---p 00106000 08:06 1183793                    /lib/x86_64-linux-gnu/libglib-2.0.so.0.4002.0
7ff98d9fd000-7ff98d9fe000 r--p 00105000 08:06 1183793                    /lib/x86_64-linux-gnu/libglib-2.0.so.0.4002.0
7ff98d9fe000-7ff98d9ff000 rw-p 00106000 08:06 1183793                    /lib/x86_64-linux-gnu/libglib-2.0.so.0.4002.0
7ff98d9ff000-7ff98da00000 rw-p 00000000 00:00 0 
7ff98da00000-7ff98da4f000 r-xp 00000000 08:06 2893148                    /usr/lib/x86_64-linux-gnu/libgobject-2.0.so.0.4002.0
7ff98da4f000-7ff98dc4f000 ---p 0004f000 08:06 2893148                    /usr/lib/x86_64-linux-gnu/libgobject-2.0.so.0.4002.0
7ff98dc4f000-7ff98dc50000 r--p 0004f000 08:06 2893148                    /usr/lib/x86_64-linux-gnu/libgobject-2.0.so.0.4002.0
7ff98dc50000-7ff98dc51000 rw-p 00050000 08:06 2893148                    /usr/lib/x86_64-linux-gnu/libgobject-2.0.so.0.4002.0
7ff98dc51000-7ff98ddbd000 r-xp 00000000 08:06 2893120                    /usr/lib/x86_64-linux-gnu/libgio-2.0.so.0.4002.0
7ff98ddbd000-7ff98dfbc000 ---p 0016c000 08:06 2893120                    /usr/lib/x86_64-linux-gnu/libgio-2.0.so.0.4002.0
7ff98dfbc000-7ff98dfc0000 r--p 0016b000 08:06 2893120                    /usr/lib/x86_64-linux-gnu/libgio-2.0.so.0.4002.0
7ff98dfc0000-7ff98dfc2000 rw-p 0016f000 08:06 2893120                    /usr/lib/x86_64-linux-gnu/libgio-2.0.so.0.4002.0
7ff98dfc2000-7ff98dfc4000 rw-p 00000000 00:00 0 
7ff98dfc4000-7ff98dfdb000 r-xp 00000000 08:06 2890768                    /usr/lib/jvm/java-7-openjdk-amd64/jre/lib/amd64/libnet.so
7ff98dfdb000-7ff98e1da000 ---p 00017000 08:06 2890768                    /usr/lib/jvm/java-7-openjdk-amd64/jre/lib/amd64/libnet.so
7ff98e1da000-7ff98e1db000 r--p 00016000 08:06 2890768                    /usr/lib/jvm/java-7-openjdk-amd64/jre/lib/amd64/libnet.so
7ff98e1db000-7ff98e1dc000 rw-p 00017000 08:06 2890768                    /usr/lib/jvm/java-7-openjdk-amd64/jre/lib/amd64/libnet.so
7ff98e1dc000-7ff98e1ec000 r-xp 00000000 08:06 2890738                    /usr/lib/jvm/java-7-openjdk-amd64/jre/lib/amd64/libnio.so
7ff98e1ec000-7ff98e3ec000 ---p 00010000 08:06 2890738                    /usr/lib/jvm/java-7-openjdk-amd64/jre/lib/amd64/libnio.so
7ff98e3ec000-7ff98e3ed000 r--p 00010000 08:06 2890738                    /usr/lib/jvm/java-7-openjdk-amd64/jre/lib/amd64/libnio.so
7ff98e3ed000-7ff98e3ee000 rw-p 00011000 08:06 2890738                    /usr/lib/jvm/java-7-openjdk-amd64/jre/lib/amd64/libnio.so
7ff98e3ee000-7ff98ead0000 r--p 00000000 08:06 2891586                    /usr/lib/locale/locale-archive
7ff98ead0000-7ff991000000 rw-p 00000000 00:00 0 
7ff991000000-7ff991270000 rwxp 00000000 00:00 0 
7ff991270000-7ff99423f000 rw-p 00000000 00:00 0 
7ff99423f000-7ff998000000 ---p 00000000 00:00 0 
7ff9980ce000-7ff9980ff000 rw-p 00000000 00:00 0 
7ff998116000-7ff998197000 r--s 005c4000 08:06 3159787                    /home/sam/AndroidStudioProjects/super-2016/BlutoothSocketReceiver/app/build/intermediates/multi-dex/debug/allclasses.jar
7ff998197000-7ff9981a6000 r--s 000dd000 08:06 2230896                    /home/sam/Android/Sdk/build-tools/21.1.2/lib/dx.jar
7ff9981a6000-7ff9981a7000 ---p 00000000 00:00 0 
7ff9981a7000-7ff9982a7000 rw-p 00000000 00:00 0                          [stack:6519]
7ff9982a7000-7ff9982aa000 ---p 00000000 00:00 0 
7ff9982aa000-7ff9983a8000 rw-p 00000000 00:00 0                          [stack:6518]
7ff9983a8000-7ff9983ab000 ---p 00000000 00:00 0 
7ff9983ab000-7ff9984a9000 rw-p 00000000 00:00 0                          [stack:6517]
7ff9984a9000-7ff9984ac000 ---p 00000000 00:00 0 
7ff9984ac000-7ff9985aa000 rw-p 00000000 00:00 0                          [stack:6516]
7ff9985aa000-7ff9985ad000 ---p 00000000 00:00 0 
7ff9985ad000-7ff9986ab000 rw-p 00000000 00:00 0                          [stack:6515]
7ff9986ab000-7ff9986ae000 ---p 00000000 00:00 0 
7ff9986ae000-7ff9987ac000 rw-p 00000000 00:00 0                          [stack:6514]
7ff9987ac000-7ff9987af000 ---p 00000000 00:00 0 
7ff9987af000-7ff9988ad000 rw-p 00000000 00:00 0                          [stack:6513]
7ff9988ad000-7ff9988ae000 ---p 00000000 00:00 0 
7ff9988ae000-7ff9999ab000 rw-p 00000000 00:00 0                          [stack:6512]
7ff9999ab000-7ff999b5d000 r--s 01d2e000 08:06 2890732                    /usr/lib/jvm/java-7-openjdk-amd64/jre/lib/rt.jar
7ff999b5d000-7ff999ea9000 rw-p 00000000 00:00 0 
7ff999ea9000-7ff999eaa000 ---p 00000000 00:00 0 
7ff999eaa000-7ff999faa000 rw-p 00000000 00:00 0                          [stack:6511]
7ff999faa000-7ff999fab000 ---p 00000000 00:00 0 
7ff999fab000-7ff99a0ab000 rw-p 00000000 00:00 0                          [stack:6510]
7ff99a0ab000-7ff99a0ac000 ---p 00000000 00:00 0 
7ff99a0ac000-7ff99a1ac000 rw-p 00000000 00:00 0                          [stack:6509]
7ff99a1ac000-7ff99a1ad000 ---p 00000000 00:00 0 
7ff99a1ad000-7ff99a2b8000 rw-p 00000000 00:00 0                          [stack:6508]
7ff99a2b8000-7ff99a300000 rw-p 00000000 00:00 0 
7ff99a300000-7ff99a315000 rw-p 00000000 00:00 0 
7ff99a315000-7ff99a456000 rw-p 00000000 00:00 0 
7ff99a456000-7ff99a461000 rw-p 00000000 00:00 0 
7ff99a461000-7ff99a4a9000 rw-p 00000000 00:00 0 
7ff99a4a9000-7ff99a4be000 rw-p 00000000 00:00 0 
7ff99a4be000-7ff99a5fe000 rw-p 00000000 00:00 0 
7ff99a5fe000-7ff99a626000 rw-p 00000000 00:00 0 
7ff99a626000-7ff99a6a9000 rw-p 00000000 00:00 0 
7ff99a6a9000-7ff99a6aa000 rw-p 00000000 00:00 0 
7ff99a6aa000-7ff99a6b2000 r-xp 00000000 08:06 2890742                    /usr/lib/jvm/java-7-openjdk-amd64/jre/lib/amd64/libzip.so
7ff99a6b2000-7ff99a8b1000 ---p 00008000 08:06 2890742                    /usr/lib/jvm/java-7-openjdk-amd64/jre/lib/amd64/libzip.so
7ff99a8b1000-7ff99a8b2000 r--p 00007000 08:06 2890742                    /usr/lib/jvm/java-7-openjdk-amd64/jre/lib/amd64/libzip.so
7ff99a8b2000-7ff99a8b3000 rw-p 00008000 08:06 2890742                    /usr/lib/jvm/java-7-openjdk-amd64/jre/lib/amd64/libzip.so
7ff99a8b3000-7ff99a8be000 r-xp 00000000 08:06 1179667                    /lib/x86_64-linux-gnu/libnss_files-2.19.so
7ff99a8be000-7ff99aabd000 ---p 0000b000 08:06 1179667                    /lib/x86_64-linux-gnu/libnss_files-2.19.so
7ff99aabd000-7ff99aabe000 r--p 0000a000 08:06 1179667                    /lib/x86_64-linux-gnu/libnss_files-2.19.so
7ff99aabe000-7ff99aabf000 rw-p 0000b000 08:06 1179667                    /lib/x86_64-linux-gnu/libnss_files-2.19.so
7ff99aabf000-7ff99aaca000 r-xp 00000000 08:06 1183692                    /lib/x86_64-linux-gnu/libnss_nis-2.19.so
7ff99aaca000-7ff99acc9000 ---p 0000b000 08:06 1183692                    /lib/x86_64-linux-gnu/libnss_nis-2.19.so
7ff99acc9000-7ff99acca000 r--p 0000a000 08:06 1183692                    /lib/x86_64-linux-gnu/libnss_nis-2.19.so
7ff99acca000-7ff99accb000 rw-p 0000b000 08:06 1183692                    /lib/x86_64-linux-gnu/libnss_nis-2.19.so
7ff99accb000-7ff99ace2000 r-xp 00000000 08:06 1179742                    /lib/x86_64-linux-gnu/libnsl-2.19.so
7ff99ace2000-7ff99aee1000 ---p 00017000 08:06 1179742                    /lib/x86_64-linux-gnu/libnsl-2.19.so
7ff99aee1000-7ff99aee2000 r--p 00016000 08:06 1179742                    /lib/x86_64-linux-gnu/libnsl-2.19.so
7ff99aee2000-7ff99aee3000 rw-p 00017000 08:06 1179742                    /lib/x86_64-linux-gnu/libnsl-2.19.so
7ff99aee3000-7ff99aee5000 rw-p 00000000 00:00 0 
7ff99aee5000-7ff99aeee000 r-xp 00000000 08:06 1179741                    /lib/x86_64-linux-gnu/libnss_compat-2.19.so
7ff99aeee000-7ff99b0ed000 ---p 00009000 08:06 1179741                    /lib/x86_64-linux-gnu/libnss_compat-2.19.so
7ff99b0ed000-7ff99b0ee000 r--p 00008000 08:06 1179741                    /lib/x86_64-linux-gnu/libnss_compat-2.19.so
7ff99b0ee000-7ff99b0ef000 rw-p 00009000 08:06 1179741                    /lib/x86_64-linux-gnu/libnss_compat-2.19.so
7ff99b0ef000-7ff99b11a000 r-xp 00000000 08:06 2890750                    /usr/lib/jvm/java-7-openjdk-amd64/jre/lib/amd64/libjava.so
7ff99b11a000-7ff99b31a000 ---p 0002b000 08:06 2890750                    /usr/lib/jvm/java-7-openjdk-amd64/jre/lib/amd64/libjava.so
7ff99b31a000-7ff99b31b000 r--p 0002b000 08:06 2890750                    /usr/lib/jvm/java-7-openjdk-amd64/jre/lib/amd64/libjava.so
7ff99b31b000-7ff99b31d000 rw-p 0002c000 08:06 2890750                    /usr/lib/jvm/java-7-openjdk-amd64/jre/lib/amd64/libjava.so
7ff99b31d000-7ff99b32d000 r-xp 00000000 08:06 2890764                    /usr/lib/jvm/java-7-openjdk-amd64/jre/lib/amd64/libverify.so
7ff99b32d000-7ff99b52c000 ---p 00010000 08:06 2890764                    /usr/lib/jvm/java-7-openjdk-amd64/jre/lib/amd64/libverify.so
7ff99b52c000-7ff99b52e000 r--p 0000f000 08:06 2890764                    /usr/lib/jvm/java-7-openjdk-amd64/jre/lib/amd64/libverify.so
7ff99b52e000-7ff99b52f000 rw-p 00011000 08:06 2890764                    /usr/lib/jvm/java-7-openjdk-amd64/jre/lib/amd64/libverify.so
7ff99b52f000-7ff99b536000 r-xp 00000000 08:06 1179750                    /lib/x86_64-linux-gnu/librt-2.19.so
7ff99b536000-7ff99b735000 ---p 00007000 08:06 1179750                    /lib/x86_64-linux-gnu/librt-2.19.so
7ff99b735000-7ff99b736000 r--p 00006000 08:06 1179750                    /lib/x86_64-linux-gnu/librt-2.19.so
7ff99b736000-7ff99b737000 rw-p 00007000 08:06 1179750                    /lib/x86_64-linux-gnu/librt-2.19.so
7ff99b737000-7ff99b74d000 r-xp 00000000 08:06 1183789                    /lib/x86_64-linux-gnu/libgcc_s.so.1
7ff99b74d000-7ff99b94c000 ---p 00016000 08:06 1183789                    /lib/x86_64-linux-gnu/libgcc_s.so.1
7ff99b94c000-7ff99b94d000 rw-p 00015000 08:06 1183789                    /lib/x86_64-linux-gnu/libgcc_s.so.1
7ff99b94d000-7ff99ba52000 r-xp 00000000 08:06 1179663                    /lib/x86_64-linux-gnu/libm-2.19.so
7ff99ba52000-7ff99bc51000 ---p 00105000 08:06 1179663                    /lib/x86_64-linux-gnu/libm-2.19.so
7ff99bc51000-7ff99bc52000 r--p 00104000 08:06 1179663                    /lib/x86_64-linux-gnu/libm-2.19.so
7ff99bc52000-7ff99bc53000 rw-p 00105000 08:06 1179663                    /lib/x86_64-linux-gnu/libm-2.19.so
7ff99bc53000-7ff99bd39000 r-xp 00000000 08:06 2883695                    /usr/lib/x86_64-linux-gnu/libstdc++.so.6.0.19
7ff99bd39000-7ff99bf38000 ---p 000e6000 08:06 2883695                    /usr/lib/x86_64-linux-gnu/libstdc++.so.6.0.19
7ff99bf38000-7ff99bf40000 r--p 000e5000 08:06 2883695                    /usr/lib/x86_64-linux-gnu/libstdc++.so.6.0.19
7ff99bf40000-7ff99bf42000 rw-p 000ed000 08:06 2883695                    /usr/lib/x86_64-linux-gnu/libstdc++.so.6.0.19
7ff99bf42000-7ff99bf57000 rw-p 00000000 00:00 0 
7ff99bf57000-7ff99ca7b000 r-xp 00000000 08:06 2890756                    /usr/lib/jvm/java-7-openjdk-amd64/jre/lib/amd64/server/libjvm.so
7ff99ca7b000-7ff99cc7b000 ---p 00b24000 08:06 2890756                    /usr/lib/jvm/java-7-openjdk-amd64/jre/lib/amd64/server/libjvm.so
7ff99cc7b000-7ff99cd15000 r--p 00b24000 08:06 2890756                    /usr/lib/jvm/java-7-openjdk-amd64/jre/lib/amd64/server/libjvm.so
7ff99cd15000-7ff99cd38000 rw-p 00bbe000 08:06 2890756                    /usr/lib/jvm/java-7-openjdk-amd64/jre/lib/amd64/server/libjvm.so
7ff99cd38000-7ff99cd66000 rw-p 00000000 00:00 0 
7ff99cd66000-7ff99cd7e000 r-xp 00000000 08:06 1183925                    /lib/x86_64-linux-gnu/libz.so.1.2.8
7ff99cd7e000-7ff99cf7d000 ---p 00018000 08:06 1183925                    /lib/x86_64-linux-gnu/libz.so.1.2.8
7ff99cf7d000-7ff99cf7e000 r--p 00017000 08:06 1183925                    /lib/x86_64-linux-gnu/libz.so.1.2.8
7ff99cf7e000-7ff99cf7f000 rw-p 00018000 08:06 1183925                    /lib/x86_64-linux-gnu/libz.so.1.2.8
7ff99cf7f000-7ff99cf98000 r-xp 00000000 08:06 1179748                    /lib/x86_64-linux-gnu/libpthread-2.19.so
7ff99cf98000-7ff99d197000 ---p 00019000 08:06 1179748                    /lib/x86_64-linux-gnu/libpthread-2.19.so
7ff99d197000-7ff99d198000 r--p 00018000 08:06 1179748                    /lib/x86_64-linux-gnu/libpthread-2.19.so
7ff99d198000-7ff99d199000 rw-p 00019000 08:06 1179748                    /lib/x86_64-linux-gnu/libpthread-2.19.so
7ff99d199000-7ff99d19d000 rw-p 00000000 00:00 0 
7ff99d19d000-7ff99d1a0000 r-xp 00000000 08:06 1179678                    /lib/x86_64-linux-gnu/libdl-2.19.so
7ff99d1a0000-7ff99d39f000 ---p 00003000 08:06 1179678                    /lib/x86_64-linux-gnu/libdl-2.19.so
7ff99d39f000-7ff99d3a0000 r--p 00002000 08:06 1179678                    /lib/x86_64-linux-gnu/libdl-2.19.so
7ff99d3a0000-7ff99d3a1000 rw-p 00003000 08:06 1179678                    /lib/x86_64-linux-gnu/libdl-2.19.so
7ff99d3a1000-7ff99d55c000 r-xp 00000000 08:06 1179747                    /lib/x86_64-linux-gnu/libc-2.19.so
7ff99d55c000-7ff99d75b000 ---p 001bb000 08:06 1179747                    /lib/x86_64-linux-gnu/libc-2.19.so
7ff99d75b000-7ff99d75f000 r--p 001ba000 08:06 1179747                    /lib/x86_64-linux-gnu/libc-2.19.so
7ff99d75f000-7ff99d761000 rw-p 001be000 08:06 1179747                    /lib/x86_64-linux-gnu/libc-2.19.so
7ff99d761000-7ff99d766000 rw-p 00000000 00:00 0 
7ff99d766000-7ff99d773000 r-xp 00000000 08:06 2890765                    /usr/lib/jvm/java-7-openjdk-amd64/jre/lib/amd64/jli/libjli.so
7ff99d773000-7ff99d972000 ---p 0000d000 08:06 2890765                    /usr/lib/jvm/java-7-openjdk-amd64/jre/lib/amd64/jli/libjli.so
7ff99d972000-7ff99d973000 r--p 0000c000 08:06 2890765                    /usr/lib/jvm/java-7-openjdk-amd64/jre/lib/amd64/jli/libjli.so
7ff99d973000-7ff99d974000 rw-p 0000d000 08:06 2890765                    /usr/lib/jvm/java-7-openjdk-amd64/jre/lib/amd64/jli/libjli.so
7ff99d974000-7ff99d997000 r-xp 00000000 08:06 1179744                    /lib/x86_64-linux-gnu/ld-2.19.so
7ff99d997000-7ff99d998000 rw-p 00000000 00:00 0 
7ff99d998000-7ff99d99b000 r--s 0000f000 08:06 2890726                    /usr/lib/jvm/java-7-openjdk-amd64/jre/lib/ext/icedtea-sound.jar
7ff99d99b000-7ff99d99f000 r--s 0003c000 08:06 2890728                    /usr/lib/jvm/java-7-openjdk-amd64/jre/lib/ext/sunpkcs11.jar
7ff99d99f000-7ff99d9c1000 rw-p 00000000 00:00 0 
7ff99d9c1000-7ff99da77000 rw-p 00000000 00:00 0 
7ff99da77000-7ff99da7a000 ---p 00000000 00:00 0 
7ff99da7a000-7ff99db7d000 rw-p 00000000 00:00 0                          [stack:6507]
7ff99db7d000-7ff99db7e000 r--s 00002000 08:06 2890729                    /usr/lib/jvm/java-7-openjdk-amd64/jre/lib/ext/dnsns.jar
7ff99db7e000-7ff99db82000 r--s 00034000 08:06 2890727                    /usr/lib/jvm/java-7-openjdk-amd64/jre/lib/ext/sunjce_provider.jar
7ff99db82000-7ff99db84000 r--s 00006000 08:06 3286086                    /usr/share/java/java-atk-wrapper.jar
7ff99db84000-7ff99db88000 r--s 00085000 08:06 2890725                    /usr/lib/jvm/java-7-openjdk-amd64/jre/lib/ext/localedata.jar
7ff99db88000-7ff99db8a000 r--s 00012000 08:06 2890724                    /usr/lib/jvm/java-7-openjdk-amd64/jre/lib/ext/zipfs.jar
7ff99db8a000-7ff99db92000 rw-s 00000000 08:06 2503803                    /tmp/hsperfdata_sam/6501
7ff99db92000-7ff99db93000 rw-p 00000000 00:00 0 
7ff99db93000-7ff99db94000 ---p 00000000 00:00 0 
7ff99db94000-7ff99db96000 rw-p 00000000 00:00 0 
7ff99db96000-7ff99db97000 r--p 00022000 08:06 1179744                    /lib/x86_64-linux-gnu/ld-2.19.so
7ff99db97000-7ff99db98000 rw-p 00023000 08:06 1179744                    /lib/x86_64-linux-gnu/ld-2.19.so
7ff99db98000-7ff99db99000 rw-p 00000000 00:00 0 
7ffca9c76000-7ffca9c97000 rw-p 00000000 00:00 0                          [stack]
7ffca9d3e000-7ffca9d40000 r-xp 00000000 00:00 0                          [vdso]
7ffca9d40000-7ffca9d42000 r--p 00000000 00:00 0                          [vvar]
ffffffffff600000-ffffffffff601000 r-xp 00000000 00:00 0                  [vsyscall]

VM Arguments:
jvm_args: -Xmx1024M -Dfile.encoding=UTF-8 -Duser.country=US -Duser.language=en -Duser.variant 
java_command: com.android.dx.command.Main --dex --multi-dex --main-dex-list /home/sam/AndroidStudioProjects/super-2016/BlutoothSocketReceiver/app/build/intermediates/multi-dex/debug/maindexlist.txt --output /home/sam/AndroidStudioProjects/super-2016/BlutoothSocketReceiver/app/build/intermediates/dex/debug /home/sam/AndroidStudioProjects/super-2016/BlutoothSocketReceiver/app/build/intermediates/multi-dex/debug/allclasses.jar
Launcher Type: SUN_STANDARD

Environment Variables:
PATH=/usr/local/sbin:/usr/local/bin:/usr/sbin:/usr/bin:/sbin:/bin:/usr/games:/usr/local/games
SHELL=/bin/bash
DISPLAY=:0

Signal Handlers:
SIGSEGV: [libjvm.so+0x9548f0], sa_mask[0]=0x7ffbfeff, sa_flags=0x10000004
SIGBUS: [libjvm.so+0x9548f0], sa_mask[0]=0x7ffbfeff, sa_flags=0x10000004
SIGFPE: [libjvm.so+0x7cb0b0], sa_mask[0]=0x7ffbfeff, sa_flags=0x10000004
SIGPIPE: [libjvm.so+0x7cb0b0], sa_mask[0]=0x7ffbfeff, sa_flags=0x10000004
SIGXFSZ: [libjvm.so+0x7cb0b0], sa_mask[0]=0x7ffbfeff, sa_flags=0x10000004
SIGILL: [libjvm.so+0x7cb0b0], sa_mask[0]=0x7ffbfeff, sa_flags=0x10000004
SIGUSR1: SIG_DFL, sa_mask[0]=0x00000000, sa_flags=0x00000000
SIGUSR2: [libjvm.so+0x7caf50], sa_mask[0]=0x00000004, sa_flags=0x10000004
SIGHUP: [libjvm.so+0x7cb130], sa_mask[0]=0x7ffbfeff, sa_flags=0x10000004
SIGINT: [libjvm.so+0x7cb130], sa_mask[0]=0x7ffbfeff, sa_flags=0x10000004
SIGTERM: [libjvm.so+0x7cb130], sa_mask[0]=0x7ffbfeff, sa_flags=0x10000004
SIGQUIT: [libjvm.so+0x7cb130], sa_mask[0]=0x7ffbfeff, sa_flags=0x10000004
SIGTRAP: SIG_DFL, sa_mask[0]=0x00000000, sa_flags=0x00000000


---------------  S Y S T E M  ---------------

OS:Ubuntu 14.04 (trusty)
uname:Linux 3.16.0-57-generic #77~14.04.1-Ubuntu SMP Thu Dec 17 23:20:00 UTC 2015 x86_64
libc:glibc 2.19 NPTL 2.19 
rlimit: STACK 8192k, CORE 0k, NPROC 15465, NOFILE 4096, AS infinity
load average:4.04 2.78 1.66

/proc/meminfo:
MemTotal:        3980464 kB
MemFree:          114716 kB
MemAvailable:      57712 kB
Buffers:             328 kB
Cached:           303604 kB
SwapCached:            0 kB
Active:          3425120 kB
Inactive:         276680 kB
Active(anon):    3423168 kB
Inactive(anon):   257616 kB
Active(file):       1952 kB
Inactive(file):    19064 kB
Unevictable:          32 kB
Mlocked:              32 kB
SwapTotal:             0 kB
SwapFree:              0 kB
Dirty:               284 kB
Writeback:             0 kB
AnonPages:       3398128 kB
Mapped:            66604 kB
Shmem:            282688 kB
Slab:              66576 kB
SReclaimable:      33904 kB
SUnreclaim:        32672 kB
KernelStack:        9440 kB
PageTables:        34136 kB
NFS_Unstable:          0 kB
Bounce:                0 kB
WritebackTmp:          0 kB
CommitLimit:     1990232 kB
Committed_AS:    6840364 kB
VmallocTotal:   34359738367 kB
VmallocUsed:      545036 kB
VmallocChunk:   34359102116 kB
HardwareCorrupted:     0 kB
AnonHugePages:   1859584 kB
HugePages_Total:       0
HugePages_Free:        0
HugePages_Rsvd:        0
HugePages_Surp:        0
Hugepagesize:       2048 kB
DirectMap4k:       72384 kB
DirectMap2M:     1957888 kB
DirectMap1G:     2097152 kB


CPU:total 4 (2 cores per cpu, 2 threads per core) family 6 model 69 stepping 1, cmov, cx8, fxsr, mmx, sse, sse2, sse3, ssse3, sse4.1, sse4.2, popcnt, avx, avx2, aes, erms, ht, tsc, tscinvbit

/proc/cpuinfo:
processor	: 0
vendor_id	: GenuineIntel
cpu family	: 6
model		: 69
model name	: Intel(R) Core(TM) i3-4030U CPU @ 1.90GHz
stepping	: 1
microcode	: 0x17
cpu MHz		: 1862.074
cache size	: 3072 KB
physical id	: 0
siblings	: 4
core id		: 0
cpu cores	: 2
apicid		: 0
initial apicid	: 0
fpu		: yes
fpu_exception	: yes
cpuid level	: 13
wp		: yes
flags		: fpu vme de pse tsc msr pae mce cx8 apic sep mtrr pge mca cmov pat pse36 clflush dts acpi mmx fxsr sse sse2 ss ht tm pbe syscall nx pdpe1gb rdtscp lm constant_tsc arch_perfmon pebs bts rep_good nopl xtopology nonstop_tsc aperfmperf eagerfpu pni pclmulqdq dtes64 monitor ds_cpl vmx est tm2 ssse3 fma cx16 xtpr pdcm pcid sse4_1 sse4_2 x2apic movbe popcnt tsc_deadline_timer aes xsave avx f16c rdrand lahf_lm abm ida arat epb xsaveopt pln pts dtherm tpr_shadow vnmi flexpriority ept vpid fsgsbase tsc_adjust bmi1 avx2 smep bmi2 erms invpcid
bogomips	: 3791.18
clflush size	: 64
cache_alignment	: 64
address sizes	: 39 bits physical, 48 bits virtual
power management:

processor	: 1
vendor_id	: GenuineIntel
cpu family	: 6
model		: 69
model name	: Intel(R) Core(TM) i3-4030U CPU @ 1.90GHz
stepping	: 1
microcode	: 0x17
cpu MHz		: 1251.179
cache size	: 3072 KB
physical id	: 0
siblings	: 4
core id		: 0
cpu cores	: 2
apicid		: 1
initial apicid	: 1
fpu		: yes
fpu_exception	: yes
cpuid level	: 13
wp		: yes
flags		: fpu vme de pse tsc msr pae mce cx8 apic sep mtrr pge mca cmov pat pse36 clflush dts acpi mmx fxsr sse sse2 ss ht tm pbe syscall nx pdpe1gb rdtscp lm constant_tsc arch_perfmon pebs bts rep_good nopl xtopology nonstop_tsc aperfmperf eagerfpu pni pclmulqdq dtes64 monitor ds_cpl vmx est tm2 ssse3 fma cx16 xtpr pdcm pcid sse4_1 sse4_2 x2apic movbe popcnt tsc_deadline_timer aes xsave avx f16c rdrand lahf_lm abm ida arat epb xsaveopt pln pts dtherm tpr_shadow vnmi flexpriority ept vpid fsgsbase tsc_adjust bmi1 avx2 smep bmi2 erms invpcid
bogomips	: 3791.18
clflush size	: 64
cache_alignment	: 64
address sizes	: 39 bits physical, 48 bits virtual
power management:

processor	: 2
vendor_id	: GenuineIntel
cpu family	: 6
model		: 69
model name	: Intel(R) Core(TM) i3-4030U CPU @ 1.90GHz
stepping	: 1
microcode	: 0x17
cpu MHz		: 1891.613
cache size	: 3072 KB
physical id	: 0
siblings	: 4
core id		: 1
cpu cores	: 2
apicid		: 2
initial apicid	: 2
fpu		: yes
fpu_exception	: yes
cpuid level	: 13
wp		: yes
flags		: fpu vme de pse tsc msr pae mce cx8 apic sep mtrr pge mca cmov pat pse36 clflush dts acpi mmx fxsr sse sse2 ss ht tm pbe syscall nx pdpe1gb rdtscp lm constant_tsc arch_perfmon pebs bts rep_good nopl xtopology nonstop_tsc aperfmperf eagerfpu pni pclmulqdq dtes64 monitor ds_cpl vmx est tm2 ssse3 fma cx16 xtpr pdcm pcid sse4_1 sse4_2 x2apic movbe popcnt tsc_deadline_timer aes xsave avx f16c rdrand lahf_lm abm ida arat epb xsaveopt pln pts dtherm tpr_shadow vnmi flexpriority ept vpid fsgsbase tsc_adjust bmi1 avx2 smep bmi2 erms invpcid
bogomips	: 3791.18
clflush size	: 64
cache_alignment	: 64
address sizes	: 39 bits physical, 48 bits virtual
power management:

processor	: 3
vendor_id	: GenuineIntel
cpu family	: 6
model		: 69
model name	: Intel(R) Core(TM) i3-4030U CPU @ 1.90GHz
stepping	: 1
microcode	: 0x17
cpu MHz		: 1640.382
cache size	: 3072 KB
physical id	: 0
siblings	: 4
core id		: 1
cpu cores	: 2
apicid		: 3
initial apicid	: 3
fpu		: yes
fpu_exception	: yes
cpuid level	: 13
wp		: yes
flags		: fpu vme de pse tsc msr pae mce cx8 apic sep mtrr pge mca cmov pat pse36 clflush dts acpi mmx fxsr sse sse2 ss ht tm pbe syscall nx pdpe1gb rdtscp lm constant_tsc arch_perfmon pebs bts rep_good nopl xtopology nonstop_tsc aperfmperf eagerfpu pni pclmulqdq dtes64 monitor ds_cpl vmx est tm2 ssse3 fma cx16 xtpr pdcm pcid sse4_1 sse4_2 x2apic movbe popcnt tsc_deadline_timer aes xsave avx f16c rdrand lahf_lm abm ida arat epb xsaveopt pln pts dtherm tpr_shadow vnmi flexpriority ept vpid fsgsbase tsc_adjust bmi1 avx2 smep bmi2 erms invpcid
bogomips	: 3791.18
clflush size	: 64
cache_alignment	: 64
address sizes	: 39 bits physical, 48 bits virtual
power management:



Memory: 4k page, physical 3980464k(114716k free), swap 0k(0k free)

vm_info: OpenJDK 64-Bit Server VM (24.91-b01) for linux-amd64 JRE (1.7.0_91-b02), built on Nov 19 2015 06:14:37 by "buildd" with gcc 4.8.2

time: Sat Jul 23 12:08:29 2016
elapsed time: 17 seconds

